018-12-18__20:04:02 0.31 0.30 0.36 8.34 29.8°C normal
2018-12-20__18:58:41 0.19 0.09 0.02 18.05 warning
018-12-20__18:58:47 0.17 0.09 0.02 7.81 warning
018-12-20__18:58:53 0.16 0.09 0.02 1.48 warning
018-12-20__18:58:58 0.15 0.09 0.02 2.92 warning
018-12-20__18:59:04 0.21 0.10 0.02 13.53 warning
018-12-20__18:59:09 0.20 0.10 0.02 2.46 warning
018-12-20__18:59:15 0.17 0.10 0.02 8.14 warning
018-12-20__18:59:21 0.15 0.10 0.02 2.89 warning
018-12-20__18:59:26 0.22 0.11 0.03 .98 warning
018-12-20__18:59:32 0.20 0.11 0.02 9.76 warning
018-12-20__18:59:37 0.19 0.11 0.02 18.19 warning
018-12-20__18:59:43 0.41 0.16 0.04 7.36 warning
018-12-20__18:59:49 0.38 0.15 0.04 2.88 warning
018-12-20__18:59:54 0.35 0.15 0.04 1.96 warning
018-12-20__19:00:00 0.29 0.14 0.04 9.91 warning
018-12-20__19:00:06 0.27 0.14 0.04 5.37 warning
018-12-20__19:00:11 0.25 0.14 0.04 1.46 warning
018-12-20__19:00:17 0.23 0.14 0.04 3.89 warning
018-12-20__19:00:22 0.21 0.13 0.04 2.89 warning
018-12-20__19:00:28 0.19 0.13 0.04 30.20 warning
018-12-20__19:00:34 0.18 0.13 0.04 4.46 warning
018-12-20__19:00:39 0.16 0.13 0.04 2.95 warning
018-12-20__19:00:45 0.15 0.12 0.03 .98 warning
018-12-20__19:00:50 0.13 0.12 0.03 1.95 warning
2018-12-20__19:00:56 0.12 0.12 0.03 2.41 warning
2018-12-20__19:01:02 0.11 0.12 0.03 7.39 warning
2018-12-20__19:01:07 0.10 0.11 0.03 2.93 warning
2018-12-20__19:01:13 0.09 0.11 0.03 1.93 warning
2018-12-20__19:01:19 0.08 0.11 0.03 5.29 warning
2018-12-20__19:01:24 0.08 0.11 0.03 21.66 warning
2018-12-20__19:01:30 0.07 0.11 0.03 1.47 warning
2018-12-20__19:13:02 0.12 0.16 0.09 18.78 warning
2018-12-20__19:23:20 0.14 0.17 0.13 12.20 warning
018-12-20__19:23:26 0.13 0.17 0.13 2.42 warning
018-12-20__19:23:31 0.12 0.17 0.13 .98 warning
018-12-20__19:23:37 0.19 0.18 0.13 1.47 warning
018-12-20__19:23:43 0.33 0.21 0.14 1.95 warning
018-12-20__19:23:48 0.28 0.20 0.14 .98 warning
018-12-20__19:23:54 0.26 0.20 0.14 1.92 warning
018-12-20__19:24:00 0.24 0.20 0.14 1.47 warning
018-12-20__19:24:05 0.22 0.19 0.14 2.41 warning
018-12-20__19:24:11 0.20 0.19 0.14 17.79 warning
018-12-20__19:24:16 0.18 0.19 0.14 2.48 warning
018-12-20__19:24:22 0.17 0.18 0.14 1.46 warning
018-12-20__19:24:28 0.16 0.18 0.13 1.47 warning
018-12-20__19:24:33 0.21 0.19 0.14 2.41 warning
018-12-20__19:24:39 0.20 0.19 0.14 3.85 warning
018-12-20__19:24:45 0.18 0.18 0.14 1.93 warning
018-12-20__19:24:50 0.16 0.18 0.14 3.37 warning
018-12-20__19:24:56 0.23 0.19 0.14 .98 warning
018-12-20__19:25:01 0.29 0.21 0.15 2.46 warning
018-12-20__19:25:07 0.27 0.20 0.14 17.40 warning
018-12-20__19:25:13 0.25 0.20 0.14 3.97 warning
018-12-20__19:25:18 0.21 0.19 0.14 1.47 warning
018-12-20__19:25:24 0.27 0.21 0.15 1.93 warning
018-12-20__19:25:29 0.41 0.24 0.16 1.94 warning
018-12-20__19:25:35 0.46 0.25 0.16 .98 warning
018-12-20__19:25:41 0.42 0.25 0.16 1.95 warning
018-12-20__19:25:46 0.47 0.26 0.17 .99 warning
018-12-20__19:25:52 0.43 0.25 0.16 1.47 warning
018-12-20__19:25:58 0.40 0.25 0.16 2.44 warning
018-12-20__19:26:03 0.33 0.24 0.16 19.61 warning
018-12-20__19:26:09 0.31 0.24 0.16 1.98 warning
018-12-20__19:26:14 0.28 0.23 0.16 3.40 warning
018-12-20__19:26:20 0.26 0.23 0.16 6.77 warning
018-12-20__19:26:26 0.24 0.22 0.16 3.34 warning
018-12-20__19:26:31 0.22 0.22 0.16 3.81 warning
018-12-20__19:26:37 0.20 0.22 0.16 .99 warning
018-12-20__19:26:43 0.18 0.21 0.15 1.95 warning
018-12-20__19:26:48 0.16 0.20 0.15 2.86 warning
018-12-20__19:26:54 0.38 0.25 0.17 9.10 warning
018-12-20__19:26:59 0.35 0.25 0.17 13.57 warning
018-12-20__19:27:05 0.32 0.24 0.17 2.42 warning
018-12-20__19:27:11 0.30 0.24 0.17 3.34 warning
018-12-20__19:27:16 0.27 0.23 0.16 .99 warning
018-12-20__19:27:22 0.25 0.23 0.16 3.35 warning
018-12-18__20:04:02 0.31 0.30 0.36 8.34 29.8°C normal
2018-12-20__19:48:06 0.19 0.33 0.47 6.60 29.8°C normal
2018-12-20__19:48:11 0.17 0.33 0.47 2.54 29.8°C normal
2018-12-20__19:48:17 0.16 0.32 0.47 4.05 29.8°C normal
2018-12-20__19:49:21 0.29 0.35 0.46 8.59 29.8°C normal
2018-12-20__19:52:38 1.38 0.85 0.64 8.55 29.8°C normal
2018-12-20__19:52:44 1.27 0.83 0.63 5.06 29.8°C normal
2018-12-20__19:53:17 0.95 0.80 0.63 9.00 29.8°C normal
2018-12-20__19:53:22 0.88 0.79 0.62 2.58 29.8°C normal
2018-12-20__19:53:28 0.81 0.77 0.62 2.56 29.8°C normal
2018-12-20__19:53:33 1.08 0.83 0.64 2.06 29.8°C normal
2018-12-20__19:54:10 1.07 0.85 0.65 8.21 29.8°C normal
2018-12-20__20:07:56 0.56 0.28 0.19 14.91 warning
2018-12-20__20:08:02 0.52 0.28 0.19 3.95 warning
2018-12-20__20:08:08 0.48 0.27 0.19 1.95 warning
2018-12-20__20:08:13 0.40 0.26 0.19 5.32 warning
2018-12-20__20:08:19 0.53 0.29 0.20 6.44 warning
2018-12-20__20:08:25 0.49 0.29 0.20 2.42 warning
2018-12-20__20:08:30 0.45 0.28 0.20 5.42 warning
2018-1220__20:08:36 0.41 0.28 0.19 2.90 warning
2018-12-20__20:11:36 0.10 0.22 0.18 23.56 warning
018-12-20__20:11:41 0.10 0.22 0.18 1.95 warning
018-12-20__20:11:47 0.09 0.21 0.18 4.93 warning
018-12-20__20:11:52 0.08 0.21 0.18 1.96 warning
018-12-20__20:11:58 0.07 0.20 0.18 7.15 warning
018-12-20__20:12:04 0.06 0.20 0.17 4.74 warning
018-12-20__20:12:09 0.06 0.19 0.17 7.15 warning
018-12-20__20:12:15 0.05 0.19 0.17 5.77 warning
2018-12-20__20:12:21 0.05 0.19 0.17 2.89 warning
018-12-20__20:12:26 0.04 0.18 0.17 23.23 warning
018-12-20__20:12:32 0.04 0.18 0.17 3.95 warning
018-12-20__20:12:37 0.04 0.18 0.17 2.46 warning
018-12-20__20:12:43 0.03 0.17 0.17 8.54 warning
018-12-20__20:12:49 0.11 0.19 0.17 4.35 warning
018-12-20__20:12:54 0.10 0.18 0.17 4.48 warning
018-12-20__20:13:00 0.09 0.18 0.17 3.40 warning
018-12-20__20:13:06 0.08 0.18 0.17 11.43 warning
018-12-20__20:13:11 0.08 0.17 0.17 6.35 warning
018-12-20__20:13:17 0.07 0.17 0.17 5.40 warning
018-12-20__20:13:23 0.06 0.17 0.17 15.46 warning
018-12-20__20:13:28 0.06 0.16 0.16 5.80 warning
018-12-20__20:13:34 0.43 0.24 0.19 4.33 warning
018-12-20__20:13:39 0.40 0.24 0.19 4.86 warning
018-12-20__20:13:45 0.36 0.23 0.19 8.22 warning
018-12-20__20:13:51 0.34 0.23 0.19 5.40 warning
018-12-20__20:13:56 0.31 0.22 0.18 8.58 warning
018-12-20__20:14:02 0.36 0.24 0.19 3.85 warning
018-12-20__20:14:08 0.33 0.23 0.19 4.33 warning
018-12-20__20:14:13 0.47 0.26 0.20 10.45 warning
018-12-20__20:14:19 0.67 0.31 0.21 7.81 warning
018-12-20__20:14:24 0.57 0.30 0.21 4.42 warning
018-12-20__20:14:30 0.60 0.31 0.21 6.20 warning
018-12-20__20:14:36 1.03 0.40 0.25 15.93 warning
018-12-20__20:14:41 1.03 0.41 0.25 4.88 warning
018-12-20__20:14:47 0.95 0.41 0.25 2.42 warning
018-12-20__20:14:52 0.87 0.40 0.25 10.96 warning
018-12-20__20:14:58 0.80 0.39 0.25 7.29 warning
018-12-20__20:15:04 0.74 0.39 0.24 6.47 warning
018-12-20__20:15:09 0.70 0.39 0.25 10.95 warning
018-12-20__20:15:15 0.65 0.38 0.25 5.29 warning
018-12-20__20:15:21 0.68 0.39 0.25 5.29 warning
018-12-20__20:15:26 0.70 0.40 0.25 2.93 warning
018-12-20__20:15:32 0.65 0.40 0.25 2.92 warning
018-12-20__20:15:37 0.59 0.39 0.25 3.87 warning
018-12-20__20:15:43 0.55 0.38 0.25 7.15 warning
018-12-20__20:15:49 0.50 0.38 0.25 2.46 warning
018-12-20__20:15:54 0.42 0.36 0.25 3.42 warning
018-12-20__20:16:00 0.39 0.36 0.24 17.88 warning
018-12-20__20:16:06 0.36 0.35 0.24 7.85 warning
018-12-20__20:16:11 0.33 0.35 0.24 7.29 warning
018-12-20__20:16:17 0.30 0.34 0.24 5.80 warning
018-12-20__20:16:22 0.28 0.33 0.24 8.83 warning
018-12-20__20:16:28 0.26 0.33 0.24 1.97 warning
018-12-20__20:16:34 0.24 0.32 0.24 4.84 warning
018-12-20__20:16:39 0.27 0.33 0.24 4.31 warning
018-12-20__20:16:45 0.25 0.32 0.24 4.29 warning
018-12-20__20:16:51 0.23 0.32 0.24 18.01 warning
018-12-20__20:16:56 0.21 0.31 0.23 13.34 warning
018-12-20__20:17:02 0.52 0.37 0.25 4.96 warning
018-12-20__20:17:07 0.47 0.37 0.25 2.92 warning
018-12-20__20:17:13 0.52 0.38 0.26 3.37 warning
018-12-20__20:17:19 0.47 0.37 0.26 6.32 warning
018-12-20__20:17:24 0.40 0.36 0.25 4.79 warning
018-12-20__20:17:30 0.37 0.35 0.25 7.29 warning
018-12-20__20:17:36 0.34 0.35 0.25 5.40 warning
018-12-20__20:17:41 0.31 0.34 0.25 8.83 warning
018-12-20__20:17:47 0.29 0.33 0.25 10.05 warning
018-12-20__20:17:53 0.26 0.33 0.25 19.05 warning
018-12-20__20:17:58 0.24 0.32 0.24 16.75 warning
018-12-20__20:18:04 0.22 0.32 0.24 8.10 warning
018-12-20__20:18:09 0.19 0.31 0.24 3.87 warning
018-12-20__20:18:15 0.17 0.30 0.24 8.26 warning
018-12-20__20:18:21 0.16 0.30 0.24 9.10 warning
