018-12-18__20:04:02 0.31 0.30 0.36 8.34 29.8°C normal
2018-12-20__18:54:37 0.16 0.21 0.18 19.44 warning
018-12-20__18:57:39 0.25 0.26 0.20 24.43 warning
018-12-20__18:57:45 0.45 0.30 0.22 1.46 warning
018-12-20__18:57:51 0.50 0.31 0.22 1.47 warning
018-12-20__18:57:56 0.46 0.31 0.22 1.94 warning
018-12-20__18:58:02 0.42 0.30 0.22 1.95 warning
018-12-20__18:58:07 0.39 0.29 0.22 .99 warning
018-12-20__18:58:13 0.36 0.29 0.22 5.22 warning
018-12-20__18:58:19 0.33 0.28 0.21 .99 warning
018-12-20__18:58:24 0.30 0.28 0.21 3.87 warning
018-12-20__18:58:30 0.25 0.27 0.21 11.54 warning
018-12-20__18:58:36 0.23 0.27 0.21 15.69 warning
018-12-20__18:58:41 0.21 0.26 0.21 1.46 warning
018-12-20__18:58:47 0.20 0.26 0.21 19.50 warning
018-12-20__18:58:53 0.18 0.25 0.20 2.42 warning
018-12-20__18:58:58 0.17 0.25 0.20 6.80 warning
018-12-20__18:59:04 0.15 0.24 0.20 3.39 warning
018-12-20__18:59:09 0.14 0.24 0.20 1.45 warning
018-12-20__18:59:15 0.34 0.28 0.21 1.98 warning
018-12-20__18:59:21 0.31 0.27 0.21 3.83 warning
018-12-20__18:59:26 0.29 0.27 0.21 16.91 warning
018-12-20__18:59:32 0.26 0.26 0.21 4.81 warning
018-12-20__18:59:37 0.24 0.26 0.21 1.45 warning
018-12-20__18:59:43 0.22 0.26 0.21 11.85 warning
018-12-20__18:59:49 0.20 0.25 0.20 2.89 warning
018-12-20__18:59:54 0.19 0.25 0.20 2.88 warning
018-12-20__19:00:00 0.16 0.24 0.20 2.42 warning
018-12-20__19:00:06 0.15 0.23 0.20 1.94 warning
018-12-20__19:00:11 0.13 0.23 0.20 1.94 warning
018-12-20__19:00:17 0.12 0.23 0.20 7.25 warning
018-12-20__19:00:23 0.11 0.22 0.19 14.71 warning
018-12-20__19:00:28 0.10 0.22 0.19 5.72 warning
018-12-20__19:00:34 0.18 0.23 0.20 2.88 warning
018-12-20__19:00:39 0.16 0.23 0.20 15.28 warning
018-12-20__19:00:45 0.31 0.26 0.21 9.81 warning
018-12-20__19:00:51 0.34 0.27 0.21 2.88 warning
2018-12-20__19:00:56 0.31 0.26 0.21 1.46 warning
2018-12-20__19:01:02 0.28 0.26 0.21 2.42 warning
2018-12-20__19:01:07 0.26 0.25 0.20 6.38 warning
2018-12-20__19:01:13 0.24 0.25 0.20 2.92 warning
2018-12-20__19:01:19 0.22 0.24 0.20 4.42 warning
2018-12-20__19:01:24 0.20 0.24 0.20 1.46 warning
2018-12-20__19:12:54 0.07 0.09 0.13 19.91 warning
018-12-20__19:23:14 0.02 0.05 0.08 17.00 warning
018-12-20__19:23:19 0.02 0.05 0.08 1.46 warning
018-12-20__19:23:25 0.01 0.05 0.08 2.88 warning
018-12-20__19:23:30 0.01 0.05 0.08 2.88 warning
018-12-20__19:23:36 0.17 0.08 0.09 .98 warning
018-12-20__19:23:42 0.16 0.08 0.09 .99 warning
018-12-20__19:23:47 0.14 0.08 0.09 .98 warning
018-12-20__19:23:53 0.12 0.07 0.09 3.85 warning
018-12-20__19:23:59 0.11 0.07 0.09 17.57 warning
018-12-20__19:24:04 0.10 0.07 0.09 17.16 warning
018-12-20__19:24:10 0.09 0.07 0.08 7.22 warning
018-12-20__19:24:15 0.17 0.08 0.09 3.35 warning
018-12-20__19:24:21 0.15 0.08 0.09 1.95 warning
018-12-20__19:24:27 0.14 0.08 0.09 .98 warning
018-12-20__19:24:32 0.13 0.08 0.09 1.94 warning
018-12-20__19:24:38 0.11 0.08 0.09 1.48 warning
018-12-20__19:24:44 0.10 0.07 0.09 .99 warning
2018-12-20__19:24:49 0.09 0.07 0.09 2.43 warning
018-12-20__19:24:55 0.08 0.07 0.09 8.79 warning
018-12-20__19:25:00 0.08 0.07 0.09 6.25 warning
018-12-20__19:25:06 0.07 0.07 0.09 15.39 warning
018-12-20__19:25:12 0.06 0.07 0.08 33.01 warning
018-12-20__19:25:17 0.06 0.07 0.08 1.95 warning
018-12-20__19:25:23 0.05 0.06 0.08 4.72 warning
018-12-20__19:25:29 0.12 0.08 0.09 7.73 warning
018-12-20__19:25:34 0.11 0.08 0.09 1.94 warning
018-12-20__19:25:40 0.10 0.08 0.09 2.92 warning
018-12-20__19:25:45 0.09 0.07 0.09 5.29 warning
018-12-20__19:25:51 0.08 0.07 0.09 10.84 warning
018-12-20__19:25:57 0.16 0.09 0.09 1.48 warning
018-12-20__19:26:02 0.15 0.09 0.09 2.89 warning
018-12-20__19:26:08 0.13 0.08 0.09 2.40 warning
018-12-20__19:26:13 0.11 0.08 0.09 19.81 warning
018-12-20__19:26:19 0.10 0.08 0.09 1.93 warning
018-12-20__19:26:25 0.18 0.10 0.09 .98 warning
018-12-20__19:26:30 0.16 0.09 0.09 1.47 warning
018-12-20__19:26:36 0.15 0.09 0.09 2.88 warning
018-12-20__19:26:42 0.14 0.09 0.09 6.80 warning
018-12-20__19:26:47 0.12 0.09 0.09 6.87 warning
018-12-20__19:26:53 0.11 0.09 0.09 .98 warning
018-12-20__19:26:58 0.10 0.08 0.09 6.80 warning
018-12-20__19:27:04 0.09 0.08 0.09 2.41 warning
018-12-20__19:27:10 0.08 0.08 0.09 12.63 warning
018-12-20__19:27:15 0.07 0.08 0.09 .98 warning
018-12-18__20:04:02 0.31 0.30 0.36 8.34 29.8°C normal
2018-12-20__19:48:06 0.19 0.33 0.47 6.60 29.8°C normal
2018-12-20__19:48:11 0.17 0.33 0.47 2.54 29.8°C normal
2018-12-20__19:48:17 0.16 0.32 0.47 4.05 29.8°C normal
2018-12-20__19:49:21 0.29 0.35 0.46 8.59 29.8°C normal
2018-12-20__19:52:38 1.38 0.85 0.64 8.55 29.8°C normal
2018-12-20__19:52:44 1.27 0.83 0.63 5.06 29.8°C normal
2018-12-20__19:53:17 0.95 0.80 0.63 9.00 29.8°C normal
2018-12-20__19:53:22 0.88 0.79 0.62 2.58 29.8°C normal
2018-12-20__19:53:28 0.81 0.77 0.62 2.56 29.8°C normal
2018-12-20__19:53:33 1.08 0.83 0.64 2.06 29.8°C normal
2018-12-20__19:54:10 1.07 0.85 0.65 8.21 29.8°C normal
2018-12-20__19:59:03 0.29 0.24 0.19 24.51 warning
018-12-20__19:59:09 0.27 0.24 0.19 1.95 warning
018-12-20__19:59:14 0.33 0.25 0.19 2.88 warning
018-12-20__19:59:20 0.30 0.25 0.19 1.46 warning
018-12-20__19:59:26 0.28 0.24 0.19 24.14 warning
018-12-20__19:59:31 0.25 0.24 0.19 3.87 warning
018-12-20__19:59:37 0.23 0.23 0.19 7.22 warning
018-12-20__19:59:42 0.20 0.23 0.18 4.77 warning
018-12-20__19:59:48 0.18 0.22 0.18 5.77 warning
018-12-20__19:59:54 0.17 0.22 0.18 16.02 warning
018-12-20__19:59:59 0.15 0.21 0.18 18.45 warning
018-12-20__20:00:05 0.22 0.23 0.18 4.35 warning
018-12-20__20:00:10 0.44 0.27 0.20 2.90 warning
018-12-20__20:00:16 0.41 0.27 0.20 6.25 warning
018-12-20__20:00:22 0.37 0.26 0.20 5.83 warning
018-12-20__20:06:22 0.23 0.24 0.19 25.91 warning
2018-12-20__20:06:28 0.19 0.23 0.19 14.15 warning
2018-12-20__20:06:34 0.18 0.23 0.19 8.34 warning
2018-12-20__20:06:39 0.16 0.23 0.19 8.79 warning
2018-12-20__20:06:45 0.31 0.26 0.20 9.46 warning
2018-12-20__20:06:50 0.37 0.27 0.20 16.20 warning
2018-12-20__20:06:56 0.34 0.26 0.20 13.95 warning
2018-12-20__20:07:02 0.31 0.26 0.20 12.38 warning
2018-12-20__20:07:07 0.28 0.25 0.20 22.78 warning
2018-12-20__20:07:13 0.34 0.27 0.20 32.20 warning
2018-12-20__20:07:19 0.51 0.31 0.22 10.00 warning
2018-12-20__20:07:24 0.71 0.35 0.23 9.27 warning
2018-12-20__20:07:30 0.65 0.35 0.23 16.67 warning
2018-12-20__20:07:35 0.60 0.34 0.23 18.14 warning
2018-12-20__20:07:41 0.79 0.39 0.24 10.43 warning
2018-12-20__20:07:47 0.73 0.38 0.24 15.10 warning
2018-12-20__20:07:52 0.75 0.39 0.25 8.22 warning
2018-12-20__20:07:58 0.77 0.40 0.25 52.14 warning
2018-12-20__20:08:04 0.80 0.42 0.26 13.05 warning
2018-12-20__20:08:09 0.74 0.41 0.26 15.43 warning
2018-12-20__20:08:15 0.68 0.0 0.26 7.15 warning
2018-12-20__20:08:20 0.62 0.40 0.25 13.24 warning
2018-12-20__20:08:26 0.57 0.39 0.25 7.25 warning
2018-12-20__20:08:32 0.53 0.38 0.25 8.14 warning
2018-12-20__20:11:29 0.07 0.24 0.22 19.31 warning
018-12-20__20:11:34 0.07 0.24 0.21 4.35 warning
018-12-20__20:11:40 0.06 0.23 0.21 2.41 warning
018-12-20__20:11:46 0.06 0.23 0.21 14.15 warning
2018-12-20__20:11:51 0.05 0.22 0.21 4.77 warning
018-12-20__20:11:57 0.05 0.22 0.21 4.40 warning
2018-12-20__20:12:03 0.04 0.22 0.21 7.66 warning
018-12-20__20:12:08 0.04 0.21 0.21 8.10 warning
2018-12-20__20:12:14 0.19 0.24 0.21 3.37 warning
018-12-20__20:12:20 0.18 0.23 0.21 21.06 warning
018-12-20__20:12:25 0.16 0.23 0.21 3.35 warning
2018-12-20__20:12:31 0.15 0.23 0.21 4.88 warning
018-12-20__20:12:36 0.14 0.22 0.21 4.86 warning
2018-12-20__20:12:42 0.13 0.22 0.21 9.14 warning
018-12-20__20:12:48 0.12 0.21 0.21 11.77 warning
2018-12-20__20:12:53 0.11 0.21 0.20 1.96 warning
018-12-20__20:12:59 0.25 0.24 0.21 2.42 warning
2018-12-20__20:13:05 0.23 0.23 0.21 16.75 warning
018-12-20__20:13:10 0.21 0.23 0.21 14.01 warning
018-12-20__20:13:16 0.27 0.24 0.21 12.32 warning
2018-12-20__20:13:21 0.33 0.25 0.22 5.40 warning
018-12-20__20:13:27 0.31 0.25 0.22 1.47 warning
2018-12-20__20:13:33 0.44 0.28 0.23 30.44 warning
018-12-20__20:13:38 0.41 0.27 0.22 8.79 warning
2018-12-20__20:13:44 0.42 0.28 0.23 1.96 warning
018-12-20__20:13:50 0.54 0.31 0.24 57.15 warning
018-12-20__20:13:59 1.20 0.46 0.29 13.53 warning
2018-12-20__20:14:05 1.10 0.45 0.29 3.39 warning
018-12-20__20:14:10 1.01 0.45 0.28 3.35 warning
2018-12-20__20:14:16 0.93 0.44 0.28 3.85 warning
018-12-20__20:14:22 1.10 0.48 0.30 8.70 warning
2018-12-20__20:14:27 1.01 0.47 0.30 6.14 warning
018-12-20__20:14:33 0.93 0.47 0.29 6.20 warning
018-12-20__20:14:39 0.85 0.46 0.29 9.67 warning
2018-12-20__20:14:44 0.72 0.44 0.29 5.75 warning
018-12-20__20:14:50 0.66 0.43 0.29 46.45 warning
2018-12-20__20:14:56 0.61 0.43 0.28 12.50 warning
018-12-20__20:15:01 0.56 0.42 0.28 21.36 warning
2018-12-20__20:15:07 0.52 0.41 0.28 7.15 warning
018-12-20__20:15:12 0.47 0.41 0.28 7.62 warning
2018-12-20__20:15:18 0.44 0.40 0.28 18.40 warning
018-12-20__20:15:24 0.40 0.39 0.27 9.96 warning
018-12-20__20:15:29 0.34 0.38 0.27 6.58 warning
2018-12-20__20:15:35 0.31 0.37 0.27 5.89 warning
018-12-20__20:15:41 0.29 0.37 0.27 21.20 warning
2018-12-20__20:15:46 0.26 0.36 0.27 13.62 warning
018-12-20__20:15:52 0.32 0.37 0.27 19.33 warning
2018-12-20__20:15:58 0.30 0.36 0.27 7.70 warning
018-12-20__20:16:03 0.27 0.36 0.27 12.20 warning
2018-12-20__20:16:09 0.25 0.35 0.27 8.34 warning
018-12-20__20:16:14 0.21 0.34 0.26 4.40 warning
2018-12-20__20:16:20 0.27 0.35 0.27 44.02 warning
018-12-20__20:16:26 0.33 0.36 0.27 52.84 warning
018-12-20__20:16:32 0.31 0.35 0.27 7.81 warning
2018-12-20__20:16:37 0.36 0.37 0.27 2.92 warning
018-12-20__20:16:43 0.33 0.36 0.27 30.55 warning
2018-12-20__20:16:48 0.39 0.37 0.28 22.75 warning
018-12-20__20:16:54 0.68 0.43 0.30 9.41 warning
2018-12-20__20:17:00 0.79 0.47 0.31 15.20 warning
018-12-20__20:17:05 0.73 0.46 0.31 12.50 warning
018-12-20__20:17:11 0.67 0.45 0.31 14.22 warning
2018-12-20__20:17:17 0.62 0.44 0.30 8.14 warning
018-12-20__20:17:22 0.57 0.43 0.30 16.75 warning
2018-12-20__20:17:28 0.52 0.43 0.30 10.30 warning
018-12-20__20:17:33 0.56 0.44 0.30 26.67 warning
2018-12-20__20:17:39 0.60 0.45 0.31 30.25 warning
018-12-20__20:17:45 0.58 0.45 0.31 21.87 warning
2018-12-20__20:17:50 0.61 0.46 0.31 44.12 warning
018-12-20__20:17:56 0.56 0.45 0.31 12.26 warning
2018-12-20__20:18:01 0.52 0.44 0.31 4.35 warning
018-12-20__20:18:07 0.64 0.47 0.32 5.34 warning
