018-12-18__20:04:01	1	/                        44036	19252	54%
2018-12-18__20:04:01	1	/media/gpx/Data          26303	15960	40%
2018-12-18__20:04:01	1	/media/gpx/Acer          121524	43107	65%
2018-12-18__20:04:01	1	/media/gpx/Software      50228	26175	48%
2018-12-18__20:04:01	0	disk                     242091	104494	55%
018-12-18__20:04:01	1	/                        44036	19252	54%
2018-12-18__20:04:01	1	/media/gpx/Data          26303	15960	40%
2018-12-18__20:04:01	1	/media/gpx/Acer          121524	43107	65%
2018-12-18__20:04:01	1	/media/gpx/Software      50228	26175	48%
2018-12-18__20:04:01	0	disk                     242091	104494	55%
2018-12-20__19:52:38 0 disk 242091 111816 53%
2018-12-20__19:52:38 1 / 44036 21420 55%
2018-12-20__19:52:38 1 /media/gpx/Data 26303 15959 40%
2018-12-20__19:52:38 1 /media/gpx/Acer 121524 48145 61%
2018-12-20__19:52:38 1 /media/gpx/Software 50228 26292 48%
2018-12-20__19:53:16 0 disk 242091 111816 53%
2018-12-20__19:53:16 1 / 44036 21420 55%
2018-12-20__19:53:16 1 /media/gpx/Data 26303 15959 40%
2018-12-20__19:53:16 1 /media/gpx/Acer 121524 48145 61%
2018-12-20__19:53:16 1 /media/gpx/Software 50228 26292 48%
2018-12-20__19:54:09 0 disk 242091 111815 53%
2018-12-20__19:54:09 1 / 44036 21419 55%
2018-12-20__19:54:09 1 /media/gpx/Data 26303 15959 40%
2018-12-20__19:54:09 1 /media/gpx/Acer 12152 48145 61%
2018-12-20__19:54:09 1 /media/gpx/Software 50228 26292 48%
2018-12-20__19:59:03 0 disk 29941 14260 52%
2018-12-20__19:59:03 1 / 29899 14239 55%
2018-12-20__19:59:03 1 /boot 42 21 51%
018-12-20__20:00:03 0 disk 29941 14260 52%
2018-12-20__20:00:03 1 / 29899 14239 55%
2018-12-20__20:00:03 1 /boot 42 21 51%
018-12-20__20:06:22 0 disk 29941 14261 52%
2018-12-20__20:06:22 1 / 29899 14240 55%
2018-12-20__20:06:22 1 /boot 42 21 51%
2018-12-20__20:07:22 0 disk 29941 14261 52%
2018-12-20__20:07:22 1 / 29899 14240 55%
2018-12-20__20:07:22 1 /boot 42 21 51%
2018-12-20__20:08:22 0 disk 29941 14261 52%
2018-12-20__20:08:22 1 / 29899 14240 55%
2018-12-20__20:08:22 1 /boot 42 21 51%
2018-12-20__20:11:28 0 disk 29941 14261 52%
2018-12-20__20:11:28 1 / 29899 14240 55%
2018-12-20__20:11:28 1 /boot 42 21 51%
018-12-20__20:12:28 0 disk 29941 14261 52%
2018-12-20__20:12:28 1 / 29899 14240 55%
2018-12-20__20:12:28 1 /boot 42 21 51%
018-12-20__20:13:28 0 disk 29941 14261 52%
2018-12-20__20:13:28 1 / 29899 14240 55%
2018-12-20__20:13:28 1 /boot 42 21 51%
018-12-20__20:14:28 0 disk 29941 14261 52%
2018-12-20__20:14:28 1 / 29899 14240 55%
2018-12-20__20:14:28 1 /boot 42 21 51%
018-12-20__20:15:29 0 disk 29941 14261 52%
2018-12-20__20:15:29 1 / 29899 14240 55%
2018-12-20__20:15:29 1 /boot 42 21 51%
018-12-20__20:16:29 0 disk 29941 14261 52%
2018-12-20__20:16:29 1 / 29899 14240 55%
2018-12-20__20:16:29 1 /boot 42 21 51%
018-12-20__20:17:29 0 disk 29941 14261 52%
2018-12-20__20:17:29 1 / 29899 14240 55%
2018-12-20__20:17:29 1 /boot 42 21 51%
