018-12-18__20:04:02 0.31 0.30 0.36 8.34 29.8°C normal
2018-12-20__18:58:21 0.11 0.09 0.06 22.97 warning
018-12-20__18:58:26 0.11 0.09 0.06 4.88 warning
018-12-20__18:58:32 0.10 0.09 0.05 1.94 warning
018-12-20__18:58:37 0.09 0.08 0.05 2.88 warning
018-12-20__18:58:43 0.07 0.08 0.05 14.29 warning
018-12-20__18:58:49 0.07 0.08 0.05 .99 warning
018-12-20__18:58:54 0.06 0.08 0.05 5.80 warning
018-12-20__18:59:00 0.06 0.08 0.05 2.85 warning
018-12-20__18:59:05 0.05 0.08 0.05 1.47 warning
018-12-20__18:59:11 0.05 0.07 0.05 17.74 warning
018-12-20__18:59:17 0.04 0.07 0.05 8.62 warning
018-12-20__18:59:22 0.04 0.07 0.05 1.47 warning
018-12-20__18:59:28 0.03 0.07 0.05 4.35 warning
018-12-20__18:59:34 0.11 0.08 0.05 2.47 warning
018-12-20__18:59:39 0.10 0.08 0.05 9.50 warning
018-12-20__18:59:45 0.09 0.08 0.05 7.18 warning
018-12-20__18:59:50 0.09 0.08 0.05 1.47 warning
018-12-20__18:59:56 0.08 0.08 0.05 14.43 warning
018-12-20__19:00:02 0.07 0.08 0.05 2.43 warning
018-12-20__19:00:07 0.07 0.08 0.05 23.81 warning
018-12-20__19:00:13 0.14 0.09 0.06 .50 warning
018-12-20__19:00:18 0.12 0.09 0.06 2.40 warning
018-12-20__19:00:24 0.35 0.14 0.07 2.41 warning
018-12-20__19:00:30 0.32 0.13 0.07 3.34 warning
018-12-20__19:00:35 0.38 0.15 0.08 1.48 warning
018-12-20__19:00:41 0.35 0.15 0.08 14.08 warning
018-12-20__19:00:47 0.48 0.18 0.09 2.93 warning
018-12-20__19:00:52 0.44 0.17 0.09 3.83 warning
2018-12-20__19:00:58 0.40 0.17 0.09 6.38 warning
2018-12-20__19:01:03 0.34 0.16 0.08 7.15 warning
2018-12-20__19:01:09 0.31 0.16 0.08 2.89 warning
2018-12-20__19:01:15 0.29 0.16 0.08 2.42 warning
2018-12-20__19:01:20 0.27 0.16 0.08 5.77 warning
2018-12-20__19:01:26 0.24 0.15 0.08 2.42 warning
2018-12-20__19:12:59 0.15 0.08 0.07 16.51 warning
018-12-20__19:13:05 0.72 0.21 0.11 1.95 warning
2018-12-20__19:23:18 0.02 0.06 0.07 22.65 warning
018-12-20__19:23:24 0.02 0.06 0.07 1.95 warning
018-12-20__19:23:29 0.02 0.06 0.07 1.93 warning
018-12-20__19:23:35 0.02 0.06 0.07 2.93 warning
018-12-20__19:23:40 0.01 0.05 0.07 1.48 warning
018-12-20__19:23:46 0.01 0.05 0.07 3.81 warning
018-12-20__19:23:52 0.01 0.05 0.07 1.95 warning
018-12-20__19:23:57 0.01 0.05 0.07 3.87 warning
018-12-20__19:24:03 0.01 0.05 0.07 2.41 warning
018-12-20__19:24:09 0.01 0.05 0.07 21.57 warning
018-12-20__19:24:14 0.01 0.05 0.07 1.97 warning
018-12-20__19:24:20 0.01 0.05 0.07 1.48 warning
018-12-20__19:24:25 0.00 0.05 0.07 3.35 warning
018-12-20__19:24:31 0.00 0.04 0.07 4.31 warning
018-12-20__19:24:37 0.00 0.04 0.07 1.96 warning
018-12-20__19:24:42 0.00 0.04 0.07 3.85 warning
018-12-20__19:24:48 0.00 0.04 0.06 .99 warning
018-12-20__19:24:54 0.00 0.04 0.06 3.35 warning
018-12-20__19:24:59 0.00 0.04 0.06 7.73 warning
018-12-20__19:25:05 0.00 0.04 0.06 11.83 warning
018-12-20__19:25:10 0.00 0.04 0.06 1.94 warning
018-12-20__19:25:16 0.15 0.07 0.07 2.40 warning
018-12-20__19:25:22 0.14 0.07 0.07 1.93 warning
018-12-20__19:25:27 0.12 0.07 0.07 1.48 warning
018-12-20__19:25:33 0.11 0.06 0.07 1.46 warning
018-12-20__19:25:39 0.10 0.06 0.07 5.72 warning
018-12-20__19:25:44 0.10 0.06 0.07 1.46 warning
018-12-20__19:25:50 0.17 0.08 0.08 3.37 warning
018-12-20__19:25:56 0.15 0.08 0.08 12.63 warning
018-12-20__19:26:01 0.29 0.11 0.09 9.27 warning
018-12-20__19:26:07 0.35 0.12 0.09 1.95 warning
018-12-20__19:26:12 0.32 0.12 0.09 3.37 warning
018-12-20__19:26:18 0.29 0.12 0.09 14.22 warning
018-12-20__19:26:24 0.43 0.15 0.10 1.97 warning
018-12-20__19:26:29 0.40 0.14 0.10 2.42 warning
018-12-20__19:26:35 0.36 0.14 0.10 3.39 warning
018-12-20__19:26:41 0.33 0.14 0.10 1.93 warning
018-12-20__19:26:46 0.36 0.15 0.10 7.36 warning
018-12-20__19:26:52 0.33 0.15 0.10 12.14 warning
018-12-20__19:26:57 0.30 0.15 0.10 2.89 warning
018-12-20__19:27:03 0.28 0.14 0.10 1.47 warning
018-12-20__19:27:09 0.26 0.14 0.10 3.87 warning
018-12-20__19:27:14 0.23 0.14 0.10 2.42 warning
018-12-20__19:27:20 0.22 0.14 0.10 3.83 warning
018-12-18__20:04:02 0.31 0.30 0.36 8.34 29.8°C normal
2018-12-20__19:48:06 0.19 0.33 0.47 6.60 29.8°C normal
2018-12-20__19:48:11 0.17 0.33 0.47 2.54 29.8°C normal
2018-12-20__19:48:17 0.16 0.32 0.47 4.05 29.8°C normal
2018-12-20__19:49:21 0.29 0.35 0.46 8.59 29.8°C normal
2018-12-20__19:52:38 1.38 0.85 0.64 8.55 29.8°C normal
2018-12-20__19:52:44 1.27 0.83 0.63 5.06 29.8°C normal
2018-12-20__19:53:17 0.95 0.80 0.63 9.00 29.8°C normal
2018-12-20__19:53:22 0.88 0.79 0.62 2.58 29.8°C normal
2018-12-20__19:53:28 0.81 0.77 0.62 2.56 29.8°C normal
2018-12-20__19:53:33 1.08 0.83 0.64 2.06 29.8°C normal
2018-12-20__19:54:10 1.07 0.85 0.65 8.21 29.8°C normal
2018-12-20__20:07:29 0.10 0.11 0.14 20.49 warning
2018-12-20__20:07:35 0.09 0.11 0.14 3.34 warning
2018-12-20__20:07:41 0.17 0.12 0.14 2.88 warning
2018-12-20__20:07:46 0.14 0.12 0.14 11.22 warning
2018-12-20__20:07:52 0.13 0.12 0.14 .50 warning
2018-12-20__20:07:58 0.28 0.15 0.15 2.89 warning
2018-12-20__20:08:03 0.26 0.15 0.15 6.29 warning
2018-1220__20:08:09 0.24 0.14 0.15 8.02 warning
2018-12-20__20:08:14 0.22 0.14 0.15 12.68 warning
2018-12-20__20:08:20 0.20 0.14 0.15 10.00 warning
2018-12-20__20:08:26 0.18 0.14 0.15 1.96 warning
2018-12-20__20:08:31 0.15 0.13 0.14 5.86 warning
2018-12-20__20:08:37 0.14 0.13 0.14 6.25 warning
2018-12-20__20:11:33 0.26 0.16 0.15 17.31 warning
018-12-20__20:11:39 0.32 0.18 0.15 6.74 warning
018-12-20__20:11:45 0.38 0.19 0.16 3.37 warning
018-12-20__20:11:50 0.35 0.19 0.16 4.44 warning
018-12-20__20:11:56 0.32 0.18 0.16 3.40 warning
018-12-20__20:12:01 0.37 0.20 0.16 4.79 warning
018-12-20__20:12:07 0.39 0.21 0.16 1.96 warning
018-12-20__20:12:13 0.36 0.20 0.16 3.44 warning
018-12-20__20:12:18 0.33 0.20 0.16 11.33 warning
018-12-20__20:12:24 0.30 0.20 0.16 24.02 warning
018-12-20__20:12:30 0.28 0.19 0.16 3.85 warning
018-12-20__20:12:35 0.26 0.19 0.16 6.25 warning
018-12-20__20:12:41 0.24 0.19 0.16 8.62 warning
018-12-20__20:12:46 0.22 0.18 0.16 3.39 warning
018-12-20__20:12:52 0.26 0.19 0.16 3.83 warning
018-12-20__20:12:58 0.24 0.19 0.16 4.93 warning
018-12-20__20:13:03 0.22 0.19 0.16 3.89 warning
018-12-20__20:13:09 0.20 0.18 0.16 4.40 warning
018-12-20__20:13:15 0.26 0.20 0.16 7.73 warning
018-12-20__20:13:20 0.24 0.19 0.16 17.08 warning
018-12-20__20:13:26 0.22 0.19 0.16 7.62 warning
018-12-20__20:13:31 0.20 0.19 0.16 3.85 warning
018-12-20__20:13:37 0.17 0.18 0.16 2.96 warning
018-12-20__20:13:43 0.16 0.18 0.16 5.89 warning
018-12-20__20:13:48 0.15 0.17 0.16 2.92 warning
018-12-20__20:13:54 0.13 0.17 0.16 6.32 warning
018-12-20__20:14:00 0.12 0.17 0.16 2.46 warning
018-12-20__20:14:05 0.11 0.16 0.15 7.73 warning
018-12-20__20:14:11 0.10 0.16 0.15 20.00 warning
018-12-20__20:14:16 0.10 0.16 0.15 2.46 warning
018-12-20__20:14:22 0.08 0.15 0.15 4.33 warning
018-12-20__20:14:28 0.07 0.15 0.15 7.08 warning
018-12-20__20:14:33 0.07 0.15 0.15 18.94 warning
018-12-20__20:14:39 0.22 0.18 0.16 7.73 warning
018-12-20__20:14:45 0.28 0.19 0.16 3.40 warning
018-12-20__20:14:50 0.34 0.21 0.17 5.34 warning
018-12-20__20:14:56 0.47 0.24 0.18 2.93 warning
018-12-20__20:15:01 0.60 0.27 0.19 5.77 warning
018-12-20__20:15:07 0.50 0.26 0.19 21.74 warning
018-12-20__20:15:13 0.46 0.25 0.18 4.84 warning
018-12-20__20:15:18 0.59 0.28 0.19 7.73 warning
018-12-20__20:15:24 0.54 0.28 0.19 1.96 warning
018-12-20__20:15:30 0.50 0.27 0.19 5.86 warning
018-12-20__20:15:35 0.46 0.27 0.19 8.50 warning
018-12-20__20:15:41 0.42 0.26 0.19 3.39 warning
018-12-20__20:15:47 0.39 0.26 0.19 6.32 warning
018-12-20__20:15:52 0.40 0.26 0.19 6.80 warning
018-12-20__20:15:58 0.37 0.26 0.19 25.38 warning
018-12-20__20:16:03 0.34 0.26 0.19 6.29 warning
018-12-20__20:16:09 0.31 0.25 0.19 7.22 warning
018-12-20__20:16:15 0.29 0.25 0.18 3.83 warning
018-12-20__20:16:20 0.26 0.24 0.18 7.62 warning
018-12-20__20:16:26 0.24 0.24 0.18 9.27 warning
018-12-20__20:16:31 0.30 0.25 0.19 3.85 warning
018-12-20__20:16:37 0.36 0.26 0.19 12.33 warning
018-12-20__20:16:43 0.30 0.25 0.19 2.90 warning
018-12-20__20:16:48 0.28 0.25 0.19 6.94 warning
018-12-20__20:16:54 0.26 0.25 0.18 12.81 warning
018-12-20__20:17:00 0.24 0.24 0.18 8.30 warning
018-12-20__20:17:05 0.22 0.24 0.18 3.87 warning
018-12-20__20:17:11 0.36 0.27 0.19 7.70 warning
018-12-20__20:17:17 0.33 0.26 0.19 7.25 warning
018-12-20__20:17:22 0.46 0.29 0.20 10.58 warning
018-12-20__20:17:28 0.39 0.28 0.20 2.44 warning
018-12-20__20:17:33 0.36 0.28 0.20 6.44 warning
018-12-20__20:17:39 0.33 0.27 0.19 6.41 warning
018-12-20__20:17:45 0.30 0.27 0.19 13.24 warning
018-12-20__20:17:50 0.28 0.26 0.19 8.74 warning
018-12-20__20:17:56 0.26 0.26 0.19 7.25 warning
018-12-20__20:18:02 0.24 0.25 0.19 3.85 warning
018-12-20__20:18:07 0.30 0.27 0.19 2.46 warning
018-12-20__20:18:13 0.25 0.26 0.19 10.53 warning
018-12-20__20:18:18 0.23 0.25 0.19 11.06 warning
