018-12-18__20:04:02 0.31 0.30 0.36 8.34 29.8°C normal
2018-12-20__18:59:15 0.00 0.00 0.00 16.26 warning
018-12-20__18:59:21 0.32 0.07 0.02 2.93 warning
018-12-20__18:59:26 0.29 0.06 0.02 .50 warning
018-12-20__18:59:32 0.27 0.06 0.02 3.37 warning
018-12-20__18:59:38 0.25 0.06 0.02 .98 warning
018-12-20__18:59:43 0.23 0.06 0.02 2.90 warning
018-12-20__18:59:49 0.21 0.06 0.02 2.43 warning
018-12-20__18:59:55 0.19 0.06 0.02 3.39 warning
018-12-20__19:00:00 0.18 0.06 0.02 .50 warning
018-12-20__19:00:06 0.15 0.05 0.02 23.08 warning
018-12-20__19:00:11 0.14 0.05 0.02 2.43 warning
018-12-20__19:00:17 0.13 0.05 0.02 2.93 warning
018-12-20__19:00:23 0.12 0.05 0.02 .50 warning
018-12-20__19:00:28 0.11 0.05 0.02 3.42 warning
018-12-20__19:00:34 0.10 0.05 0.01 .50 warning
018-12-20__19:00:40 0.25 0.08 0.03 1.96 warning
018-12-20__19:00:45 0.23 0.08 0.02 1.45 warning
018-12-20__19:00:51 0.19 0.08 0.02 1.95 warning
2018-12-20__19:00:57 0.18 0.08 0.02 1.94 warning
2018-12-20__19:01:02 0.16 0.08 0.02 10.30 warning
2018-12-20__19:01:08 0.15 0.07 0.02 2.43 warning
2018-12-20__19:01:13 0.14 0.07 0.02 1.94 warning
2018-12-20__19:01:19 0.13 0.07 0.02 2.41 warning
2018-12-20__19:01:25 0.12 0.07 0.02 2.89 warning
2018-12-20__19:23:26 0.00 0.00 0.00 13.60 warning
018-12-20__19:23:32 0.00 0.00 0.00 1.45 warning
018-12-20__19:23:37 0.00 0.00 0.00 1.96 warning
018-12-20__19:23:43 0.00 0.00 0.00 1.47 warning
018-12-20__19:23:49 0.00 0.00 0.00 2.93 warning
018-12-20__19:23:54 0.00 0.00 0.00 1.46 warning
018-12-20__19:24:00 0.00 0.00 0.00 2.90 warning
018-12-20__19:24:05 0.00 0.00 0.00 1.45 warning
018-12-20__19:24:11 0.00 0.00 0.00 3.37 warning
018-12-20__19:24:17 0.00 0.00 0.00 16.75 warning
018-12-20__19:24:22 0.00 0.00 0.00 2.92 warning
018-12-20__19:24:28 0.00 0.00 0.00 1.95 warning
018-12-20__19:24:34 0.24 0.05 0.02 2.43 warning
018-12-20__19:24:39 0.20 0.05 0.02 .50 warning
018-12-20__19:24:45 0.19 0.05 0.01 1.97 warning
018-12-20__19:24:50 0.17 0.05 0.01 2.41 warning
018-12-20__19:24:56 0.16 0.04 0.01 1.00 warning
018-12-20__19:25:02 0.14 0.04 0.01 .50 warning
018-12-20__19:25:07 0.13 0.04 0.01 8.26 warning
018-12-20__19:25:13 0.12 0.04 0.01 11.77 warning
018-12-20__19:25:19 0.19 0.06 0.02 1.00 warning
018-12-20__19:25:24 0.24 0.07 0.02 1.45 warning
018-12-20__19:25:30 0.22 0.07 0.02 3.39 warning
018-12-20__19:25:35 0.21 0.07 0.02 2.42 warning
018-12-20__19:25:41 0.27 0.09 0.03 3.40 warning
018-12-20__19:25:47 0.33 0.10 0.03 .50 warning
018-12-20__19:25:52 0.30 0.10 0.03 1.97 warning
018-12-20__19:25:58 0.44 0.13 0.04 3.83 warning
018-12-20__19:26:04 0.56 0.16 0.05 14.01 warning
018-12-20__19:26:09 0.55 0.17 0.06 8.42 warning
018-12-20__19:26:15 0.51 0.17 0.06 2.92 warning
018-12-20__19:26:20 0.47 0.17 0.06 2.40 warning
018-12-20__19:26:26 0.43 0.16 0.06 16.26 warning
018-12-20__19:26:32 0.39 0.16 0.06 1.95 warning
018-12-20__19:26:37 0.36 0.16 0.06 4.42 warning
018-12-20__19:26:43 0.33 0.16 0.06 2.41 warning
018-12-20__19:26:49 0.31 0.15 0.05 3.87 warning
018-12-20__19:26:54 0.26 0.15 0.05 8.26 warning
018-12-20__19:27:00 0.24 0.14 0.05 8.26 warning
018-12-20__19:27:05 0.22 0.14 0.05 5.45 warning
018-12-20__19:27:11 0.20 0.14 0.05 3.39 warning
018-12-20__19:27:17 0.18 0.14 0.05 1.48 warning
018-12-18__20:04:02 0.31 0.30 0.36 8.34 29.8°C normal
2018-12-20__19:48:06 0.19 0.33 0.47 6.60 29.8°C normal
2018-12-20__19:48:11 0.17 0.33 0.47 2.54 29.8°C normal
2018-12-20__19:48:17 0.16 0.32 0.47 4.05 29.8°C normal
2018-12-20__19:49:21 0.29 0.35 0.46 8.59 29.8°C normal
2018-12-20__19:52:38 1.38 0.85 0.64 8.55 29.8°C normal
2018-12-20__19:52:44 1.27 0.83 0.63 5.06 29.8°C normal
2018-12-20__19:53:17 0.95 0.80 0.63 9.00 29.8°C normal
2018-12-20__19:53:22 0.88 0.79 0.62 2.58 29.8°C normal
2018-12-20__19:53:28 0.81 0.77 0.62 2.56 29.8°C normal
2018-12-20__19:53:33 1.08 0.83 0.64 2.06 29.8°C normal
2018-12-20__19:54:10 1.07 0.85 0.65 8.21 29.8°C normal
2018-12-20__20:11:41 0.32 0.18 0.11 24.89 warning
018-12-20__20:11:47 0.29 0.17 0.11 6.32 warning
018-12-20__20:11:52 0.27 0.17 0.11 6.29 warning
018-12-20__20:11:58 0.25 0.17 0.11 1.94 warning
018-12-20__20:12:03 0.23 0.17 0.11 4.91 warning
018-12-20__20:12:09 0.29 0.18 0.11 3.35 warning
018-12-20__20:12:15 0.24 0.17 0.11 2.41 warning
018-12-20__20:12:20 0.22 0.17 0.11 4.88 warning
018-12-20__20:12:26 0.21 0.17 0.11 2.43 warning
018-12-20__20:12:32 0.19 0.16 0.11 20.20 warning
018-12-20__20:12:37 0.17 0.16 0.11 3.45 warning
018-12-20__20:12:43 0.16 0.16 0.11 2.41 warning
018-12-20__20:12:48 0.15 0.16 0.10 5.34 warning
018-12-20__20:12:54 0.13 0.15 0.10 3.93 warning
018-12-20__20:13:00 0.11 0.15 0.10 .50 warning
018-12-20__20:13:05 0.10 0.14 0.10 6.29 warning
018-12-20__20:13:11 0.10 0.14 0.10 1.47 warning
018-12-20__20:13:17 0.09 0.14 0.10 6.70 warning
018-12-20__20:13:22 0.08 0.14 0.10 9.62 warning
018-12-20__20:13:28 0.07 0.13 0.10 14.29 warning
018-12-20__20:13:33 0.07 0.13 0.10 4.44 warning
018-12-20__20:13:39 0.06 0.13 0.10 1.47 warning
018-12-20__20:13:45 0.05 0.12 0.09 2.41 warning
018-12-20__20:13:50 0.05 0.12 0.09 4.42 warning
018-12-20__20:13:56 0.04 0.12 0.09 1.93 warning
018-12-20__20:14:02 0.04 0.12 0.09 .98 warning
018-12-20__20:14:07 0.04 0.12 0.09 5.32 warning
018-12-20__20:14:13 0.03 0.11 0.09 .50 warning
018-12-20__20:14:19 0.03 0.11 0.09 16.84 warning
018-12-20__20:14:24 0.03 0.11 0.09 11.28 warning
018-12-20__20:14:30 0.02 0.11 0.09 6.25 warning
018-12-20__20:14:35 0.18 0.14 0.10 3.95 warning
018-12-20__20:14:41 0.25 0.15 0.10 15.69 warning
018-12-20__20:14:47 0.23 0.15 0.10 2.90 warning
018-12-20__20:14:52 0.29 0.16 0.11 3.93 warning
018-12-20__20:14:58 0.27 0.16 0.11 7.85 warning
018-12-20__20:15:03 0.24 0.16 0.10 6.74 warning
018-12-20__20:15:09 0.38 0.19 0.12 7.32 warning
018-12-20__20:15:15 0.33 0.18 0.11 8.46 warning
018-12-20__20:15:20 0.30 0.18 0.11 2.89 warning
018-12-20__20:15:26 0.27 0.17 0.11 .99 warning
018-12-20__20:15:32 0.25 0.17 0.11 1.96 warning
018-12-20__20:15:37 0.23 0.17 0.11 21.19 warning
018-12-20__20:15:43 0.21 0.17 0.11 2.42 warning
018-12-20__20:15:48 0.20 0.16 0.11 4.37 warning
018-12-20__20:15:54 0.18 0.16 0.11 1.93 warning
018-12-20__20:16:00 0.15 0.15 0.10 .49 warning
018-12-20__20:16:05 0.14 0.15 0.10 12.63 warning
018-12-20__20:16:11 0.13 0.15 0.10 10.20 warning
018-12-20__20:16:16 0.12 0.14 0.10 0 warning
018-12-20__20:16:22 0.11 0.14 0.10 .98 warning
018-12-20__20:16:28 0.10 0.14 0.10 6.32 warning
018-12-20__20:16:33 0.09 0.14 0.10 7.77 warning
018-12-20__20:16:39 0.08 0.14 0.10 1.48 warning
018-12-20__20:16:45 0.08 0.13 0.10 11.66 warning
018-12-20__20:16:50 0.06 0.13 0.09 2.41 warning
018-12-20__20:16:56 0.06 0.13 0.09 7.25 warning
018-12-20__20:17:02 0.05 0.12 0.09 11.28 warning
018-12-20__20:17:07 0.05 0.12 0.09 6.41 warning
018-12-20__20:17:13 0.05 0.12 0.09 1.47 warning
018-12-20__20:17:18 0.04 0.12 0.09 5.34 warning
018-12-20__20:17:24 0.04 0.11 0.09 8.30 warning
018-12-20__20:17:30 0.03 0.11 0.09 1.93 warning
018-12-20__20:17:35 0.03 0.11 0.09 1.93 warning
018-12-20__20:17:41 0.03 0.11 0.09 9.23 warning
018-12-20__20:17:47 0.02 0.10 0.09 3.40 warning
018-12-20__20:17:52 0.02 0.10 0.09 12.99 warning
018-12-20__20:17:58 0.02 0.10 0.09 2.49 warning
018-12-20__20:18:03 0.02 0.10 0.09 5.89 warning
018-12-20__20:18:09 0.02 0.10 0.09 1.95 warning
018-12-20__20:18:15 0.02 0.09 0.08 1.95 warning
018-12-20__20:18:20 0.01 0.09 0.08 5.34 warning
