018-12-18__20:04:02 0.31 0.30 0.36 8.34 29.8°C normal
2018-12-20__18:59:47 0.00 0.00 0.00 22.86 warning
018-12-20__18:59:52 0.00 0.00 0.00 .99 warning
018-12-20__18:59:58 0.00 0.00 0.00 1.45 warning
018-12-20__19:00:03 0.24 0.05 0.02 .99 warning
018-12-20__19:00:09 0.38 0.08 0.03 1.94 warning
018-12-20__19:00:15 0.35 0.08 0.03 2.44 warning
018-12-20__19:00:20 0.32 0.08 0.03 .50 warning
018-12-20__19:00:26 0.30 0.08 0.03 1.93 warning
018-12-20__19:00:32 0.27 0.08 0.02 .50 warning
018-12-20__19:00:37 0.23 0.07 0.02 19.91 warning
018-12-20__19:00:43 0.21 0.07 0.02 8.10 warning
018-12-20__19:00:48 0.19 0.07 0.02 .50 warning
018-12-20__19:00:54 0.18 0.07 0.02 1.96 warning
2018-12-20__19:01:00 0.16 0.07 0.02 1.96 warning
2018-12-20__19:01:05 0.15 0.07 0.02 1.47 warning
2018-12-20__19:01:11 0.14 0.06 0.02 1.46 warning
2018-12-20__19:01:17 0.13 0.06 0.02 2.43 warning
2018-12-20__19:23:28 0.00 0.00 0.00 15.39 warning
018-12-20__19:23:34 0.00 0.00 0.00 .50 warning
018-12-20__19:23:39 0.00 0.00 0.00 2.93 warning
018-12-20__19:23:45 0.24 0.05 0.02 .98 warning
018-12-20__19:23:51 0.20 0.05 0.02 1.00 warning
018-12-20__19:23:56 0.19 0.05 0.01 3.37 warning
018-12-20__19:24:02 0.17 0.05 0.01 1.48 warning
018-12-20__19:24:07 0.16 0.04 0.01 .50 warning
018-12-20__19:24:13 0.14 0.04 0.01 1.00 warning
018-12-20__19:24:19 0.13 0.04 0.01 14.78 warning
018-12-20__19:24:24 0.12 0.04 0.01 2.42 warning
018-12-20__19:24:30 0.19 0.06 0.02 .50 warning
018-12-20__19:24:36 0.16 0.06 0.02 2.95 warning
018-12-20__19:24:41 0.15 0.06 0.02 2.41 warning
018-12-20__19:24:47 0.14 0.05 0.02 2.43 warning
018-12-20__19:24:52 0.13 0.05 0.02 1.45 warning
018-12-20__19:24:58 0.12 0.05 0.01 2.92 warning
018-12-20__19:25:04 0.11 0.05 0.01 1.46 warning
018-12-20__19:25:09 0.26 0.08 0.02 3.39 warning
018-12-20__19:25:15 0.24 0.08 0.02 18.58 warning
018-12-20__19:25:21 0.50 0.15 0.05 1.49 warning
018-12-20__19:25:26 0.46 0.14 0.05 3.40 warning
018-12-20__19:25:32 0.51 0.16 0.05 3.40 warning
018-12-20__19:25:37 0.46 0.16 0.05 .50 warning
018-12-20__19:25:43 0.43 0.15 0.05 3.40 warning
018-12-20__19:25:49 0.39 0.15 0.05 2.42 warning
018-12-20__19:25:54 0.36 0.15 0.05 4.40 warning
018-12-20__19:26:00 0.33 0.14 0.05 1.93 warning
018-12-20__19:26:06 0.36 0.16 0.05 24.89 warning
018-12-20__19:26:11 0.33 0.15 0.05 1.00 warning
018-12-20__19:26:17 0.30 0.15 0.05 1.98 warning
018-12-20__19:26:22 0.28 0.15 0.05 .50 warning
018-12-20__19:26:28 0.26 0.14 0.05 13.37 warning
018-12-20__19:26:34 0.24 0.14 0.05 2.40 warning
018-12-20__19:26:39 0.22 0.14 0.05 2.40 warning
018-12-20__19:26:45 0.20 0.14 0.05 1.47 warning
018-12-20__19:26:51 0.17 0.13 0.05 .50 warning
018-12-20__19:26:56 0.16 0.13 0.05 3.39 warning
018-12-20__19:27:02 0.14 0.13 0.05 16.35 warning
018-12-20__19:27:07 0.13 0.12 0.05 .50 warning
018-12-20__19:27:13 0.12 0.12 0.05 2.89 warning
018-12-20__19:27:19 0.11 0.12 0.05 1.95 warning
018-12-18__20:04:02 0.31 0.30 0.36 8.34 29.8°C normal
2018-12-20__19:48:06 0.19 0.33 0.47 6.60 29.8°C normal
2018-12-20__19:48:11 0.17 0.33 0.47 2.54 29.8°C normal
2018-12-20__19:48:17 0.16 0.32 0.47 4.05 29.8°C normal
2018-12-20__19:49:21 0.29 0.35 0.46 8.59 29.8°C normal
2018-12-20__19:52:38 1.38 0.85 0.64 8.55 29.8°C normal
2018-12-20__19:52:44 1.27 0.83 0.63 5.06 29.8°C normal
2018-12-20__19:53:17 0.95 0.80 0.63 9.00 29.8°C normal
2018-12-20__19:53:22 0.88 0.79 0.62 2.58 29.8°C normal
2018-12-20__19:53:28 0.81 0.77 0.62 2.56 29.8°C normal
2018-12-20__19:53:33 1.08 0.83 0.64 2.06 29.8°C normal
2018-12-20__19:54:10 1.07 0.85 0.65 8.21 29.8°C normal
2018-12-20__20:11:43 0.10 0.11 0.09 16.27 warning
018-12-20__20:11:49 0.17 0.13 0.10 4.42 warning
018-12-20__20:11:55 0.16 0.12 0.10 7.62 warning
018-12-20__20:12:00 0.14 0.12 0.09 1.94 warning
018-12-20__20:12:06 0.12 0.12 0.09 6.29 warning
018-12-20__20:12:11 0.11 0.11 0.09 .99 warning
018-12-20__20:12:17 0.10 0.11 0.09 .50 warning
018-12-20__20:12:23 0.09 0.11 0.09 6.32 warning
018-12-20__20:12:28 0.09 0.11 0.09 .50 warning
018-12-20__20:12:34 0.08 0.11 0.09 19.71 warning
018-12-20__20:12:40 0.07 0.10 0.09 1.99 warning
018-12-20__20:12:45 0.15 0.12 0.09 6.29 warning
018-12-20__20:12:51 0.22 0.13 0.10 1.94 warning
018-12-20__20:12:56 0.18 0.13 0.10 3.45 warning
018-12-20__20:13:02 0.17 0.13 0.10 1.94 warning
018-12-20__20:13:08 0.15 0.12 0.09 3.42 warning
018-12-20__20:13:13 0.14 0.12 0.09 6.25 warning
018-12-20__20:13:19 0.13 0.12 0.09 2.41 warning
018-12-20__20:13:25 0.12 0.12 0.09 4.77 warning
018-12-20__20:13:30 0.11 0.12 0.09 15.69 warning
018-12-20__20:13:36 0.10 0.11 0.09 2.46 warning
018-12-20__20:13:41 0.16 0.13 0.09 4.44 warning
018-12-20__20:13:47 0.15 0.12 0.09 6.32 warning
018-12-20__20:13:53 0.13 0.12 0.09 4.93 warning
018-12-20__20:13:58 0.28 0.15 0.10 1.97 warning
018-12-20__20:14:04 0.42 0.18 0.11 6.29 warning
018-12-20__20:14:10 0.55 0.21 0.12 1.45 warning
018-12-20__20:14:15 0.66 0.24 0.13 4.37 warning
018-12-20__20:14:21 0.61 0.24 0.13 24.64 warning
018-12-20__20:14:26 0.74 0.28 0.15 4.42 warning
018-12-20__20:14:32 0.68 0.27 0.15 6.90 warning
018-12-20__20:14:38 0.62 0.27 0.15 4.46 warning
018-12-20__20:14:43 0.65 0.28 0.15 14.00 warning
018-12-20__20:14:49 0.60 0.28 0.15 8.26 warning
018-12-20__20:14:55 0.63 0.29 0.15 .50 warning
018-12-20__20:15:00 0.58 0.28 0.15 5.86 warning
018-12-20__20:15:06 0.54 0.28 0.15 .99 warning
018-12-20__20:15:12 0.45 0.27 0.15 11.89 warning
018-12-20__20:15:17 0.42 0.27 0.15 12.26 warning
018-12-20__20:15:23 0.38 0.26 0.15 3.44 warning
018-12-20__20:15:28 0.35 0.26 0.15 3.95 warning
018-12-20__20:15:34 0.32 0.25 0.15 1.46 warning
018-12-20__20:15:40 0.62 0.31 0.17 7.32 warning
018-12-20__20:15:45 0.57 0.31 0.17 .50 warning
018-12-20__20:15:51 0.52 0.30 0.17 6.97 warning
018-12-20__20:15:56 0.44 0.29 0.16 .50 warning
018-12-20__20:16:02 0.41 0.29 0.16 4.84 warning
018-12-20__20:16:08 0.53 0.32 0.17 14.56 warning
018-12-20__20:16:13 0.49 0.31 0.17 6.83 warning
018-12-20__20:16:19 0.45 0.31 0.17 3.02 warning
018-12-20__20:16:25 0.42 0.30 0.17 1.98 warning
018-12-20__20:16:30 0.38 0.29 0.17 6.35 warning
018-12-20__20:16:36 0.35 0.29 0.17 .98 warning
018-12-20__20:16:41 0.30 0.28 0.17 9.14 warning
018-12-20__20:16:47 0.27 0.27 0.16 .50 warning
018-12-20__20:16:53 0.25 0.27 0.16 2.46 warning
018-12-20__20:16:58 0.23 0.27 0.16 7.73 warning
018-12-20__20:17:04 0.37 0.29 0.17 17.15 warning
018-12-20__20:17:10 0.34 0.29 0.17 .99 warning
018-12-20__20:17:15 0.31 0.28 0.17 3.85 warning
018-12-20__20:17:21 0.29 0.28 0.17 1.45 warning
018-12-20__20:17:26 0.40 0.30 0.18 3.91 warning
018-12-20__20:17:32 0.37 0.30 0.18 4.91 warning
018-12-20__20:17:38 0.34 0.29 0.18 1.94 warning
018-12-20__20:17:43 0.31 0.29 0.18 13.49 warning
018-12-20__20:17:49 0.29 0.28 0.18 9.76 warning
018-12-20__20:17:55 0.27 0.28 0.17 5.40 warning
018-12-20__20:18:00 0.24 0.27 0.17 9.36 warning
018-12-20__20:18:06 0.22 0.27 0.17 5.37 warning
018-12-20__20:18:11 0.37 0.30 0.18 1.93 warning
018-12-20__20:18:17 0.31 0.29 0.18 3.45 warning
018-12-20__20:18:23 0.28 0.28 0.18 5.80 warning
