018-12-18__20:04:02 0.31 0.30 0.36 8.34 29.8°C normal
2018-12-20__18:54:23 0.04 0.03 0.01 19.81 warning
018-12-20__18:57:55 0.05 0.08 0.03 21.74 warning
018-12-20__18:58:01 0.05 0.08 0.03 1.94 warning
018-12-20__18:58:07 0.21 0.11 0.04 1.94 warning
018-12-20__18:58:12 0.17 0.11 0.04 2.43 warning
018-12-20__18:58:18 0.16 0.11 0.04 1.46 warning
018-12-20__18:58:24 0.15 0.10 0.04 1.46 warning
018-12-20__18:58:29 0.13 0.10 0.04 2.92 warning
018-12-20__18:58:35 0.12 0.10 0.03 1.94 warning
018-12-20__18:58:40 0.11 0.10 0.03 .98 warning
018-12-20__18:58:46 0.10 0.10 0.03 21.96 warning
018-12-20__18:58:52 0.10 0.09 0.03 .50 warning
018-12-20__18:58:57 0.16 0.11 0.04 1.47 warning
018-12-20__18:59:03 0.31 0.14 0.05 3.39 warning
018-12-20__18:59:09 0.28 0.14 0.05 .50 warning
018-12-20__18:59:14 0.26 0.13 0.05 .50 warning
018-12-20__18:59:20 0.24 0.13 0.05 1.47 warning
018-12-20__18:59:25 0.22 0.13 0.05 2.41 warning
018-12-20__18:59:31 0.20 0.13 0.05 3.85 warning
018-12-20__18:59:37 0.18 0.12 0.05 1.94 warning
018-12-20__18:59:42 0.16 0.12 0.04 13.71 warning
018-12-20__18:59:48 0.14 0.12 0.04 1.96 warning
018-12-20__18:59:54 0.13 0.12 0.04 1.93 warning
018-12-20__18:59:59 0.12 0.11 0.04 2.43 warning
018-12-20__19:00:05 0.11 0.11 0.04 1.45 warning
018-12-20__19:00:10 0.10 0.11 0.04 2.90 warning
018-12-20__19:00:16 0.09 0.11 0.04 .49 warning
018-12-20__19:00:22 0.09 0.11 0.04 1.00 warning
018-12-20__19:00:27 0.07 0.10 0.04 .50 warning
018-12-20__19:00:33 0.07 0.10 0.04 13.11 warning
018-12-20__19:00:39 0.06 0.10 0.04 9.14 warning
018-12-20__19:00:44 0.06 0.10 0.04 1.96 warning
018-12-20__19:00:50 0.13 0.11 0.04 1.46 warning
2018-12-20__19:00:55 0.12 0.11 0.04 13.44 warning
2018-12-20__19:01:01 0.11 0.11 0.04 .50 warning
2018-12-20__19:01:07 0.10 0.10 0.04 2.42 warning
2018-12-20__19:01:12 0.09 0.10 0.04 .50 warning
2018-12-20__19:01:18 0.08 0.10 0.04 3.39 warning
2018-12-20__19:01:24 0.07 0.10 0.04 1.46 warning
2018-12-20__19:12:56 0.07 0.03 0.00 23.53 warning
018-12-20__19:13:01 0.06 0.03 0.00 .98 warning
2018-12-20__19:13:07 0.06 0.03 0.00 1.47 warning
2018-12-20__19:23:16 0.01 0.03 0.00 15.93 warning
018-12-20__19:23:21 0.01 0.03 0.00 1.98 warning
018-12-20__19:23:27 0.01 0.03 0.00 .50 warning
018-12-20__19:23:33 0.01 0.02 0.00 .98 warning
018-12-20__19:23:38 0.01 0.02 0.00 1.95 warning
018-12-20__19:23:44 0.01 0.02 0.00 2.90 warning
018-12-20__19:23:50 0.09 0.04 0.01 1.48 warning
018-12-20__19:23:55 0.07 0.04 0.00 .49 warning
018-12-20__19:24:01 0.07 0.04 0.00 1.95 warning
018-12-20__19:24:06 0.06 0.04 0.00 14.93 warning
018-12-20__19:24:12 0.06 0.04 0.00 1.98 warning
018-12-20__19:24:18 0.05 0.03 0.00 .49 warning
018-12-20__19:24:23 0.05 0.03 0.00 1.95 warning
018-12-20__19:24:29 0.04 0.03 0.00 .50 warning
018-12-20__19:24:35 0.04 0.03 0.00 1.94 warning
018-12-20__19:24:40 0.03 0.03 0.00 3.35 warning
018-12-20__19:24:46 0.03 0.03 0.00 1.47 warning
018-12-20__19:24:51 0.03 0.03 0.00 0 warning
018-12-20__19:24:57 0.02 0.03 0.00 1.48 warning
018-12-20__19:25:03 0.02 0.03 0.00 16.18 warning
018-12-20__19:25:08 0.02 0.03 0.00 2.89 warning
018-12-20__19:25:14 0.02 0.03 0.00 .50 warning
018-12-20__19:25:20 0.02 0.03 0.00 1.95 warning
018-12-20__19:25:25 0.01 0.02 0.00 1.45 warning
018-12-20__19:25:31 0.01 0.02 0.00 1.47 warning
018-12-20__19:25:36 0.01 0.02 0.00 1.94 warning
018-12-20__19:25:42 0.01 0.02 0.00 .50 warning
018-12-20__19:25:48 0.01 0.02 0.00 1.49 warning
018-12-20__19:25:53 0.01 0.02 0.00 13.11 warning
018-12-20__19:25:59 0.01 0.02 0.00 7.36 warning
018-12-20__19:26:05 0.01 0.02 0.00 .49 warning
018-12-20__19:26:10 0.00 0.02 0.00 2.42 warning
018-12-20__19:26:16 0.00 0.02 0.00 10.53 warning
018-12-20__19:26:21 0.00 0.02 0.00 1.95 warning
018-12-20__19:26:27 0.00 0.02 0.00 2.42 warning
018-12-20__19:26:33 0.00 0.02 0.00 1.93 warning
018-12-20__19:26:38 0.00 0.02 0.00 .49 warning
018-12-20__19:26:44 0.00 0.02 0.00 2.92 warning
018-12-20__19:26:50 0.00 0.02 0.00 13.60 warning
018-12-20__19:26:55 0.00 0.02 0.00 .50 warning
018-12-20__19:27:01 0.16 0.05 0.01 .50 warning
018-12-20__19:27:06 0.15 0.05 0.01 1.95 warning
018-12-20__19:27:12 0.14 0.05 0.01 .98 warning
018-12-20__19:27:18 0.20 0.06 0.02 1.48 warning
018-12-18__20:04:02 0.31 0.30 0.36 8.34 29.8°C normal
2018-12-20__19:48:06 0.19 0.33 0.47 6.60 29.8°C normal
2018-12-20__19:48:11 0.17 0.33 0.47 2.54 29.8°C normal
2018-12-20__19:48:17 0.16 0.32 0.47 4.05 29.8°C normal
2018-12-20__19:49:21 0.29 0.35 0.46 8.59 29.8°C normal
2018-12-20__19:52:38 1.38 0.85 0.64 8.55 29.8°C normal
2018-12-20__19:52:44 1.27 0.83 0.63 5.06 29.8°C normal
2018-12-20__19:53:17 0.95 0.80 0.63 9.00 29.8°C normal
2018-12-20__19:53:22 0.88 0.79 0.62 2.58 29.8°C normal
2018-12-20__19:53:28 0.81 0.77 0.62 2.56 29.8°C normal
2018-12-20__19:53:33 1.08 0.83 0.64 2.06 29.8°C normal
2018-12-20__19:54:10 1.07 0.85 0.65 8.21 29.8°C normal
2018-12-20__20:01:10 0.59 0.21 0.08 16.51 warning
018-12-20__20:01:16 0.54 0.21 0.08 5.83 warning
018-12-20__20:01:21 0.50 0.21 0.08 7.32 warning
018-12-20__20:01:27 0.46 0.20 0.08 10.63 warning
018-12-20__20:01:32 0.42 0.20 0.08 6.83 warning
2018-12-20__20:06:34 0.15 0.22 0.12 16.91 warning
2018-12-20__20:06:40 0.14 0.21 0.11 6.83 warning
2018-12-20__20:06:45 0.20 0.22 0.12 .50 warning
2018-12-20__20:06:51 0.18 0.22 0.12 2.92 warning
2018-12-20__20:06:57 0.17 0.21 0.12 5.34 warning
2018-12-20__20:07:02 0.16 0.21 0.12 8.10 warning
2018-12-20__20:07:08 0.14 0.21 0.11 1.93 warning
2018-12-20__20:07:13 0.13 0.20 0.11 1.95 warning
2018-12-20__20:07:19 0.12 0.20 0.11 16.42 warning
2018-12-20__20:07:25 0.19 0.21 0.12 9.96 warning
2018-12-20__20:07:30 0.39 0.25 0.13 1.48 warning
2018-12-20__20:07:36 0.36 0.25 0.13 5.80 warning
2018-12-20__20:07:42 0.33 0.25 0.13 2.00 warning
2018-12-20__20:07:47 0.30 0.24 0.13 6.77 warning
2018-12-20__20:07:53 0.28 0.24 0.13 1.95 warning
2018-12-20__20:07:58 0.26 0.23 0.13 .98 warning
2018-12-20__20:08:04 0.24 0.23 0.13 1.46 warning
2018-12-20__20:08:10 0.22 0.22 0.13 6.77 warning
2018-12-20__20:08:15 0.18 0.22 0.12 13.05 warning
2018-12-20__20:08:21 0.25 0.23 0.13 3.95 wrning
2018-12-20__20:08:27 0.23 0.23 0.13 1.94 warning
2018-12-20__20:08:32 0.21 0.22 0.13 5.86 warning
2018-12-20__20:11:31 0.06 0.15 0.11 22.60 warning
018-12-20__20:11:36 0.06 0.15 0.11 4.88 warning
018-12-20__20:11:42 0.05 0.14 0.11 1.95 warning
018-12-20__20:11:48 0.05 0.14 0.11 7.22 warning
018-12-20__20:11:53 0.04 0.14 0.10 4.42 warning
018-12-20__20:11:59 0.04 0.14 0.10 7.93 warning
018-12-20__20:12:05 0.04 0.14 0.10 5.80 warning
018-12-20__20:12:10 0.03 0.13 0.10 .98 warning
018-12-20__20:12:16 0.03 0.13 0.10 1.97 warning
018-12-20__20:12:21 0.02 0.13 0.10 24.14 warning
018-12-20__20:12:27 0.02 0.12 0.10 7.97 warning
018-12-20__20:12:33 0.02 0.12 0.10 .99 warning
018-12-20__20:12:38 0.02 0.12 0.10 4.93 warning
018-12-20__20:12:44 0.02 0.12 0.10 3.40 warning
018-12-20__20:12:50 0.02 0.11 0.09 11.22 warning
018-12-20__20:12:55 0.01 0.11 0.09 3.44 warning
018-12-20__20:13:01 0.01 0.11 0.09 3.85 warning
018-12-20__20:13:06 0.09 0.12 0.10 2.00 warning
018-12-20__20:13:12 0.08 0.12 0.10 3.91 warning
018-12-20__20:13:18 0.08 0.12 0.09 20.20 warning
018-12-20__20:13:23 0.07 0.12 0.09 3.49 warning
018-12-20__20:13:29 0.06 0.11 0.09 20.96 warning
018-12-20__20:13:34 0.06 0.11 0.09 8.62 warning
018-12-20__20:13:40 0.05 0.11 0.09 8.70 warning
018-12-20__20:13:46 0.13 0.12 0.10 2.93 warning
018-12-20__20:13:51 0.11 0.12 0.09 6.87 warning
018-12-20__20:13:57 0.10 0.12 0.09 6.38 warning
018-12-20__20:14:03 0.09 0.12 0.09 3.93 warning
018-12-20__20:14:08 0.08 0.11 0.09 13.31 warning
018-12-20__20:14:14 0.08 0.11 0.09 10.79 warning
018-12-20__20:14:19 0.07 0.11 0.09 14.64 warning
018-12-20__20:14:25 0.07 0.11 0.09 5.83 warning
018-12-20__20:14:31 0.06 0.11 0.09 11.97 warning
018-12-20__20:14:36 0.05 0.10 0.09 1.47 warning
018-12-20__20:14:42 0.21 0.13 0.10 2.46 warning
018-12-20__20:14:48 0.19 0.13 0.10 6.80 warning
018-12-20__20:14:53 0.17 0.13 0.10 4.84 warning
018-12-20__20:14:59 0.16 0.13 0.10 2.92 warning
018-12-20__20:15:04 0.15 0.12 0.09 19.31 warning
018-12-20__20:15:10 0.13 0.12 0.09 3.95 warning
018-12-20__20:15:16 0.12 0.12 0.09 4.37 warning
018-12-20__20:15:21 0.18 0.13 0.10 2.90 warning
018-12-20__20:15:27 0.16 0.13 0.10 1.48 warning
018-12-20__20:15:33 0.15 0.13 0.09 3.40 warning
018-12-20__20:15:38 0.14 0.12 0.09 2.92 warning
018-12-20__20:15:44 0.29 0.15 0.10 5.29 warning
018-12-20__20:15:49 0.26 0.15 0.10 3.40 warning
018-12-20__20:15:55 0.24 0.15 0.10 11.45 warning
018-12-20__20:16:01 0.22 0.15 0.10 12.57 warning
018-12-20__20:16:06 0.34 0.17 0.11 2.96 warning
018-12-20__20:16:12 0.31 0.17 0.11 6.83 warning
018-12-20__20:16:18 0.36 0.18 0.11 6.35 warning
018-12-20__20:16:23 0.50 0.22 0.12 2.89 warning
018-12-20__20:16:29 0.46 0.21 0.12 3.42 warning
018-12-20__20:16:34 0.42 0.21 0.12 2.46 warning
018-12-20__20:16:40 0.39 0.20 0.12 6.29 warning
018-12-20__20:16:46 0.52 0.23 0.13 13.66 warning
018-12-20__20:16:51 0.44 0.23 0.13 3.93 warning
018-12-20__20:16:57 0.40 0.22 0.13 7.47 warning
018-12-20__20:17:03 0.37 0.22 0.13 3.85 warning
018-12-20__20:17:08 0.34 0.21 0.13 6.77 warning
018-12-20__20:17:14 0.31 0.21 0.13 8.18 warning
018-12-20__20:17:19 0.29 0.21 0.12 5.24 warning
018-12-20__20:17:25 0.26 0.20 0.12 5.92 warning
018-12-20__20:17:31 0.32 0.22 0.13 9.91 warning
018-12-20__20:17:36 0.27 0.21 0.13 9.76 warning
018-12-20__20:17:42 0.25 0.20 0.13 11.83 warning
018-12-20__20:17:48 0.23 0.20 0.12 6.44 warning
018-12-20__20:17:53 0.21 0.20 0.12 16.26 warning
018-12-20__20:17:59 0.27 0.21 0.13 2.43 warning
018-12-20__20:18:04 0.25 0.21 0.13 4.00 warning
018-12-20__20:18:10 0.23 0.20 0.13 4.84 warning
018-12-20__20:18:16 0.21 0.20 0.13 6.35 warning
018-12-20__20:18:21 0.28 0.21 0.13 6.77 warning
