018-12-18__20:04:01	1	/                        44036	19252	54%
2018-12-18__20:04:01	1	/media/gpx/Data          26303	15960	40%
2018-12-18__20:04:01	1	/media/gpx/Acer          121524	43107	65%
2018-12-18__20:04:01	1	/media/gpx/Software      50228	26175	48%
2018-12-18__20:04:01	0	disk                     242091	104494	55%
018-12-18__20:04:01	1	/                        44036	19252	54%
2018-12-18__20:04:01	1	/media/gpx/Data          26303	15960	40%
2018-12-18__20:04:01	1	/media/gpx/Acer          121524	43107	65%
2018-12-18__20:04:01	1	/media/gpx/Software      50228	26175	48%
2018-12-18__20:04:01	0	disk                     242091	104494	55%
2018-12-20__19:52:38 0 disk 242091 111816 53%
2018-12-20__19:52:38 1 / 44036 21420 55%
2018-12-20__19:52:38 1 /media/gpx/Data 26303 15959 40%
2018-12-20__19:52:38 1 /media/gpx/Acer 121524 48145 61%
2018-12-20__19:52:38 1 /media/gpx/Software 50228 26292 48%
2018-12-20__19:53:16 0 disk 242091 111816 53%
2018-12-20__19:53:16 1 / 44036 21420 55%
2018-12-20__19:53:16 1 /media/gpx/Data 26303 15959 40%
2018-12-20__19:53:16 1 /media/gpx/Acer 121524 48145 61%
2018-12-20__19:53:16 1 /media/gpx/Software 50228 26292 48%
2018-12-20__19:54:09 0 disk 242091 111815 53%
2018-12-20__19:54:09 1 / 44036 21419 55%
2018-12-20__19:54:09 1 /media/gpx/Data 26303 15959 40%
2018-12-20__19:54:09 1 /media/gpx/Acer 12152 48145 61%
2018-12-20__19:54:09 1 /media/gpx/Software 50228 26292 48%
2018-12-20__20:01:09 0 disk 29941 15433 48%
2018-12-20__20:01:09 1 / 29899 15412 51%
2018-12-20__20:01:09 1 /boot 42 21 51%
018-12-20__20:06:33 0 disk 29941 15433 48%
2018-12-20__20:06:33 1 / 29899 15412 51%
2018-12-20__20:06:33 1 /boot 42 21 51%
2018-12-20__20:07:34 0 disk 29941 15433 48%
2018-12-20__20:07:34 1 / 29899 15412 51%
2018-12-20__20:07:34 1 /boot 42 21 51%
2018-12-20__20:08:34 0 disk 29941 15433 48%
2018-12-20__20:08:34 1 / 29899 15412 51%
2018-12-20__20:08:34 1 /boot 42 21 51%
2018-12-20__20:11:30 0 disk 29941 15433 48%
2018-12-20__20:11:30 1 / 29899 15412 51%
2018-12-20__20:11:30 1 /boot 42 21 51%
018-12-20__20:12:30 0 disk 29941 15433 48%
2018-12-20__20:12:30 1 / 29899 15412 51%
2018-12-20__20:12:30 1 /boot 42 21 51%
018-12-20__20:13:30 0 disk 29941 15433 48%
2018-12-20__20:13:30 1 / 29899 15412 51%
2018-12-20__20:13:30 1 /boot 42 21 51%
018-12-20__20:14:31 0 disk 29941 15433 48%
2018-12-20__20:14:31 1 / 29899 15412 51%
2018-12-20__20:14:31 1 /boot 42 21 51%
018-12-20__20:15:31 0 disk 29941 15433 48%
2018-12-20__20:15:31 1 / 29899 15412 51%
2018-12-20__20:15:31 1 /boot 42 21 51%
018-12-20__20:16:31 0 disk 29941 15433 48%
2018-12-20__20:16:31 1 / 29899 15412 51%
2018-12-20__20:16:31 1 /boot 42 21 51%
018-12-20__20:17:31 0 disk 29941 15433 48%
2018-12-20__20:17:31 1 / 29899 15412 51%
2018-12-20__20:17:31 1 /boot 42 21 51%
