018-12-18__20:04:02 0.31 0.30 0.36 8.34 29.8°C normal
2018-12-20__19:00:02 0.04 0.06 0.04 15.64 warning
018-12-20__19:00:07 0.63 0.19 0.08 1.45 warning
018-12-20__19:00:13 0.58 0.19 0.08 26.09 warning
018-12-20__19:00:18 0.53 0.18 0.08 2.93 warning
018-12-20__19:00:24 0.49 0.18 0.08 2.90 warning
018-12-20__19:00:30 0.45 0.18 0.08 1.95 warning
018-12-20__19:00:35 0.41 0.17 0.08 2.89 warning
018-12-20__19:00:41 0.38 0.17 0.08 1.94 warning
018-12-20__19:00:47 0.35 0.17 0.08 4.29 warning
018-12-20__19:00:52 0.37 0.18 0.08 22.90 warning
2018-12-20__19:00:58 0.34 0.18 0.08 .50 warning
2018-12-20__19:01:03 0.31 0.17 0.08 1.95 warning
2018-12-20__19:01:09 0.29 0.17 0.08 1.94 warning
2018-12-20__19:01:15 0.26 0.17 0.08 .99 warning
2018-12-20__19:01:20 0.24 0.16 0.08 1.47 warning
2018-12-20__19:23:30 0.07 0.08 0.09 11.17 warning
018-12-20__19:23:36 0.14 0.10 0.09 2.42 warning
018-12-20__19:23:41 0.13 0.10 0.09 1.96 warning
018-12-20__19:23:47 0.12 0.09 0.09 .99 warning
018-12-20__19:23:53 0.11 0.09 0.09 2.92 warning
018-12-20__19:23:58 0.10 0.09 0.09 1.95 warning
018-12-20__19:24:04 0.09 0.09 0.09 .50 warning
018-12-20__19:24:10 0.17 0.10 0.09 .50 warning
018-12-20__19:24:15 0.14 0.10 0.09 8.34 warning
018-12-20__19:24:21 0.13 0.10 0.09 18.23 warning
018-12-20__19:24:26 0.12 0.10 0.09 1.95 warning
018-12-20__19:24:32 0.11 0.09 0.09 1.46 warning
018-12-20__19:24:38 0.10 0.09 0.09 15.24 warning
018-12-20__19:24:43 0.09 0.09 0.09 1.45 warning
018-12-20__19:24:49 0.08 0.09 0.09 2.89 warning
018-12-20__19:24:55 0.08 0.09 0.09 1.95 warning
018-12-20__19:25:00 0.14 0.10 0.09 .98 warning
018-12-20__19:25:06 0.13 0.10 0.09 1.95 warning
018-12-20__19:25:11 0.12 0.10 0.09 7.18 warning
018-12-20__19:25:17 0.11 0.09 0.09 10.79 warning
018-12-20__19:25:23 0.10 0.09 0.09 2.41 warning
018-12-20__19:25:28 0.09 0.09 0.09 3.40 warning
018-12-20__19:25:34 0.08 0.09 0.09 5.40 warning
018-12-20__19:25:40 0.08 0.09 0.09 2.42 warning
018-12-20__19:25:45 0.06 0.08 0.09 1.95 warning
018-12-20__19:25:51 0.06 0.08 0.09 1.46 warning
018-12-20__19:25:56 0.05 0.08 0.09 1.47 warning
018-12-20__19:26:02 0.05 0.08 0.09 1.94 warning
018-12-20__19:26:08 0.13 0.09 0.09 13.80 warning
018-12-20__19:26:13 0.12 0.09 0.09 7.77 warning
018-12-20__19:26:19 0.11 0.09 0.09 .50 warning
018-12-20__19:26:25 0.10 0.09 0.09 1.45 warning
018-12-20__19:26:30 0.08 0.09 0.09 14.08 warning
2018-12-20__19:26:36 0.08 0.08 0.09 .50 warning
018-12-20__19:26:41 0.07 0.08 0.09 .98 warning
018-12-20__19:26:47 0.06 0.08 0.09 1.95 warning
018-12-20__19:26:53 0.06 0.08 0.09 2.90 warning
018-12-20__19:26:58 0.05 0.08 0.09 7.85 warning
018-12-20__19:27:04 0.05 0.08 0.09 13.80 warning
018-12-20__19:27:10 0.04 0.08 0.08 2.42 warning
018-12-20__19:27:15 0.04 0.07 0.08 1.46 warning
018-12-20__19:27:21 0.03 0.07 0.08 1.46 warning
018-12-18__20:04:02 0.31 0.30 0.36 8.34 29.8°C normal
2018-12-20__19:48:06 0.19 0.33 0.47 6.60 29.8°C normal
2018-12-20__19:48:11 0.17 0.33 0.47 2.54 29.8°C normal
2018-12-20__19:48:17 0.16 0.32 0.47 4.05 29.8°C normal
2018-12-20__19:49:21 0.29 0.35 0.46 8.59 29.8°C normal
2018-12-20__19:52:38 1.38 0.85 0.64 8.55 29.8°C normal
2018-12-20__19:52:44 1.27 0.83 0.63 5.06 29.8°C normal
2018-12-20__19:53:17 0.95 0.80 0.63 9.00 29.8°C normal
2018-12-20__19:53:22 0.88 0.79 0.62 2.58 29.8°C normal
2018-12-20__19:53:28 0.81 0.77 0.62 2.56 29.8°C normal
2018-12-20__19:53:33 1.08 0.83 0.64 2.06 29.8°C normal
2018-12-20__19:54:10 1.07 0.85 0.65 8.21 29.8°C normal
2018-12-20__20:11:46 0.08 0.06 0.09 18.23 warning
018-12-20__20:11:51 0.07 0.06 0.09 3.91 warning
018-12-20__20:11:57 0.06 0.06 0.09 5.40 warning
018-12-20__20:12:02 0.06 0.06 0.09 9.53 warning
018-12-20__20:12:08 0.05 0.05 0.09 10.58 warning
018-12-20__20:12:14 0.05 0.05 0.09 5.34 warning
018-12-20__20:12:19 0.04 0.05 0.09 8.79 warning
018-12-20__20:12:25 0.04 0.05 0.09 10.84 warning
018-12-20__20:12:31 0.19 0.08 0.10 8.79 warning
018-12-20__20:12:36 0.18 0.08 0.09 23.08 warning
018-12-20__20:12:42 0.16 0.08 0.09 6.38 warning
018-12-20__20:12:47 0.15 0.08 0.09 10.15 warning
018-12-20__20:12:53 0.14 0.08 0.09 5.89 warning
018-12-20__20:12:59 0.13 0.08 0.09 9.32 warning
018-12-20__20:13:04 0.12 0.07 0.09 4.93 warning
018-12-20__20:13:10 0.11 0.07 0.09 5.80 warning
018-12-20__20:13:16 0.09 0.07 0.09 9.27 warning
018-12-20__20:13:21 0.08 0.07 0.09 4.93 warning
018-12-20__20:13:27 0.08 0.07 0.09 16.75 warning
018-12-20__20:13:33 0.07 0.07 0.09 11.12 warning
018-12-20__20:13:38 0.06 0.06 0.09 5.89 warning
018-12-20__20:13:44 0.06 0.06 0.09 3.45 warning
018-12-20__20:13:49 0.05 0.06 0.09 6.29 warning
018-12-20__20:13:55 0.05 0.06 0.09 10.30 warning
018-12-20__20:14:01 0.20 0.09 0.10 19.61 warning
018-12-20__20:14:06 0.18 0.09 0.10 8.22 warning
018-12-20__20:14:12 0.16 0.09 0.09 10.74 warning
018-12-20__20:14:17 0.15 0.09 0.09 6.77 warning
018-12-20__20:14:23 0.14 0.08 0.09 19.31 warning
018-12-20__20:14:29 0.13 0.08 0.09 7.85 warning
018-12-20__20:14:34 0.12 0.08 0.09 6.38 warning
018-12-20__20:14:40 0.11 0.08 0.09 5.86 warning
018-12-20__20:14:46 0.18 0.10 0.10 18.19 warning
018-12-20__20:14:51 0.15 0.09 0.09 5.40 warning
018-12-20__20:14:57 0.14 0.09 0.09 13.88 warning
018-12-20__20:15:02 0.13 0.09 0.09 2.48 warning
018-12-20__20:15:08 0.12 0.09 0.09 10.58 warning
018-12-20__20:15:14 0.11 0.08 0.09 9.91 warning
018-12-20__20:15:19 0.10 0.08 0.09 18.41 warning
018-12-20__20:15:25 0.09 0.08 0.09 10.35 warning
018-12-20__20:15:30 0.08 0.08 0.09 4.79 warning
018-12-20__20:15:36 0.07 0.08 0.09 12.57 warning
018-12-20__20:15:42 0.06 0.08 0.09 3.91 warning
018-12-20__20:15:47 0.06 0.07 0.09 2.93 warning
018-12-20__20:15:53 0.05 0.07 0.09 3.31 warning
018-12-20__20:15:59 0.05 0.07 0.09 1.00 warning
018-12-20__20:16:04 0.05 0.07 0.08 1.48 warning
018-12-20__20:16:10 0.04 0.07 0.08 10.15 warning
018-12-20__20:16:15 0.04 0.07 0.08 12.75 warning
018-12-20__20:16:21 0.11 0.08 0.09 2.43 warning
018-12-20__20:16:27 0.18 0.10 0.09 6.80 warning
018-12-20__20:16:32 0.16 0.09 0.09 6.29 warning
018-12-20__20:16:38 0.15 0.09 0.09 2.43 warning
018-12-20__20:16:44 0.22 0.11 0.10 3.83 warning
018-12-20__20:16:49 0.20 0.11 0.10 4.42 warning
018-12-20__20:16:55 0.18 0.10 0.10 .50 warning
018-12-20__20:17:00 0.17 0.10 0.09 5.42 warning
018-12-20__20:17:06 0.22 0.12 0.10 6.44 warning
018-12-20__20:17:12 0.20 0.11 0.10 6.32 warning
018-12-20__20:17:17 0.18 0.11 0.10 .99 warning
018-12-20__20:17:23 0.17 0.11 0.10 1.46 warning
018-12-20__20:17:29 0.15 0.11 0.09 5.77 warning
018-12-20__20:17:34 0.14 0.11 0.09 4.42 warning
018-12-20__20:17:40 0.21 0.12 0.10 1.46 warning
018-12-20__20:17:45 0.19 0.12 0.10 6.97 warning
018-12-20__20:17:51 0.24 0.13 0.10 3.89 warning
018-12-20__20:17:57 0.22 0.13 0.10 6.74 warning
018-12-20__20:18:02 0.44 0.18 0.12 10.95 warning
018-12-20__20:18:08 0.41 0.17 0.11 5.37 warning
018-12-20__20:18:13 0.37 0.17 0.11 .50 warning
018-12-20__20:18:19 0.34 0.17 0.11 4.42 warning
018-12-20__20:18:25 0.32 0.16 0.11 .98 warning
