018-12-18__20:04:02 0.31 0.30 0.36 8.34 29.8°C normal
2018-12-20__18:58:59 0.27 0.13 0.07 19.82 warning
018-12-20__18:59:04 0.25 0.13 0.07 6.38 warning
018-12-20__18:59:10 0.23 0.13 0.07 .50 warning
018-12-20__18:59:16 0.21 0.13 0.07 4.33 warning
018-12-20__18:59:21 0.19 0.12 0.07 4.37 warning
018-12-20__18:59:27 0.18 0.12 0.07 3.93 warning
018-12-20__18:59:32 0.15 0.12 0.07 9.71 warning
018-12-20__18:59:38 0.14 0.11 0.07 4.86 warning
018-12-20__18:59:44 0.12 0.11 0.07 5.27 warning
018-12-20__18:59:49 0.11 0.11 0.07 13.07 warning
018-12-20__18:59:55 0.10 0.11 0.06 14.57 warning
018-12-20__19:00:01 0.10 0.11 0.06 2.90 warning
018-12-20__19:00:06 0.09 0.10 0.06 2.93 warning
018-12-20__19:00:12 0.08 0.10 0.06 2.47 warning
018-12-20__19:00:17 0.07 0.10 0.06 1.95 warning
018-12-20__19:00:23 0.06 0.10 0.06 .50 warning
018-12-20__19:00:29 0.06 0.09 0.06 4.88 warning
018-12-20__19:00:34 0.05 0.09 0.06 1.96 warning
018-12-20__19:00:40 0.05 0.09 0.06 8.83 warning
018-12-20__19:00:46 0.04 0.09 0.06 16.34 warning
018-12-20__19:00:51 0.12 0.10 0.07 1.94 warning
2018-12-20__19:00:57 0.11 0.10 0.06 .50 warning
2018-12-20__19:01:02 0.42 0.17 0.09 1.94 warning
2018-12-20__19:01:08 0.36 0.16 0.09 1.45 warning
2018-12-20__19:01:14 0.33 0.16 0.08 6.32 warning
2018-12-20__19:01:19 0.30 0.15 0.08 1.47 warning
2018-12-20__19:01:25 0.28 0.15 0.08 .50 warning
2018-12-20__19:23:23 0.01 0.06 0.08 21.23 warning
018-12-20__19:23:29 0.01 0.06 0.07 .99 warning
018-12-20__19:23:34 0.01 0.06 0.07 1.93 warning
018-12-20__19:23:40 0.01 0.06 0.07 .50 warning
018-12-20__19:23:46 0.01 0.05 0.07 2.92 warning
018-12-20__19:23:51 0.01 0.05 0.07 1.46 warning
018-12-20__19:23:57 0.00 0.05 0.07 1.94 warning
018-12-20__19:24:02 0.00 0.05 0.07 .50 warning
018-12-20__19:24:08 0.00 0.05 0.07 1.00 warning
018-12-20__19:24:14 0.00 0.05 0.07 15.93 warning
018-12-20__19:24:19 0.00 0.05 0.07 3.40 warning
018-12-20__19:24:25 0.00 0.05 0.07 .49 warning
018-12-20__19:24:31 0.00 0.04 0.07 1.94 warning
018-12-20__19:24:36 0.00 0.04 0.07 2.44 warning
018-12-20__19:24:42 0.00 0.04 0.07 2.93 warning
018-12-20__19:24:47 0.00 0.04 0.07 1.94 warning
018-12-20__19:24:53 0.00 0.04 0.07 .50 warning
018-12-20__19:24:59 0.00 0.04 0.07 1.46 warning
018-12-20__19:25:04 0.00 0.04 0.07 1.97 warning
018-12-20__19:25:10 0.00 0.04 0.06 24.64 warning
018-12-20__19:25:16 0.31 0.10 0.09 0 warning
018-12-20__19:25:21 0.29 0.10 0.09 .49 warning
018-12-20__19:25:27 0.27 0.10 0.09 .99 warning
2018-12-20__19:25:32 0.24 0.10 0.08 4.42 warning
018-12-20__19:25:38 0.22 0.10 0.08 1.47 warning
018-12-20__19:25:44 0.21 0.09 0.08 .50 warning
018-12-20__19:25:49 0.19 0.09 0.08 1.46 warning
018-12-20__19:25:55 0.17 0.09 0.08 2.42 warning
018-12-20__19:26:01 0.15 0.09 0.08 9.81 warning
018-12-20__19:26:06 0.13 0.08 0.08 9.86 warning
018-12-20__19:26:12 0.12 0.08 0.08 1.47 warning
018-12-20__19:26:17 0.11 0.08 0.08 1.95 warning
018-12-20__19:26:23 0.10 0.08 0.08 16.35 warning
018-12-20__19:26:29 0.10 0.08 0.08 1.00 warning
018-12-20__19:26:34 0.09 0.08 0.08 1.94 warning
018-12-20__19:26:40 0.08 0.08 0.08 1.47 warning
018-12-20__19:26:46 0.07 0.07 0.08 1.95 warning
018-12-20__19:26:51 0.06 0.07 0.08 .50 warning
018-12-20__19:26:57 0.06 0.07 0.08 13.37 warning
018-12-20__19:27:02 0.05 0.07 0.08 7.29 warning
018-12-20__19:27:08 0.05 0.07 0.08 1.46 warning
2018-12-20__19:27:14 0.04 0.07 0.08 0 warning
018-12-20__19:27:19 0.04 0.06 0.07 1.98 warning
018-12-18__20:04:02 0.31 0.30 0.36 8.34 29.8°C normal
2018-12-20__19:48:06 0.19 0.33 0.47 6.60 29.8°C normal
2018-12-20__19:48:11 0.17 0.33 0.47 2.54 29.8°C normal
2018-12-20__19:48:17 0.16 0.32 0.47 4.05 29.8°C normal
2018-12-20__19:49:21 0.29 0.35 0.46 8.59 29.8°C normal
2018-12-20__19:52:38 1.38 0.85 0.64 8.55 29.8°C normal
2018-12-20__19:52:44 1.27 0.83 0.63 5.06 29.8°C normal
2018-12-20__19:53:17 0.95 0.80 0.63 9.00 29.8°C normal
2018-12-20__19:53:22 0.88 0.79 0.62 2.58 29.8°C normal
2018-12-20__19:53:28 0.81 0.77 0.62 2.56 29.8°C normal
2018-12-20__19:53:33 1.08 0.83 0.64 2.06 29.8°C normal
2018-12-20__19:54:10 1.07 0.85 0.65 8.21 29.8°C normal
2018-12-20__20:11:38 0.11 0.15 0.13 37.75 warning
018-12-20__20:11:44 0.10 0.14 0.12 6.38 warning
018-12-20__20:11:49 0.09 0.14 0.12 5.86 warning
2018-12-20__20:11:55 0.09 0.14 0.12 8.42 warning
018-12-20__20:12:01 0.08 0.14 0.12 5.86 warning
2018-12-20__20:12:06 0.15 0.15 0.13 10.20 warning
018-12-20__20:12:12 0.14 0.15 0.12 6.32 warning
2018-12-20__20:12:18 0.12 0.14 0.12 5.40 warning
018-12-20__20:12:23 0.11 0.14 0.12 8.79 warning
2018-12-20__20:12:29 0.10 0.14 0.12 13.73 warning
018-12-20__20:12:35 0.10 0.14 0.12 19.91 warning
2018-12-20__20:12:40 0.09 0.13 0.12 5.77 warning
018-12-20__20:12:46 0.08 0.13 0.12 11.54 warning
018-12-20__20:12:51 0.15 0.14 0.12 8.79 warning
2018-12-20__20:12:57 0.14 0.14 0.12 5.40 warning
018-12-20__20:13:03 0.12 0.14 0.12 8.38 warning
2018-12-20__20:13:08 0.11 0.14 0.12 10.25 warning
018-12-20__20:13:14 0.10 0.13 0.12 9.46 warning
2018-12-20__20:13:20 0.10 0.13 0.12 12.57 warning
018-12-20__20:13:25 0.09 0.13 0.12 10.68 warning
2018-12-20__20:13:31 0.08 0.13 0.12 11.50 warning
018-12-20__20:13:36 0.23 0.15 0.12 4.93 warning
018-12-20__20:13:42 0.29 0.17 0.13 4.84 warning
2018-12-20__20:13:48 0.27 0.17 0.13 2.96 warning
018-12-20__20:13:53 0.25 0.16 0.13 10.68 warning
2018-12-20__20:13:59 0.23 0.16 0.13 11.06 warning
018-12-20__20:14:05 0.21 0.16 0.13 6.25 warning
2018-12-20__20:14:10 0.19 0.15 0.12 10.58 warning
018-12-20__20:14:16 0.17 0.15 0.12 1.50 warning
2018-12-20__20:14:21 0.15 0.15 0.12 11.66 warning
018-12-20__20:14:27 0.14 0.14 0.12 13.88 warning
2018-12-20__20:14:33 0.12 0.14 0.12 4.44 warning
018-12-20__20:14:38 0.27 0.17 0.13 20.10 warning
018-12-20__20:14:44 0.33 0.19 0.14 5.83 warning
2018-12-20__20:14:50 0.31 0.18 0.13 4.40 warning
018-12-20__20:14:55 0.28 0.18 0.13 10.63 warning
2018-12-20__20:15:01 0.26 0.18 0.13 17.57 warning
018-12-20__20:15:06 0.59 0.25 0.16 5.00 warning
2018-12-20__20:15:12 0.54 0.25 0.16 9.32 warning
018-12-20__20:15:18 0.50 0.24 0.16 20.20 warning
2018-12-20__20:15:23 0.46 0.24 0.15 9.91 warning
018-12-20__20:15:29 0.42 0.23 0.15 3.45 warning
018-12-20__20:15:34 0.39 0.23 0.15 7.62 warning
2018-12-20__20:15:40 0.35 0.23 0.15 8.05 warning
018-12-20__20:15:46 0.33 0.22 0.15 20.86 warning
2018-12-20__20:15:51 0.46 0.25 0.16 9.53 warning
018-12-20__20:15:57 0.68 0.31 0.18 13.80 warning
2018-12-20__20:16:03 0.63 0.30 0.18 4.42 warning
018-12-20__20:16:08 0.58 0.30 0.18 7.25 warning
2018-12-20__20:16:14 0.53 0.29 0.18 14.57 warning
018-12-20__20:16:19 0.49 0.29 0.18 13.24 warning
2018-12-20__20:16:25 0.45 0.28 0.18 4.91 warning
018-12-20__20:16:31 0.41 0.28 0.17 8.87 warning
018-12-20__20:16:36 0.38 0.27 0.17 5.42 warning
2018-12-20__20:16:42 0.47 0.30 0.18 10.15 warning
018-12-20__20:16:48 0.44 0.29 0.18 8.70 warning
2018-12-20__20:16:53 0.40 0.29 0.18 11.17 warning
018-12-20__20:16:59 0.37 0.28 0.18 8.42 warning
2018-12-20__20:17:04 0.34 0.28 0.18 8.38 warning
018-12-20__20:17:10 0.31 0.27 0.18 31.53 warning
2018-12-20__20:17:16 0.29 0.27 0.18 4.86 warning
018-12-20__20:17:21 0.26 0.26 0.18 8.22 warning
018-12-20__20:17:27 0.22 0.25 0.17 10.74 warning
2018-12-20__20:17:33 0.20 0.25 0.17 10.90 warning
018-12-20__20:17:38 0.19 0.25 0.17 8.83 warning
2018-12-20__20:17:44 0.17 0.24 0.17 13.66 warning
018-12-20__20:17:49 0.16 0.24 0.17 6.83 warning
2018-12-20__20:17:55 0.15 0.23 0.17 14.08 warning
018-12-20__20:18:01 0.13 0.23 0.17 10.79 warning
2018-12-20__20:18:06 0.20 0.24 0.17 14.71 warning
018-12-20__20:18:12 0.33 0.27 0.18 4.98 warning
