018-12-18__20:04:02 0.31 0.30 0.36 8.34 29.8°C normal
2018-12-20__18:54:35 0.32 0.13 0.13 26.77 warning
018-12-20__18:54:41 0.54 0.17 0.14 33.34 warning
2018-12-20__18:54:46 0.66 0.21 0.16 4.86 warning
2018-12-20__18:54:52 0.55 0.20 0.15 14.64 warning
2018-12-20__18:54:57 0.75 0.25 0.17 9.05 warning
2018-12-20__18:55:03 0.69 0.24 0.17 3.34 warning
2018-12-20__18:56:36 0.31 0.22 0.17 28.78 warning
018-12-20__18:56:42 0.28 0.22 0.17 10.50 warning
018-12-20__18:56:47 0.24 0.21 0.16 2.89 warning
018-12-20__18:56:53 0.22 0.20 0.16 3.34 warning
018-12-20__18:56:58 0.20 0.20 0.16 2.89 warning
018-12-20__18:57:04 0.18 0.20 0.16 3.35 warning
018-12-20__18:57:10 0.17 0.19 0.16 2.90 warning
018-12-20__18:57:15 0.32 0.22 0.17 2.89 warning
018-12-20__18:57:21 0.29 0.22 0.17 1.94 warning
018-12-20__18:57:27 0.35 0.23 0.17 13.60 warning
018-12-20__18:57:32 0.37 0.24 0.18 12.92 warning
018-12-20__18:57:38 0.34 0.24 0.18 5.67 warning
018-12-20__18:57:44 0.31 0.23 0.18 .50 warning
018-12-20__18:57:49 0.29 0.23 0.18 2.42 warning
018-12-20__18:57:55 0.26 0.23 0.17 3.42 warning
018-12-20__18:58:00 0.24 0.22 0.17 2.41 warning
018-12-20__18:58:06 0.22 0.22 0.17 3.39 warning
018-12-20__18:58:12 0.20 0.21 0.17 3.85 warning
018-12-20__18:58:17 0.17 0.21 0.17 8.18 warning
018-12-20__18:58:23 0.16 0.20 0.17 8.54 warning
018-12-20__18:58:29 0.15 0.20 0.17 13.73 warning
018-12-20__18:58:34 0.13 0.20 0.17 2.86 warning
018-12-20__18:58:40 0.28 0.23 0.18 2.40 warning
018-12-20__18:58:46 0.26 0.22 0.18 6.87 warning
018-12-20__18:58:51 0.32 0.24 0.18 2.42 warning
018-12-20__18:58:57 0.29 0.23 0.18 .99 warning
2018-12-20__18:59:02 0.25 0.22 0.18 .97 warning
018-12-20__18:59:08 0.23 0.22 0.18 7.73 warning
018-12-20__18:59:14 0.21 0.22 0.18 6.80 warning
018-12-20__18:59:19 0.19 0.21 0.18 1.94 warning
018-12-20__18:59:25 0.18 0.21 0.17 1.95 warning
018-12-20__18:59:31 0.16 0.20 0.17 10.20 warning
018-12-20__18:59:36 0.15 0.20 0.17 8.22 warning
018-12-20__18:59:42 0.14 0.20 0.17 2.41 warning
018-12-20__18:59:47 0.12 0.19 0.17 2.41 warning
018-12-20__18:59:53 0.11 0.19 0.17 .98 warning
018-12-20__18:59:59 0.10 0.18 0.17 2.88 warning
018-12-20__19:00:04 0.09 0.18 0.17 6.83 warning
018-12-20__19:00:10 0.08 0.18 0.17 5.92 warning
018-12-20__19:00:16 0.08 0.17 0.16 5.89 warning
018-12-20__19:00:21 0.07 0.17 0.16 1.47 warning
018-12-20__19:00:27 0.22 0.20 0.17 4.86 warning
018-12-20__19:00:32 0.19 0.19 0.17 11.85 warning
018-12-20__19:00:38 0.17 0.19 0.17 1.47 warning
018-12-20__19:00:44 0.16 0.19 0.17 2.89 warning
018-12-20__19:00:49 0.15 0.18 0.17 2.42 warning
2018-12-20__19:00:55 0.13 0.18 0.17 8.66 warning
2018-12-20__19:01:01 0.12 0.18 0.17 15.61 warning
2018-12-20__19:01:06 0.11 0.17 0.17 3.00 warning
2018-12-20__19:01:12 0.10 0.17 0.16 1.47 warning
2018-12-20__19:01:17 0.31 0.21 0.18 1.47 warning
2018-12-20__19:01:23 0.28 0.21 0.18 11.34 warning
2018-12-20__19:12:51 0.07 0.11 0.14 30.34 warning
018-12-20__19:12:57 0.06 0.11 0.13 1.94 warning
2018-12-20__19:15:35 0.08 0.07 0.11 42.72 warning
018-12-20__19:15:41 0.07 0.07 0.11 9.86 warning
018-12-20__19:15:47 0.06 0.07 0.11 3.89 warning
018-12-20__19:15:52 0.06 0.07 0.11 1.94 warning
018-12-20__19:15:58 0.05 0.07 0.11 .99 warning
018-12-20__19:16:04 0.05 0.06 0.10 3.83 warning
018-12-20__19:16:09 0.04 0.06 0.10 1.46 warning
018-12-20__19:16:15 0.04 0.06 0.10 .99 warning
018-12-20__19:16:21 0.03 0.06 0.10 3.37 warning
018-12-20__19:16:26 0.03 0.06 0.10 15.20 warning
018-12-20__19:16:32 0.03 0.06 0.10 14.22 warning
018-12-20__19:16:37 0.03 0.06 0.10 1.48 warning
018-12-20__19:16:43 0.02 0.05 0.10 2.41 warning
018-12-20__19:22:40 0.47 0.24 0.16 39.16 warning
018-12-20__19:22:46 0.77 0.32 0.18 10.63 warning
018-12-20__19:22:51 0.71 0.31 0.18 9.10 warning
018-12-20__19:22:57 0.65 0.31 0.18 3.87 warning
018-12-20__19:23:02 0.60 0.30 0.18 2.42 warning
018-12-20__19:23:08 0.55 0.30 0.18 2.88 warning
018-12-20__19:23:14 0.58 0.31 0.18 1.47 warning
018-12-20__19:23:19 0.54 0.30 0.18 7.89 warning
018-12-20__19:23:25 0.49 0.30 0.18 5.95 warning
018-12-20__19:23:31 0.57 0.32 0.19 20.88 warning
018-12-20__19:23:36 0.53 0.31 0.19 38.12 warning
018-12-20__19:23:42 0.64 0.34 0.20 .99 warning
018-12-20__19:23:48 0.59 0.34 0.20 .99 warning
018-12-20__19:23:53 0.71 0.36 0.21 3.85 warning
018-12-20__19:23:59 0.65 0.36 0.20 11.17 warning
018-12-20__19:24:04 0.60 0.35 0.20 2.89 warning
018-12-20__19:24:10 0.63 0.36 0.21 4.84 warning
018-12-20__19:24:16 0.61 0.37 0.21 9.71 warning
018-12-20__19:24:21 0.56 0.36 0.21 15.24 warning
018-12-20__19:24:27 0.51 0.35 0.21 4.29 warning
018-12-20__19:24:33 0.47 0.35 0.21 15.32 warning
018-12-20__19:24:38 0.43 0.34 0.20 8.22 warning
018-12-20__19:24:44 0.48 0.35 0.21 4.91 warning
018-12-20__19:24:50 0.44 0.35 0.21 1.97 warning
018-12-20__19:24:55 0.40 0.34 0.21 1.95 warning
018-12-20__19:25:01 0.49 0.36 0.21 2.41 warning
018-12-20__19:25:06 0.53 0.37 0.22 3.85 warning
018-12-20__19:25:12 0.81 0.43 0.24 8.87 warning
018-12-20__19:25:18 0.74 0.43 0.24 23.68 warning
018-12-20__19:25:23 0.68 0.42 0.24 3.35 warning
018-12-20__19:25:29 0.63 0.41 0.23 2.92 warning
018-12-20__19:25:35 0.58 0.41 0.23 13.53 warning
018-12-20__19:25:40 0.53 0.40 0.23 15.20 warning
018-12-20__19:25:46 0.74 0.45 0.25 7.77 warning
018-12-20__19:25:51 0.77 0.46 0.25 1.93 warning
018-12-20__19:25:57 0.70 0.45 0.25 14.22 warning
018-12-20__19:26:03 0.73 0.46 0.26 7.32 warning
018-12-20__19:26:08 0.67 0.45 0.26 11.85 warning
018-12-20__19:26:14 0.62 0.45 0.25 7.70 warning
018-12-20__19:26:19 0.57 0.44 0.25 3.39 warning
018-12-20__19:26:25 0.52 0.43 0.25 3.34 warning
018-12-20__19:26:31 0.44 0.42 0.25 3.89 warning
2018-12-20__19:26:36 0.48 0.43 0.25 13.60 warning
018-12-20__19:26:42 0.53 0.44 0.26 .99 warning
018-12-20__19:26:47 0.56 0.45 0.26 13.66 warning
018-12-20__19:26:53 0.52 0.44 0.26 11.06 warning
018-12-20__19:26:59 0.48 0.43 0.26 15.87 warning
018-12-20__19:27:04 0.44 0.42 0.26 12.75 warning
018-12-20__19:27:10 0.48 0.43 0.26 6.25 warning
018-12-20__19:27:16 0.44 0.43 0.26 22.01 warning
018-12-18__20:04:02 0.31 0.30 0.36 8.34 29.8°C normal
2018-12-20__19:48:06 0.19 0.33 0.47 6.60 29.8°C normal
2018-12-20__19:48:11 0.17 0.33 0.47 2.54 29.8°C normal
2018-12-20__19:48:17 0.16 0.32 0.47 4.05 29.8°C normal
2018-12-20__19:49:21 0.29 0.35 0.46 8.59 29.8°C normal
2018-12-20__19:52:38 1.38 0.85 0.64 8.55 29.8°C normal
2018-12-20__19:52:44 1.27 0.83 0.63 5.06 29.8°C normal
2018-12-20__19:53:17 0.95 0.80 0.63 9.00 29.8°C normal
2018-12-20__19:53:22 0.88 0.79 0.62 2.58 29.8°C normal
2018-12-20__19:53:28 0.81 0.77 0.62 2.56 29.8°C normal
2018-12-20__19:53:33 1.08 0.83 0.64 2.06 29.8°C normal
2018-12-20__19:54:10 1.07 0.85 0.65 8.21 29.8°C normal
2018-12-20__19:57:21 0.54 0.48 0.48 40.57 warning
018-12-20__19:57:26 0.65 0.51 0.49 12.26 warning
018-12-20__19:57:32 0.60 0.50 0.49 12.63 warning
018-12-20__19:57:38 0.55 0.49 0.48 8.92 warning
018-12-20__19:57:43 0.51 0.48 0.48 14.93 warning
018-12-20__19:57:49 0.47 0.47 0.48 6.32 warning
018-12-20__19:57:55 0.40 0.46 0.47 7.81 warning
018-12-20__19:58:00 0.36 0.45 0.47 13.37 warning
018-12-20__19:58:06 0.33 0.44 0.47 15.05 warning
018-12-20__19:58:11 0.31 0.43 0.46 18.05 warning
018-12-20__19:58:17 0.28 0.43 0.46 11.71 warning
018-12-20__19:58:23 0.26 0.42 0.46 25.00 warning
018-12-20__19:58:28 0.24 0.41 0.45 9.76 warning
018-12-20__19:58:34 0.30 0.42 0.46 8.46 warning
018-12-20__19:58:39 0.25 0.41 0.45 8.83 warning
018-12-20__19:58:45 0.23 0.40 0.45 9.96 warning
018-12-20__19:58:51 0.21 0.39 0.45 9.96 warning
018-12-20__19:58:56 0.20 0.39 0.44 8.14 warning
018-12-20__19:59:02 0.18 0.38 0.44 17.48 warning
018-12-20__19:59:08 0.17 0.37 0.44 19.50 warning
018-12-20__19:59:13 0.15 0.37 0.44 14.84 warning
018-12-20__19:59:19 0.30 0.39 0.45 15.95 warning
018-12-20__19:59:25 0.25 0.38 0.44 11.12 warning
018-12-20__19:59:30 0.31 0.39 0.44 6.74 warning
018-12-20__19:59:36 0.29 0.38 0.44 18.75 warning
018-12-20__19:59:41 0.26 0.38 0.44 8.42 warning
018-12-20__19:59:47 0.32 0.39 0.44 12.92 warning
018-12-20__19:59:53 0.30 0.38 0.44 8.83 warning
018-12-20__19:59:58 0.43 0.41 0.45 26.89 warning
018-12-20__20:00:04 0.40 0.40 0.45 17.00 warning
018-12-20__20:00:10 0.42 0.40 0.45 9.71 warning
018-12-20__20:00:15 0.38 0.40 0.45 12.08 warning
018-12-20__20:00:21 0.35 0.39 0.44 54.55 warning
018-12-20__20:00:26 0.32 0.38 0.44 20.00 warning
018-12-20__20:00:32 0.30 0.38 0.44 12.26 warning
018-12-20__20:00:38 0.35 0.39 0.44 10.15 warning
018-12-20__20:00:43 0.33 0.38 0.44 16.26 warning
018-12-20__20:00:49 0.30 0.37 0.44 27.89 warning
018-12-20__20:00:55 0.33 0.38 0.44 10.30 warning
018-12-20__20:01:00 0.30 0.37 0.43 21.26 warning
018-12-20__20:01:06 0.36 0.38 0.44 24.41 warning
018-12-20__20:01:12 0.49 0.41 0.45 54.42 warning
018-12-20__20:01:18 0.45 0.40 0.44 10.25 warning
018-12-20__20:01:24 0.41 0.40 0.44 9.71 warning
018-12-20__20:01:30 0.54 0.42 0.45 12.38 warning
018-12-20__20:06:06 0.06 0.22 0.36 31.41 warning
2018-12-20__20:06:12 0.05 0.22 0.35 2.47 warning
2018-12-20__20:08:04 0.18 0.19 0.33 25.24 warning
2018-12-20__20:08:10 0.16 0.19 0.33 11.71 warning
2018-12-20__20:08:15 0.23 0.20 0.33 19.12 warning
2018-12-20__20:08:21 0.35 0.23 0.34 10.15 warning
2018-12-20__20:08:27 0.32 0.23 0.34 16.10 warning
2018-12-20__20:08:32 0.29 0.22 0.33 5.24 warning
2018-12-20__20:11:24 0.16 0.21 0.31 38.17 warning
018-12-20__20:11:30 0.14 0.20 0.31 4.86 warning
018-12-20__20:11:35 0.13 0.20 0.30 1.95 warning
018-12-20__20:11:41 0.19 0.21 0.31 6.29 warning
018-12-20__20:11:47 0.18 0.21 0.30 4.48 warning
018-12-20__20:11:52 0.16 0.20 0.30 8.70 warning
018-12-20__20:11:58 0.15 0.20 0.30 5.34 warning
018-12-20__20:12:03 0.14 0.20 0.30 7.29 warning
018-12-20__20:12:09 0.29 0.23 0.31 4.77 warning
018-12-20__20:12:15 0.26 0.22 0.31 19.03 warning
018-12-20__20:12:20 0.24 0.22 0.30 17.83 warning
018-12-20__20:12:26 0.20 0.21 0.30 3.85 warning
018-12-20__20:12:32 0.35 0.24 0.31 2.86 warning
018-12-20__20:12:37 0.32 0.24 0.31 4.88 warning
018-12-20__20:12:43 0.29 0.23 0.31 5.24 warning
018-12-20__20:12:49 0.27 0.23 0.30 2.43 warning
018-12-20__20:12:54 0.41 0.26 0.31 5.80 warning
018-12-20__20:13:00 0.38 0.25 0.31 16.75 warning
018-12-20__20:13:05 0.35 0.25 0.31 14.36 warning
018-12-20__20:13:11 0.53 0.29 0.32 29.47 warning
018-12-20__20:13:17 0.80 0.35 0.34 3.35 warning
018-12-20__20:13:22 0.74 0.35 0.34 16.51 warning
018-12-20__20:13:28 0.76 0.36 0.34 11.60 warning
018-12-20__20:13:34 0.70 0.35 0.34 2.95 warning
018-12-20__20:13:39 0.80 0.38 0.35 6.29 warning
018-12-20__20:13:45 0.82 0.39 0.36 1.95 warning
018-12-20__20:13:50 0.84 0.40 0.36 4.37 warning
018-12-20__20:13:56 0.85 0.41 0.36 5.34 warning
018-12-20__20:14:02 0.79 0.41 0.36 9.32 warning
018-12-20__20:14:07 0.73 0.41 0.36 6.90 warning
018-12-20__20:14:13 0.67 0.40 0.36 .99 warning
018-12-20__20:14:18 0.62 0.39 0.36 3.85 warning
018-12-20__20:14:24 0.57 0.39 0.36 14.15 warning
018-12-20__20:14:30 1.00 0.48 0.39 12.57 warning
018-12-20__20:14:35 0.92 0.47 0.38 2.42 warning
018-12-20__20:14:41 1.01 0.50 0.39 4.40 warning
018-12-20__20:14:47 0.85 0.48 0.39 1.97 warning
018-12-20__20:14:52 0.78 0.47 0.39 14.70 warning
018-12-20__20:14:58 0.72 0.46 0.38 2.41 warning
018-12-20__20:15:04 0.66 0.45 0.38 10.48 warning
018-12-20__20:15:09 0.77 0.48 0.39 3.44 warning
018-12-20__20:15:15 0.95 0.52 0.40 6.74 warning
018-12-20__20:15:20 0.95 0.53 0.41 17.08 warning
018-12-20__20:15:26 1.04 0.56 0.42 8.66 warning
018-12-20__20:15:32 0.88 0.54 0.41 8.26 warning
018-12-20__20:15:37 0.81 0.53 0.41 20.50 warning
018-12-20__20:15:43 0.74 0.52 0.41 .98 warning
018-12-20__20:15:48 0.68 0.51 0.40 4.40 warning
018-12-20__20:15:54 0.63 0.50 0.40 10.10 warning
018-12-20__20:16:00 0.58 0.49 0.40 12.92 warning
018-12-20__20:16:05 0.53 0.48 0.40 1.95 warning
018-12-20__20:16:11 0.57 0.49 0.40 6.29 warning
018-12-20__20:16:17 0.48 0.48 0.40 8.79 warning
018-12-20__20:16:22 0.44 0.47 0.39 8.79 warning
018-12-20__20:16:28 0.41 0.46 0.39 8.34 warning
018-12-20__20:16:34 0.37 0.45 0.39 7.11 warning
018-12-20__20:16:39 0.34 0.44 0.39 17.88 warning
018-12-20__20:16:45 0.32 0.44 0.38 4.33 warning
018-12-20__20:16:51 0.29 0.43 0.38 14.36 warning
018-12-20__20:16:56 0.27 0.42 0.38 7.08 warning
018-12-20__20:17:02 0.31 0.42 0.38 2.89 warning
018-12-20__20:17:07 0.28 0.42 0.38 5.40 warning
018-12-20__20:17:13 0.26 0.41 0.37 9.62 warning
018-12-20__20:17:19 0.24 0.40 0.37 4.33 warning
018-12-20__20:17:24 0.30 0.41 0.38 18.72 warning
018-12-20__20:17:30 0.35 0.42 0.38 9.41 warning
018-12-20__20:17:36 0.33 0.42 0.38 20.29 warning
018-12-20__20:17:41 0.30 0.41 0.37 48.08 warning
018-12-20__20:17:47 0.47 0.44 0.39 3.32 warning
018-12-20__20:17:53 0.44 0.44 0.38 1.94 warning
018-12-20__20:17:58 0.40 0.43 0.38 10.84 warning
018-12-20__20:18:04 0.45 0.44 0.38 3.81 warning
018-12-20__20:18:10 0.49 0.45 0.39 2.92 warning
018-12-20__20:18:15 0.45 0.44 0.39 6.32 warning
