018-12-18__20:04:01	1	/                        44036	19252	54%
2018-12-18__20:04:01	1	/media/gpx/Data          26303	15960	40%
2018-12-18__20:04:01	1	/media/gpx/Acer          121524	43107	65%
2018-12-18__20:04:01	1	/media/gpx/Software      50228	26175	48%
2018-12-18__20:04:01	0	disk                     242091	104494	55%
018-12-18__20:04:01	1	/                        44036	19252	54%
2018-12-18__20:04:01	1	/media/gpx/Data          26303	15960	40%
2018-12-18__20:04:01	1	/media/gpx/Acer          121524	43107	65%
2018-12-18__20:04:01	1	/media/gpx/Software      50228	26175	48%
2018-12-18__20:04:01	0	disk                     242091	104494	55%
2018-12-20__19:52:38 0 disk 242091 111816 53%
2018-12-20__19:52:38 1 / 44036 21420 55%
2018-12-20__19:52:38 1 /media/gpx/Data 26303 15959 40%
2018-12-20__19:52:38 1 /media/gpx/Acer 121524 48145 61%
2018-12-20__19:52:38 1 /media/gpx/Software 50228 26292 48%
2018-12-20__19:53:16 0 disk 242091 111816 53%
2018-12-20__19:53:16 1 / 44036 21420 55%
2018-12-20__19:53:16 1 /media/gpx/Data 26303 15959 40%
2018-12-20__19:53:16 1 /media/gpx/Acer 121524 48145 61%
2018-12-20__19:53:16 1 /media/gpx/Software 50228 26292 48%
2018-12-20__19:54:09 0 disk 242091 111815 53%
2018-12-20__19:54:09 1 / 44036 21419 55%
2018-12-20__19:54:09 1 /media/gpx/Data 26303 15959 40%
2018-12-20__19:54:09 1 /media/gpx/Acer 12152 48145 61%
2018-12-20__19:54:09 1 /media/gpx/Software 50228 26292 48%
2018-12-20__19:57:20 0 disk 29941 7339 75%
2018-12-20__19:57:20 1 / 29899 7318 79%
2018-12-20__19:57:20 1 /boot 42 21 51%
018-12-20__19:58:20 0 disk 29941 7339 75%
2018-12-20__19:58:20 1 / 29899 7318 79%
2018-12-20__19:58:20 1 /boot 42 21 51%
018-12-20__19:59:20 0 disk 29941 7339 75%
2018-12-20__19:59:20 1 / 29899 7318 79%
2018-12-20__19:59:20 1 /boot 42 21 51%
018-12-20__20:00:20 0 disk 29941 7339 75%
2018-12-20__20:00:20 1 / 29899 7318 79%
2018-12-20__20:00:20 1 /boot 42 21 51%
018-12-20__20:01:20 0 disk 29941 7339 75%
2018-12-20__20:01:20 1 / 29899 7318 79%
2018-12-20__20:01:20 1 /boot 42 21 51%
018-12-20__20:06:06 0 disk 29941 7339 75%
2018-12-20__20:06:06 1 / 29899 7318 79%
2018-12-20__20:06:06 1 /boot 42 21 51%
2018-12-20__20:08:03 0 disk 29941 7339 75%
2018-12-20__20:08:03 1 / 29899 7318 79%
2018-12-20__20:08:03 1 /boot 42 21 51%
2018-12-20__20:11:23 0 disk 29941 7339 75%
2018-12-20__20:11:23 1 / 29899 7318 79%
2018-12-20__20:11:23 1 /boot 42 21 51%
018-12-20__20:12:24 0 disk 29941 7339 75%
2018-12-20__20:12:24 1 / 29899 7318 79%
2018-12-20__20:12:24 1 /boot 42 21 51%
018-12-20__20:13:24 0 disk 29941 7339 75%
2018-12-20__20:13:24 1 / 29899 7318 79%
2018-12-20__20:13:24 1 /boot 42 21 51%
018-12-20__20:14:24 0 disk 29941 7339 75%
2018-12-20__20:14:24 1 / 29899 7318 79%
2018-12-20__20:14:24 1 /boot 42 21 51%
018-12-20__20:15:24 0 disk 29941 7339 75%
2018-12-20__20:15:24 1 / 29899 7318 79%
2018-12-20__20:15:24 1 /boot 42 21 51%
018-12-20__20:16:24 0 disk 29941 7339 75%
2018-12-20__20:16:24 1 / 29899 7318 79%
2018-12-20__20:16:24 1 /boot 42 21 51%
018-12-20__20:17:24 0 disk 29941 7339 75%
2018-12-20__20:17:24 1 / 29899 7318 79%
2018-12-20__20:17:24 1 /boot 42 21 51%
