018-12-18__20:04:02 0.31 0.30 0.36 8.34 29.8°C normal
2018-12-20__19:00:17 0.01 0.04 0.06 16.51 warning
018-12-20__19:00:23 0.01 0.04 0.06 .98 warning
018-12-20__19:00:29 0.01 0.04 0.06 1.47 warning
018-12-20__19:00:34 0.17 0.07 0.07 2.41 warning
018-12-20__19:00:40 0.63 0.17 0.11 1.46 warning
018-12-20__19:00:46 0.58 0.16 0.10 1.95 warning
018-12-20__19:00:51 0.54 0.16 0.10 .98 warning
2018-12-20__19:00:57 0.49 0.16 0.10 1.45 warning
2018-12-20__19:01:02 0.45 0.15 0.10 1.96 warning
2018-12-20__19:01:08 0.46 0.17 0.11 8.70 warning
2018-12-20__19:01:14 0.43 0.16 0.10 2.99 warning
2018-12-20__19:01:19 0.39 0.16 0.10 .50 warning
2018-12-20__19:23:33 0.00 0.03 0.03 17.85 warning
018-12-20__19:23:38 0.00 0.03 0.03 .98 warning
018-12-20__19:23:44 0.00 0.03 0.03 .50 warning
018-12-20__19:23:49 0.00 0.03 0.03 1.46 warning
018-12-20__19:23:55 0.00 0.03 0.03 2.42 warning
018-12-20__19:24:01 0.08 0.04 0.04 1.47 warning
018-12-20__19:24:06 0.29 0.09 0.05 5.40 warning
018-12-20__19:24:12 0.35 0.10 0.06 .98 warning
018-12-20__19:24:18 0.32 0.10 0.06 .49 warning
018-12-20__19:24:23 0.29 0.10 0.06 16.67 warning
018-12-20__19:24:29 0.27 0.10 0.06 2.47 warning
018-12-20__19:24:34 0.25 0.10 0.06 .98 warning
018-12-20__19:24:40 0.23 0.09 0.06 1.93 warning
018-12-20__19:24:46 0.21 0.09 0.06 1.94 warning
2018-12-20__19:24:51 0.18 0.09 0.06 1.46 warning
018-12-20__19:24:57 0.16 0.09 0.05 .50 warning
018-12-20__19:25:03 0.15 0.09 0.05 9.50 warning
018-12-20__19:25:08 0.14 0.08 0.05 3.42 warning
018-12-20__19:25:14 0.12 0.08 0.05 .50 warning
018-12-20__19:25:19 0.11 0.08 0.05 16.84 warning
018-12-20__19:25:25 0.10 0.08 0.05 1.97 warning
018-12-20__19:25:31 0.10 0.08 0.05 1.46 warning
018-12-20__19:25:36 0.08 0.08 0.05 5.83 warning
018-12-20__19:25:42 0.07 0.07 0.05 1.96 warning
018-12-20__19:25:48 0.07 0.07 0.05 1.96 warning
018-12-20__19:25:53 0.06 0.07 0.05 3.89 warning
018-12-20__19:25:59 0.06 0.07 0.05 1.46 warning
018-12-20__19:26:04 0.05 0.07 0.05 .50 warning
018-12-20__19:26:10 0.05 0.07 0.05 19.03 warning
018-12-20__19:26:16 0.04 0.06 0.05 5.86 warning
018-12-20__19:26:21 0.04 0.06 0.05 2.93 warning
018-12-20__19:26:27 0.03 0.06 0.05 1.95 warning
018-12-20__19:26:33 0.43 0.14 0.07 15.13 warning
018-12-20__19:26:38 0.40 0.14 0.07 1.48 warning
018-12-20__19:26:44 0.44 0.15 0.08 2.42 warning
018-12-20__19:26:49 0.57 0.19 0.09 .50 warning
018-12-20__19:26:55 0.52 0.18 0.09 1.45 warning
018-12-20__19:27:01 0.48 0.18 0.09 2.92 warning
018-12-20__19:27:06 0.41 0.17 0.09 12.63 warning
018-12-20__19:27:12 0.37 0.17 0.09 7.36 warning
018-12-20__19:27:18 0.34 0.17 0.09 1.95 warning
018-12-18__20:04:02 0.31 0.30 0.36 8.34 29.8°C normal
2018-12-20__19:48:06 0.19 0.33 0.47 6.60 29.8°C normal
2018-12-20__19:48:11 0.17 0.33 0.47 2.54 29.8°C normal
2018-12-20__19:48:17 0.16 0.32 0.47 4.05 29.8°C normal
2018-12-20__19:49:21 0.29 0.35 0.46 8.59 29.8°C normal
2018-12-20__19:52:38 1.38 0.85 0.64 8.55 29.8°C normal
2018-12-20__19:52:44 1.27 0.83 0.63 5.06 29.8°C normal
2018-12-20__19:53:17 0.95 0.80 0.63 9.00 29.8°C normal
2018-12-20__19:53:22 0.88 0.79 0.62 2.58 29.8°C normal
2018-12-20__19:53:28 0.81 0.77 0.62 2.56 29.8°C normal
2018-12-20__19:53:33 1.08 0.83 0.64 2.06 29.8°C normal
2018-12-20__19:54:10 1.07 0.85 0.65 8.21 29.8°C normal
2018-12-20__20:17:40 0.16 0.15 0.16 17.48 warning
018-12-20__20:17:46 0.31 0.18 0.17 8.87 warning
018-12-20__20:17:52 0.37 0.19 0.18 3.45 warning
018-12-20__20:17:57 0.50 0.22 0.19 7.43 warning
018-12-20__20:18:03 0.42 0.21 0.18 7.73 warning
018-12-20__20:18:08 0.39 0.21 0.18 2.41 warning
018-12-20__20:18:14 0.36 0.21 0.18 4.93 warning
018-12-20__20:18:20 0.33 0.20 0.18 14.22 warning
018-12-20__20:18:25 0.30 0.20 0.18 11.22 warning
