018-12-18__20:04:01	1	/                        44036	19252	54%
2018-12-18__20:04:01	1	/media/gpx/Data          26303	15960	40%
2018-12-18__20:04:01	1	/media/gpx/Acer          121524	43107	65%
2018-12-18__20:04:01	1	/media/gpx/Software      50228	26175	48%
2018-12-18__20:04:01	0	disk                     242091	104494	55%
018-12-18__20:04:01	1	/                        44036	19252	54%
2018-12-18__20:04:01	1	/media/gpx/Data          26303	15960	40%
2018-12-18__20:04:01	1	/media/gpx/Acer          121524	43107	65%
2018-12-18__20:04:01	1	/media/gpx/Software      50228	26175	48%
2018-12-18__20:04:01	0	disk                     242091	104494	55%
2018-12-20__19:52:38 0 disk 242091 111816 53%
2018-12-20__19:52:38 1 / 44036 21420 55%
2018-12-20__19:52:38 1 /media/gpx/Data 26303 15959 40%
2018-12-20__19:52:38 1 /media/gpx/Acer 121524 48145 61%
2018-12-20__19:52:38 1 /media/gpx/Software 50228 26292 48%
2018-12-20__19:53:16 0 disk 242091 111816 53%
2018-12-20__19:53:16 1 / 44036 21420 55%
2018-12-20__19:53:16 1 /media/gpx/Data 26303 15959 40%
2018-12-20__19:53:16 1 /media/gpx/Acer 121524 48145 61%
2018-12-20__19:53:16 1 /media/gpx/Software 50228 26292 48%
2018-12-20__19:54:09 0 disk 242091 111815 53%
2018-12-20__19:54:09 1 / 44036 21419 55%
2018-12-20__19:54:09 1 /media/gpx/Data 26303 15959 40%
2018-12-20__19:54:09 1 /media/gpx/Acer 12152 48145 61%
2018-12-20__19:54:09 1 /media/gpx/Software 50228 26292 48%
2018-12-20__20:17:40 0 disk 29941 15041 49%
2018-12-20__20:17:40 1 / 29899 15020 52%
2018-12-20__20:17:40 1 /boot 42 21 51%
