018-12-12__19:34:56 0.76 0.77 0.72 3.07 29.8°C normal
2018-12-12__19:35:02 0.70 0.76 0.72 5.08 29.8°C normal
2018-12-12__19:35:10 0.67 0.75 0.72 11.06 29.8°C normal
2018-12-12__19:35:15 0.61 0.73 0.71 5.59 29.8°C normal
2018-12-12__19:35:55 0.48 0.69 0.70 9.60 29.8°C normal
2018-12-12__19:36:00 0.44 0.68 0.70 4.07 29.8°C normal
2018-12-12__19:36:06 0.41 0.66 0.69 7.50 29.8°C normal
2018-12-12__19:37:23 0.45 0.63 0.68 5.56 29.8°C normal
2018-12-12__19:37:29 0.46 0.63 0.68 8.50 29.8°C normal
2018-12-12__19:37:34 0.42 0.62 0.67 5.53 29.8°C normal
2018-12-12__19:37:40 0.39 0.61 0.67 8.46 29.8°C normal
2018-12-12__19:37:45 0.36 0.60 0.67 3.56 29.8°C normal
2018-12-12__19:41:22 0.37 0.52 0.62 5.62 29.8°C normal
2018-12-12__19:41:28 0.34 0.51 0.62 5.06 29.8°C normal
2018-12-12__19:41:33 0.31 0.50 0.62 10.35 29.8°C normal
2018-12-12__19:41:39 0.26 0.48 0.61 4.98 29.8°C normal
2018-12-12__19:41:44 0.24 0.47 0.61 7.97 29.8°C normal
2018-12-12__19:43:55 0.86 0.69 0.67 5.59 29.8°C normal
2018-12-12__1:44:01 0.87 0.70 0.67 6.50 29.8°C normal
2018-12-12__19:44:06 0.80 0.68 0.67 7.47 29.8°C normal
2018-12-12__19:44:12 0.73 0.67 0.67 11.77 29.8°C normal
2018-12-12__19:44:17 0.67 0.66 0.66 4.60 29.8°C normal
2018-12-12__19:44:23 0.62 0.65 0.66 9.91 29.8°C normal
2018-12-12__19:44:28 0.57 0.64 0.65 4.09 29.8°C normal
2018-12-12__19:44:34 0.64 0.65 0.66 10.83 29.8°C normal
2018-12-12__19:44:39 0.59 0.64 0.65 6.50 29.8°C normal
2018-12-12__19:44:45 0.62 0.65 0.66 7.00 29.8°C normal
2018-12-12__19:44:51 0.57 0.64 0.65 8.50 29.8°C normal
2018-12-12__19:44:56 0.68 0.66 0.66 5.16 29.8°C normal
2018-12-12__19:45:02 0.63 0.65 0.66 10.35 29.8°C normal
2018-12-12__19:45:07 0.74 0.67 0.66 7.00 29.8°C normal
2018-12-12__19:45:13 0.68 0.66 0.66 6.13 29.8°C normal
2018-12-12__19:45:18 0.87 0.70 0.67 8.42 29.8°C normal
2018-12-12__19:45:24 0.88 0.70 0.67 8.96 29.8°C normal
2018-12-12__19:45:29 0.82 0.70 0.67 8.05 29.8°C normal
2018-12-12__19:45:35 0.75 0.68 0.67 13.28 29.8°C normal
2018-12-12__19:45:40 0.6 0.67 0.66 7.08 29.8°C normal
2018-12-12__19:45:46 0.95 0.73 0.68 6.54 29.8°C normal
2018-12-12__19:45:51 0.88 0.72 0.68 8.59 29.8°C normal
2018-12-12__19:45:57 0.81 0.70 0.67 5.73 29.8°C normal
2018-12-12__19:46:02 0.74 0.69 0.67 8.96 29.8°C normal
2018-12-12__19:46:08 0.68 0.68 0.67 15.28 29.8°C normal
2018-12-12__19:46:13 0.63 0.67 0.66 8.83 29.8°C normal
2018-12-12__19:46:19 1.30 0.81 0.71 5.06 29.8°C normal
2018-12-12__19:46:24 1.17 0.80 0.70 8.38 29.8°C normal
2018-12-12__19:46:30 1.08 0.78 0.70 6.50 29.8°C normal
2018-12-12__19:46:35 0.99 0.77 0.70 10.20 29.8°C normal
2018-12-12__19:46:41 0.91 0.76 0.69 8.09 29.8°C normal
2018-12-12__19:46:46 0.92 0.76 0.70 8.05 29.8°C normal
2018-12-12__19:46:52 1.01 0.78 0.70 5.98 29.8°C normal
2018-12-12__19:47:01 0.92 0.77 0.70 4.05 29.8°C normal
2018-12-12__19:47:06 0.85 0.76 0.70 8.59 29.8°C normal
2018-12-12__19:47:12 0.78 0.75 0.69 6.60 29.8°C normal
2018-12-12__19:47:17 0.80 0.75 0.69 5.53 29.8°C normal
2018-12-12__19:49:08 0.59 0.66 0.67 356 29.8°C normal
2018-12-12__19:49:13 0.54 0.65 0.66 7.54 29.8°C normal
2018-12-12__19:49:19 0.50 0.64 0.66 6.57 29.8°C normal
2018-12-12__19:51:02 0.35 0.57 0.63 5.03 29.8°C normal
2018-12-12__19:51:08 0.41 0.58 0.63 5.03 29.8°C normal
2018-12-12__19:51:13 0.37 0.57 0.63 6.13 29.8°C normal
2018-12-12__19:52:33 0.25 0.48 0.59 8.30 29.8°C normal
2018-12-12__19:52:39 0.31 0.49 0.59 7.50 29.8°C normal
2018-12-12__19:52:44 0.34 0.49 0.59 6.10 29.8°C normal
2018-12-12__19:56:59 0.77 0.63 0.63 7.08 29.8°C normal
2018-12-12__19:57:04 0.79 0.64 0.63 6.00 29.8°C normal
018-12-12__19:57:10 0.75 0.64 0.63 6.60 29.8°C normal
018-12-12__19:57:15 0.69 0.62 0.62 6.04 29.8°C normal
018-12-12__19:57:21 0.63 0.61 0.62 9.41 29.8°C normal
018-12-12__19:57:26 0.66 0.62 0.62 6.13 29.8°C normal
018-12-12__20:04:41 0.35 0.48 0.57 7.08 29.8°C normal
2018-12-12__20:04:46 0.56 0.52 0.58 8.92 29.8°C normal
2018-12-12__20:27:57 0.40 0.54 0.60 7.08 29.8°C normal
2018-12-12__20:28:03 0.37 0.53 0.60 10.90 29.8°C normal
2018-12-12__20:32:00 0.45 0.48 0.56 12.07 29.8°C normal
018-12-12__20:32:06 0.50 0.49 0.56 9.50 29.8°C normal
018-12-12__20:32:11 0.42 0.48 0.56 8.30 29.8°C normal
018-12-12__20:32:17 0.39 0.47 0.55 6.50 29.8°C normal
018-12-12__20:32:22 0.36 0.46 0.55 6.94 29.8°C normal
018-12-12__20:32:28 0.41 0.47 0.55 4.05 29.8°C normal
018-12-12__20:32:33 0.54 0.49 0.56 6.54 29.8°C normal
018-12-12__20:32:39 0.57 0.50 0.56 7.04 29.8°C normal
018-12-12__20:35:15 0.25 0.43 0.52 12.75 29.8°C normal
018-12-12__20:35:21 0.31 0.44 0.53 9.81 29.8°C normal
018-12-12__20:35:27 0.34 0.44 0.53 5.50 29.8°C normal
018-12-12__20:35:32 0.31 0.43 0.52 6.07 29.8°C normal
018-12-12__20:35:38 0.29 0.43 0.52 8.50 29.8°C normal
2018-12-12__20:37:24 0.52 0.46 0.52 12.63 29.8°C normal
018-12-12__20:37:30 0.47 0.45 0.52 5.08 29.8°C normal
018-12-12__20:37:35 0.44 0.44 0.52 4.11 29.8°C normal
018-12-12__20:37:41 0.40 0.43 0.51 4.53 29.8°C normal
018-12-12__20:37:47 0.34 0.42 0.51 3.58 29.8°C normal
018-12-12__20:37:52 0.31 0.41 0.50 8.92 29.8°C normal
018-12-12__20:37:58 0.29 0.40 0.50 7.43 29.8°C normal
018-12-12__20:38:03 0.26 0.40 0.50 9.36 29.8°C normal
2018-12-12__20:39:57 0.24 0.36 0.47 13.37 29.8°C normal
018-12-12__20:40:02 0.22 0.36 0.47 6.50 29.8°C normal
2018-12-12__20:40:08 0.21 0.35 0.46 6.04 29.8°C normal
2018-12-12__20:40:13 0.19 0.34 0.46 6.47 29.8°C normal
2018-12-12__20:40:19 0.25 0.35 0.46 6.44 29.8°C normal
2018-12-12__20:40:24 0.23 0.35 0.46 5.08 29.8°C normal
2018-12-12__20:40:30 0.21 0.34 0.46 6.57 29.8°C normal
2018-12-12__20:40:35 0.20 0.34 0.46 7.04 29.8°C normal
2018-12-12__20:40:41 0.18 0.33 0.45 4.62 29.8°C normal
2018-12-12__20:40:46 0.15 0.32 0.45 8.59 29.8°C normal
2018-12-12__20:40:52 0.14 0.31 0.45 11.06 29.8°C normal
2018-12-12__20:40:57 0.13 0.31 0.44 3.61 29.8°C normal
2018-12-12__20:41:03 0.20 0.32 0.45 6.10 29.8°C normal
2018-12-12__20:41:09 0.18 0.31 0.44 6.04 29.8°C normal
2018-12-12__20:41:14 0.25 0.33 0.45 6.54 29.8°C normal
2018-12-12__20:41:20 0.23 0.32 0.45 6.10 29.8°C normal
2018-12-12__20:41:25 0.29 0.33 0.45 12.63 29.8°C normal
2018-12-12__20:41:31 0.35 0.34 0.45 6.54 29.8°C normal
2018-12-12__20:41:36 0.40 0.35 0.46 9.65 29.8°C normal
2018-12-12__2:41:42 0.41 0.36 0.46 5.62 29.8°C normal
2018-12-12__20:41:47 0.38 0.35 0.45 8.46 29.8°C normal
2018-12-12__20:41:53 0.35 0.35 0.45 6.97 29.8°C normal
2018-12-12__20:41:58 0.64 0.41 0.47 6.54 29.8°C normal
2018-12-12__20:42:04 0.75 0.43 0.48 11.71 29.8°C normal
2018-12-12__20:42:09 0.77 0.44 0.48 5.03 29.8°C normal
2018-12-12__20:42:15 0.71 0.44 0.48 8.59 29.8°C normal
2018-12-12__20:43:55 0.44 0.41 0.46 9.05 29.8°C normal
018-12-12__20:44:00 0.40 0.40 0.46 5.62 29.8°C normal
2018-12-12__20:44:06 0.37 0.40 0.45 3.63 29.8°C normal
2018-12-12__20:44:11 0.34 0.39 0.45 6.00 29.8°C normal
2018-12-12__20:44:17 0.37 0.39 0.45 6.47 29.8°C normal
2018-12-12__20:44:22 0.34 0.39 0.45 6.00 29.8°C normal
2018-12-12__20:44:28 0.31 0.38 0.45 5.59 29.8°C normal
2018-12-12__20:44:33 0.28 0.37 0.45 6.57 29.8°C normal
2018-12-12__20:44:39 0.26 0.37 0.44 6.07 29.8°C normal
2018-12-12__20:44:44 0.32 0.38 0.45 11.39 29.8°C normal
2018-12-12__20:44:50 0.30 0.37 0.44 9.50 29.8°C normal
2018-12-12__20:44:55 0.35 0.38 0.45 8.96 29.8°C normal
2018-12-12__20:48:57 0.48 0.46 0.47 11.00 29.8°C normal
018-12-12__20:49:02 0.44 0.45 0.46 7.04 29.8°C normal
2018-12-12__20:49:08 0.48 0.46 0.47 4.62 29.8°C normal
2018-12-12__20:49:13 0.44 0.46 0.46 6.97 29.8°C normal
2018-12-12__20:49:19 0.49 0.47 0.47 7.93 29.8°C normal
2018-12-12__20:49:24 0.45 0.46 0.46 6.64 29.8°C normal
2018-12-12__20:54:16 0.24 0.38 0.43 14.50 29.8°C normal
018-12-12__20:54:22 0.22 0.38 0.43 7.00 29.8°C normal
2018-12-12__20:54:27 0.33 0.40 0.43 3.58 29.8°C normal
2018-12-12__20:54:33 0.31 0.39 0.43 7.54 29.8°C normal
2018-12-12__20:54:38 0.36 0.40 0.44 3.63 29.8°C normal
2018-12-12__21:01:55 0.75 0.58 0.50 13.66 29.8°C normal
018-12-12__21:02:00 0.77 0.59 0.51 6.60 29.8°C normal
2018-12-12__21:02:06 0.71 0.58 0.50 6.50 29.8°C normal
2018-12-12__21:02:11 0.73 0.58 0.51 6.10 29.8°C normal
2018-12-12__21:02:17 0.75 0.59 0.51 5.16 29.8°C normal
2018-12-12__21:02:22 0.77 0.60 0.51 8.46 29.8°C normal
2018-12-12__21:04:22 0.63 0.71 0.57 12.26 29.8°C normal
018-12-12__21:04:27 0.74 0.74 0.58 5.00 29.8°C normal
018-12-12__21:04:33 0.62 0.71 0.57 8.55 29.8°C normal
018-12-12__21:04:38 0.57 0.70 0.57 14.00 29.8°C normal
018-12-12__21:04:44 0.53 0.69 0.56 13.62 29.8°C normal
018-12-12__21:04:49 0.57 0.69 0.57 7.08 29.8°C normal
018-12-12__21:04:55 0.60 0.70 0.57 12.13 29.8°C normal
018-12-12__21:05:00 0.55 0.69 0.57 12.88 29.8°C normal
018-12-12__21:05:06 0.67 0.71 0.57 18.41 29.8°C normal
018-12-13__18:11:37 0.52 0.43 0.18 6.90 29.8°C normal
018-12-13__18:11:42 0.48 0.42 0.18 1.50 29.8°C normal
018-12-13__18:11:48 0.44 0.42 0.18 3.97 29.8°C normal
018-12-13__18:18:29 0.18 0.27 0.18 5.50 29.8°C normal
018-12-13__18:18:35 0.17 0.27 0.18 2.02 29.8°C normal
018-12-13__18:26:26 0.20 0.23 0.18 6.87 29.8°C normal
2018-12-13__18:26:32 0.18 0.22 0.18 1.00 29.8°C normal
2018-12-13__18:26:37 0.17 0.22 0.18 1.50 29.8°C normal
2018-12-13__18:26:43 0.15 0.22 0.18 2.00 29.8°C normal
2018-12-13__18:28:31 0.18 0.23 0.19 5.45 29.8°C normal
018-12-13__18:28:37 0.16 0.23 0.19 2.48 29.8°C normal
018-12-13__18:28:42 0.15 0.23 0.19 2.49 29.8°C normal
018-12-13__18:28:48 0.14 0.22 0.18 1.00 29.8°C normal
018-12-13__18:28:53 0.13 0.22 0.18 1.50 29.8°C normal
018-12-13__18:28:59 0.12 0.22 0.18 1.01 29.8°C normal
018-12-13__18:29:04 0.11 0.21 0.18 1.51 29.8°C normal
018-12-13__18:29:10 0.18 0.22 0.18 1.01 29.8°C normal
018-12-13__18:29:15 0.16 0.22 0.18 0 29.8°C normal
018-12-13__18:29:21 0.22 0.23 0.19 2.00 29.8°C normal
018-12-13__18:29:26 0.20 0.23 0.18 3.50 29.8°C normal
018-12-13__18:31:27 0.05 0.16 0.17 6.94 29.8°C normal
2018-12-13__18:31:32 0.20 0.19 0.18 2.50 29.8°C normal
018-12-13__18:31:38 0.19 0.19 0.18 2.05 29.8°C normal
018-12-13__18:31:43 0.41 0.23 0.19 .50 29.8°C normal
018-12-13__18:31:49 0.38 0.23 0.19 .50 29.8°C normal
018-12-13__18:31:54 0.35 0.23 0.19 2.03 29.8°C normal
2018-12-13__18:39:14 0.12 0.22 0.18 3.99 29.8°C normal
2018-12-13__18:39:20 0.11 0.21 0.18 2.00 29.8°C normal
2018-12-13__18:39:25 0.10 0.21 0.18 .50 29.8°C normal
2018-12-13__18:39:31 0.09 0.20 0.18 0 29.8°C normal
2018-12-13__18:39:36 0.08 0.20 0.18 5.53 29.8°C normal
2018-12-13__18:42:14 0.12 0.16 0.17 5.92 29.8°C normal
018-12-13__18:42:20 0.11 0.16 0.17 0 29.8°C normal
018-12-13__18:42:25 0.10 0.16 0.17 1.00 29.8°C normal
018-12-13__18:47:58 0.05 0.09 0.14 5.48 29.8°C normal
018-12-13__18:48:03 0.04 0.09 0.14 0 29.8°C normal
018-12-13__18:48:09 0.04 0.09 0.14 1.00 29.8°C normal
018-12-13__18:48:14 0.04 0.09 0.13 0 29.8°C normal
018-12-13__18:49:25 0.08 0.10 0.13 5.95 29.8°C normal
2018-12-13__18:49:31 0.07 0.09 0.13 1.00 29.8°C normal
2018-12-13__18:49:36 0.07 0.09 0.13 0 29.8°C normal
2018-12-13__18:49:42 0.06 0.09 0.13 1.00 29.8°C normal
2018-12-13__18:52:29 0.26 0.21 0.17 6.87 29.8°C normal
2018-12-13__18:52:35 0.24 0.20 0.17 1.99 29.8°C normal
2018-12-13__18:52:40 0.22 0.20 0.17 .50 29.8°C normal
2018-12-13__18:52:46 0.20 0.20 0.17 .50 29.8°C normal
018-12-13__18:52:51 0.19 0.19 0.16 1.50 29.8°C normal
018-12-13__18:52:57 0.33 0.22 0.18 0 29.8°C normal
018-12-13__18:53:02 0.28 0.22 0.17 .50 29.8°C normal
018-12-13__18:53:08 0.26 0.21 0.17 .50 29.8°C normal
018-12-13__18:53:13 0.24 0.21 0.17 .50 29.8°C normal
018-12-13__18:53:19 0.30 0.22 0.18 2.98 29.8°C normal
018-12-13__18:57:33 0.36 0.41 0.27 6.94 29.8°C normal
2018-12-13__18:57:38 0.33 0.40 0.27 3.47 29.8°C normal
2018-12-13__18:57:44 0.30 0.40 0.27 2.02 29.8°C normal
2018-12-13__18:57:49 0.44 0.42 0.28 2.54 29.8°C normal
2018-12-13__18:57:55 0.41 0.41 0.27 2.00 29.8°C normal
2018-12-13__18:58:01 0.37 0.41 0.27 1.01 29.8°C normal
2018-12-13__18:58:18 0.27 0.38 0.27 5.70 29.8°C normal
2018-12-13__18:58:23 0.24 0.37 0.27 2.02 29.8°C normal
2018-12-13__18:58:38 0.19 0.35 0.26 8.63 29.8°C normal
2018-12-13__18:58:44 0.25 0.37 0.27 1.52 29.8°C normal
2018-12-13__18:58:49 0.23 0.36 0.26 2.49 29.8°C normal
2018-12-13__18:58:55 0.21 0.35 0.26 2.50 29.8°C normal
2018-12-13__18:59:00 0.20 0.35 0.26 2.04 29.8°C normal
2018-12-13__18:59:06 0.26 0.36 0.27 2.99 29.8°C normal
2018-12-13__18:59:11 0.24 0.35 0.26 1.51 29.8°C normal
2018-12-13__18:59:17 0.30 0.36 0.27 1.52 29.8°C normal
2018-12-13__18:59:22 0.34 0.37 0.27 2.49 29.8°C normal
2018-12-13__19:00:05 0.17 0.32 0.26 5.53 29.8°C normal
2018-12-13__19:0:10 0.16 0.31 0.26 2.03 29.8°C normal
2018-12-13__19:00:16 0.22 0.33 0.26 1.02 29.8°C normal
2018-12-13__19:00:21 0.21 0.32 0.26 1.51 29.8°C normal
2018-12-13__19:02:07 0.43 0.32 0.26 7.00 29.8°C normal
2018-12-13__19:02:13 0.36 0.31 0.26 3.49 29.8°C normal
2018-12-13__19:02:18 0.33 0.30 0.26 1.02 29.8°C normal
2018-12-13__19:02:24 0.54 0.34 0.27 3.00 29.8°C normal
2018-12-13__19:02:29 0.58 0.36 0.28 1.02 29.8°C normal
2018-12-13__19:02:35 0.53 0.35 0.28 1.51 29.8°C normal
2018-12-13__19:02:40 0.49 0.34 0.27 1.54 29.8°C normal
2018-12-13__19:02:46 0.45 0.34 0.27 2.03 29.8°C normal
2018-12-13__19:02:49 0.41 0.33 0.27 7.39 29.8°C normal
2018-12-13__19:03:09 0.36 0.33 0.27 7.32 29.8°C normal
018-12-13__19:03:14 0.33 0.32 0.27 2.96 29.8°C normal
018-12-13__19:03:20 0.31 0.31 0.27 2.00 29.8°C normal
018-12-13__19:04:49 1.11 0.59 0.37 10.00 29.8°C normal
2018-12-13__19:04:54 1.02 0.58 0.37 6.80 29.8°C normal
2018-12-13__19:05:00 0.94 0.57 0.37 6.41 29.8°C normal
2018-12-13__19:08:31 0.53 0.49 0.37 8.46 29.8°C normal
2018-12-13__19:08:36 0.48 0.48 0.37 3.52 29.8°C normal
2018-12-13__19:08:42 0.44 0.47 0.36 3.02 29.8°C normal
2018-12-13__19:08:47 0.41 0.46 0.36 5.45 29.8°C normal
018-12-13__19:08:53 0.43 0.47 0.36 2.50 29.8°C normal
018-12-13__19:08:58 0.39 0.46 0.36 4.98 29.8°C normal
2018-12-13__19:10:33 0.34 0.42 0.36 7.97 29.8°C normal
018-12-13__19:10:38 0.43 0.44 0.37 4.48 29.8°C normal
018-12-13__19:10:44 0.56 0.47 0.37 4.93 29.8°C normal
018-12-13__19:10:49 0.52 0.46 0.37 3.50 29.8°C normal
018-12-13__19:10:55 0.47 0.45 0.37 4.03 29.8°C normal
018-12-13__19:11:00 0.44 0.44 0.37 5.86 29.8°C normal
018-12-13__19:11:06 0.40 0.44 0.36 3.00 29.8°C normal
018-12-13__19:11:11 0.53 0.46 0.37 3.04 29.8°C normal
018-12-13__19:11:17 0.57 0.47 0.38 2.52 29.8°C normal
018-12-13__19:11:22 0.68 0.50 0.39 4.03 29.8°C normal
018-12-13__19:11:28 0.81 0.53 0.40 7.47 29.8°C normal
018-12-13__19:11:33 1.07 0.59 0.42 3.50 29.8°C normal
018-12-13__19:11:39 1.38 0.66 0.44 3.00 29.8°C normal
018-12-13__19:11:44 1.43 0.68 0.45 3.54 29.8°C normal
018-12-13__19:11:50 1.48 0.71 0.46 3.97 29.8°C normal
018-12-13__19:11:55 1.52 0.73 0.47 4.96 29.8°C normal
018-12-13__19:12:01 1.56 0.75 0.48 3.00 29.8°C normal
018-12-13__19:12:06 1.59 0.77 0.48 5.95 29.8°C normal
018-12-13__19:12:12 1.55 0.77 0.49 3.00 29.8°C normal
018-12-13__19:12:17 1.42 0.76 0.48 6.94 29.8°C normal
018-12-13__19:12:23 1.28 0.75 0.48 6.50 29.8°C normal
018-12-13__19:12:28 1.17 0.74 0.48 4.00 29.8°C normal
018-12-13__19:12:34 1.08 0.73 0.48 1.51 29.8°C normal
018-12-13__19:12:40 0.99 0.71 0.48 5.89 29.8°C normal
018-12-13__19:12:45 0.99 0.72 0.48 2.52 29.8°C normal
018-12-13__19:12:51 0.91 0.71 0.48 2.50 29.8°C normal
018-12-13__19:12:56 0.84 0.70 0.47 4.48 29.8°C normal
018-12-13__19:13:02 0.77 0.68 0.47 3.52 29.8°C normal
018-12-13__19:13:07 0.71 0.67 0.47 2.53 29.8°C normal
018-12-13__19:13:13 0.65 0.66 0.46 4.07 29.8°C normal
018-12-13__19:13:18 0.55 0.64 0.46 8.46 29.8°C normal
018-12-13__19:13:24 0.51 0.63 0.46 2.54 29.8°C normal
018-12-13__19:13:29 0.47 0.62 0.45 3.52 29.8°C normal
018-12-13__19:13:35 0.43 0.61 0.45 4.98 29.8°C normal
018-12-13__19:13:40 0.40 0.60 0.45 4.48 29.8°C normal
018-12-13__19:13:46 0.36 0.59 0.45 4.00 29.8°C normal
018-12-13__19:13:51 0.33 0.58 0.44 5.42 29.8°C normal
018-12-13__19:13:57 0.31 0.57 0.44 1.52 29.8°C normal
2018-12-13__19:14:06 0.26 0.55 0.44 7.39 29.8°C normal
2018-12-13__19:14:09 0.32 0.56 0.44 8.42 29.8°C normal
2018-12-13__19:14:11 0.32 0.56 0.44 7.97 29.8°C normal
2018-12-13__19:14:11 0.32 0.56 0.44 7.50 29.8°C normal
2018-12-13__19:14:12 0.32 0.56 0.44 7.47 29.8°C normal
2018-12-13__19:17:16 0.32 0.46 0.42 8.00 29.8°C normal
2018-12-13__19:17:21 0.37 0.47 0.43 3.50 29.8°C normal
2018-12-13__19:17:27 0.34 0.46 0.42 3.50 29.8°C normal
018-12-13__19:17:32 0.32 0.45 0.42 3.56 29.8°C normal
018-12-13__19:17:38 0.29 0.44 0.42 7.29 29.8°C normal
018-12-13__19:17:44 0.25 0.43 0.41 3.52 29.8°C normal
2018-12-13__19:21:58 0.24 0.29 0.35 8.00 29.8°C normal
2018-12-13__19:22:04 0.21 0.28 0.35 2.49 29.8°C normal
2018-12-13__19:22:09 0.19 0.27 0.35 4.44 29.8°C normal
2018-12-13__19:22:15 0.17 0.27 0.34 4.48 29.8°C normal
2018-12-13__19:22:20 0.16 0.26 0.34 3.54 29.8°C normal
2018-12-13__19:28:22 0.30 0.25 0.29 10.40 29.8°C normal
2018-12-13__19:28:27 0.27 0.24 0.29 1.54 29.8°C normal
2018-12-13__19:28:33 0.25 0.24 0.29 4.48 29.8°C normal
2018-12-13__19:28:38 0.23 0.23 0.29 6.07 29.8°C normal
2018-12-13__19:28:44 0.64 0.32 0.31 2.50 29.8°C normal
2018-12-13__19:28:49 0.59 0.32 0.31 3.50 29.8°C normal
2018-12-13__19:28:55 0.54 0.31 0.31 3.49 29.8°C normal
2018-12-13__19:29:00 0.49 0.31 0.31 4.03 29.8°C normal
2018-12-13__19:29:06 0.45 0.30 0.31 4.50 29.8°C normal
2018-12-13__19:29:11 0.42 0.30 0.30 5.00 29.8°C normal
2018-12-13__19:29:17 0.38 0.29 0.30 6.54 29.8°C normal
2018-12-13__19:29:22 0.35 0.29 0.30 3.54 29.8°C normal
2018-12-13__1929:28 0.32 0.28 0.30 .52 29.8°C normal
2018-12-13__19:30:00 0.51 0.33 0.31 9.86 29.8°C normal
2018-12-13__19:34:55 0.78 0.75 0.51 13.44 29.8°C normal
2018-12-13__19:35:00 0.87 0.77 0.52 3.49 29.8°C normal
2018-12-13__19:35:06 0.96 0.79 0.53 3.49 29.8°C normal
2018-12-13__19:35:11 0.89 0.77 0.53 3.04 29.8°C normal
2018-12-13__19:35:17 0.82 0.76 0.52 2.50 29.8°C normal
2018-12-13__19:35:22 0.91 0.78 0.53 3.47 29.8°C normal
2018-12-13__19:35:28 0.84 0.77 0.53 3.05 29.8°C normal
2018-12-13__19:35:33 0.77 0.76 0.53 2.00 29.8°C normal
2018-12-13__19:35:39 0.71 0.74 0.52 1.51 29.8°C normal
2018-12-13__19:35:44 0.60 0.72 0.52 5.48 29.8°C normal
2018-12-13__19:39:14 0.20 0.43 0.44 8.83 29.8°C normal
2018-12-13__19:39:20 0.19 0.42 0.43 2.00 29.8°C normal
2018-12-13__19:39:25 0.17 0.41 0.43 1.50 29.8°C normal
2018-12-13__19:39:31 0.16 0.40 0.43 2.02 29.8°C normal
2018-12-13__19:39:37 0.14 0.40 0.43 6.60 29.8°C normal
2018-12-13__19:39:42 0.13 0.39 0.43 2.00 29.8°C normal
2018-12-13__19:39:48 0.12 0.3 0.42 3.00 29.8°C normal
2018-12-13__19:39:53 0.11 0.38 0.42 10.40 29.8°C normal
2018-12-13__19:39:59 0.18 0.39 0.42 2.03 29.8°C normal
2018-12-13__19:40:04 0.17 0.38 0.42 3.56 29.8°C normal
2018-12-13__19:40:10 0.14 0.37 0.42 9.46 29.8°C normal
2018-12-13__19:40:15 0.21 0.38 0.42 1.02 29.8°C normal
2018-12-13__19:40:21 0.19 0.37 0.42 3.04 29.8°C normal
2018-12-13__19:40:26 0.18 0.37 0.41 2.03 29.8°C normal
2018-12-13__19:40:32 0.32 0.39 0.42 2.50 29.8°C normal
2018-12-13__19:40:37 0.30 0.39 0.42 2.48 29.8°C normal
2018-12-13__19:40:40 0.27 0.38 0.42 6.97 29.8°C normal
2018-12-13__19:42:30 0.09 0.27 0.37 5.98 29.8°C normal
2018-12-13__19:42:35 0.08 0.27 0.37 2.49 29.8°C normal
2018-12-13__19:42:41 0.08 0.26 0.37 2.52 29.8°C normal
2018-12-13__19:42:46 0.07 0.26 0.36 1.03 29.8°C normal
2018-12-13__19:42:52 0.06 0.26 0.36 5.98 29.8°C normal
2018-12-13__19:42:57 0.06 0.25 0.36 5.48 29.8°C normal
2018-12-13__19:43:03 0.05 0.25 0.36 2.52 29.8°C normal
2018-12-13__19:43:08 0.05 0.24 0.36 2.02 298°C normal
2018-12-13__19:43:14 0.04 0.24 0.35 1.54 29.8°C normal
2018-12-13__19:43:19 0.12 0.25 0.36 4.50 29.8°C normal
2018-12-13__19:48:16 0.54 0.34 0.36 8.42 29.8°C normal
2018-12-13__19:48:21 0.49 0.33 0.36 2.57 29.8°C normal
2018-12-13__19:48:27 0.45 0.32 0.36 3.00 29.8°C normal
2018-12-13__19:48:32 0.42 0.32 0.35 1.52 29.8°C normal
2018-12-13__19:48:38 0.38 0.31 0.35 1.02 29.8°C normal
2018-12-13__19:48:44 0.35 0.31 0.35 2.52 29.8°C normal
2018-12-13__19:48:49 0.32 0.30 0.35 2.00 29.8°C normal
2018-12-13__19:48:55 0.27 0.29 0.34 6.44 29.8°C normal
2018-12-13__19:50:01 0.42 0.34 0.36 6.90 29.8°C normal
2018-12-13__19:50:07 0.39 0.33 0.36 3.56 29.8°C normal
2018-12-13__19:50:12 0.52 0.36 0.37 4.05 29.8°C normal
2018-12-13__19:50:18 0.48 0.35 0.36 2.98 29.8°C normal
2018-12-13__19:50:23 0.44 0.35 0.36 3.02 29.8°C normal
2018-12-13__19:50:29 0.48 0.36 0.37 1.54 29.8°C normal
2018-12-13__19:50:34 0.44 0.35 0.36 2.02 29.8°C normal
2018-12-13__19:50:40 0.38 0.34 0.36 3.00 29.8°C normal
208-12-13__19:50:45 0.35 0.33 0.36 4.55 29.8°C normal
2018-12-13__19:54:20 0.49 0.42 0.38 8.59 29.8°C normal
2018-12-13__19:54:25 0.61 0.44 0.39 3.05 29.8°C normal
2018-12-13__19:54:31 0.56 0.43 0.38 3.04 29.8°C normal
2018-12-13__19:54:36 0.52 0.43 0.38 5.65 29.8°C normal
2018-12-13__19:54:42 0.56 0.44 0.39 5.11 29.8°C normal
2018-12-13__19:54:48 0.83 0.50 0.40 3.02 29.8°C normal
2018-12-13__19:54:53 0.77 0.49 0.40 1.52 29.8°C normal
2018-12-13__19:54:59 0.87 0.51 0.41 2.56 29.8°C normal
2018-12-13__19:55:04 0.80 0.50 0.41 2.50 29.8°C normal
2018-12-13__19:55:10 0.73 0.50 0.41 8.63 29.8°C normal
2018-12-13__19:55:15 0.77 0.51 0.41 7.15 29.8°C normal
2018-12-13__19:55:21 0.71 0.50 0.41 3.02 29.8°C normal
2018-12-13__19:55:26 0.73 0.51 0.41 5.06 29.8°C normal
2018-12-13__19:55:32 0.67 0.50 0.41 3.50 29.8°C normal
2018-12-13__19:55:37 0.62 0.49 0.41 6.10 29.8°C normal
2018-12-13__19:55:43 0.65 0.50 0.41 12.08 29.8°C normal
2018-12-13__19:57:12 0.72 0.55 0.44 6.47 29.8°C normal
2018-12-13__19:5:17 0.66 0.54 0.43 2.04 29.8°C normal
2018-12-13__19:57:23 0.60 0.53 0.43 2.52 29.8°C normal
018-12-13__19:57:28 0.56 0.52 0.43 4.05 29.8°C normal
018-12-13__19:57:34 0.51 0.51 0.43 2.50 29.8°C normal
2018-12-13__20:03:11 0.26 0.32 0.36 7.08 29.8°C normal
018-12-13__20:03:17 0.24 0.32 0.36 2.50 29.8°C normal
018-12-13__20:03:22 0.22 0.31 0.36 2.98 29.8°C normal
018-12-13__20:03:28 0.20 0.30 0.36 3.99 29.8°C normal
018-12-13__20:04:58 0.15 0.26 0.34 8.42 29.8°C normal
2018-12-13__20:05:04 0.14 0.26 0.34 3.04 29.8°C normal
2018-12-13__20:05:09 0.13 0.26 0.33 4.00 29.8°C normal
2018-12-13__20:05:15 0.12 0.25 0.33 3.00 29.8°C normal
2018-12-13__20:08:15 0.43 0.30 0.33 7.47 29.8°C normal
018-12-13__20:08:20 0.36 0.29 0.33 1.02 29.8°C normal
2018-12-13__20:08:26 0.33 0.28 0.32 3.00 29.8°C normal
2018-12-13__20:08:31 0.31 0.28 0.32 1.52 29.8°C normal
2018-12-13__20:08:37 0.28 0.27 0.32 2.57 29.8°C normal
2018-12-13__20:08:43 0.66 0.35 0.35 7.58 29.8°C normal
2018-12-13__20:08:48 0.77 0.38 0.35 17.83 29.8°C normal
2018-12-13__20:08:54 0.70 0.37 0.35 1.02 29.8°C normal
2018-12-13__20:08:59 0.65 0.37 0.35 1.53 29.8°C normal
2018-12-13__20:09:05 0.60 0.36 0.35 4.07 29.8°C normal
2018-12-13__20:09:10 0.55 0.35 0.35 8.50 29.8°C normal
2018-12-13__20:09:16 0.46 0.34 0.34 5.13 29.8°C normal
2018-12-13__20:09:21 0.43 0.34 0.34 1.04 29.8°C normal
2018-12-13__20:09:27 0.39 0.33 0.34 5.00 29.8°C normal
2018-12-13__20:09:32 0.36 0.32 0.34 1.02 29.8°C normal
2018-12-13__20:09:38 0.33 0.32 0.33 1.03 29.8°C normal
2018-12-13__20:09:43 0.30 0.31 0.33 3.95 29.8°C normal
2018-12-13__20:09:49 0.28 0.31 0.33 5.08 29.8°C normal
2018-12-13__20:09:54 0.42 0.34 0.34 2.52 29.8°C normal
2018-12-13__2010:00 0.46 0.35 0.34 3.07 29.8°C normal
2018-12-13__20:10:05 0.43 0.34 0.34 6.50 29.8°C normal
2018-12-13__20:10:11 0.36 0.33 0.34 2.48 29.8°C normal
2018-12-13__20:10:16 0.49 0.36 0.35 6.32 29.8°C normal
2018-12-13__20:10:22 0.45 0.35 0.35 5.53 29.8°C normal
2018-12-13__20:10:27 0.58 0.38 0.35 8.38 29.8°C normal
2018-12-13__20:10:33 0.53 0.37 0.35 5.37 29.8°C normal
2018-12-13__20:10:38 0.57 0.38 0.36 4.50 29.8°C normal
2018-12-13__20:13:43 0.20 0.33 0.34 8.92 29.8°C normal
018-12-13__20:13:49 0.18 0.32 0.34 4.05 29.8°C normal
2018-12-13__20:13:54 0.17 0.32 0.34 2.50 29.8°C normal
2018-12-13__20:14:00 0.15 0.31 0.34 1.50 29.8°C normal
2018-12-13__20:14:05 0.14 0.30 0.33 2.98 29.8°C normal
2018-12-13__20:14:11 0.19 0.31 0.34 1.51 29.8°C normal
2018-12-13__20:16:50 0.64 0.43 0.38 8.42 29.8°C normal
018-12-13__20:16:56 0.67 0.44 0.38 1.52 29.8°C normal
2018-12-13__20:17:01 0.65 0.44 0.38 2.04 29.8°C normal
2018-12-13__20:17:07 0.59 0.43 0.38 5.92 29.8°C normal
2018-12-13__20:17:12 0.55 0.42 0.37 5.95 29.8°C normal
2018-12-13__20:18:53 0.47 0.45 0.39 9.46 29.8°C normal
018-12-13__20:18:59 0.43 0.44 0.39 2.03 29.8°C normal
2018-12-13__20:19:04 0.55 0.47 0.39 5.42 29.8°C normal
2018-12-13__20:19:10 0.51 0.46 0.39 7.62 29.8°C normal
2018-12-13__20:19:15 0.47 0.45 0.39 5.48 29.8°C normal
2018-12-13__20:19:21 0.67 0.50 0.40 5.56 29.8°C normal
2018-12-13__20:22:06 0.37 0.49 0.42 7.93 29.8°C normal
018-12-13__20:22:12 0.31 0.47 0.41 2.03 29.8°C normal
2018-12-13__20:22:17 0.37 0.48 0.42 2.54 29.8°C normal
2018-12-13__20:22:23 0.50 0.51 0.43 2.00 29.8°C normal
2018-12-13__20:22:28 0.94 0.60 0.46 2.50 29.8°C normal
2018-12-13__20:22:34 1.03 0.62 0.47 4.55 29.8°C normal
2018-12-13__20:22:39 1.26 0.68 0.48 2.56 29.8°C normal
2018-12-13__20:22:45 1.24 0.68 0.49 2.00 29.8°C normal
2018-12-13__20:22:50 1.14 0.67 0.48 3.50 29.8°C normal
2018-12-13__20:22:56 1.05 0.66 0.48 4.53 29.8°C normal
2018-12-13__20:24:45 0.26 0.51 0.45 10.40 29.8°C normal
018-12-13__20:24:50 0.24 0.50 0.44 2.49 29.8°C normal
2018-12-13__20:24:56 0.30 0.51 0.45 3.52 29.8°C normal
2018-12-13__20:25:01 0.48 0.55 0.46 4.00 29.8°C normal
2018-12-13__20:25:07 0.44 0.54 0.46 5.03 29.8°C normal
2018-12-13__20:25:12 0.41 0.53 0.45 4.53 29.8°C normal
2018-12-13__20:25:18 0.38 0.52 0.45 1.04 29.8°C normal
2018-12-13__20:25:23 0.35 0.51 0.45 2.05 29.8°C normal
2018-12-13__20:27:45 0.19 0.39 0.41 13.44 29.8°C normal
018-12-13__20:27:51 0.17 0.39 0.41 1.53 29.8°C normal
2018-12-13__20:27:56 0.16 0.38 0.41 2.99 29.8°C normal
2018-12-13__20:30:29 0.20 0.29 0.36 9.00 29.8°C normal
2018-12-13__20:30:42 0.24 0.29 0.36 8.30 29.8°C normal
2018-12-13__20:31:05 0.17 0.27 0.36 7.58 29.8°C normal
2018-12-13__20:31:14 0.22 0.28 0.36 6.44 29.8°C normal
2018-12-13__20:31:43 0.20 0.27 0.35 10.00 29.8°C normal
2018-12-13__20:32:56 0.21 0.24 0.34 7.50 29.8°C normal
2018-12-13__20:34:38 0.14 0.22 0.32 8.46 29.8°C normal
018-12-13__20:34:43 0.13 0.22 0.32 3.52 29.8°C normal
018-12-13__20:34:49 0.12 0.21 0.31 4.05 29.8°C normal
018-12-13__20:34:54 0.19 0.23 0.32 4.55 29.8°C normal
018-12-13__20:35:00 0.17 0.22 0.32 4.00 29.8°C normal
018-12-13__20:35:05 0.16 0.22 0.31 3.02 29.8°C normal
018-12-13__20:35:52 0.07 0.19 0.30 9.10 29.8°C normal
2018-12-13__20:36:44 0.10 0.17 0.28 8.87 29.8°C normal
2018-12-13__20:37:30 0.16 0.18 0.27 5.92 29.8°C normal
2018-12-13__20:37:36 0.23 0.19 0.28 1.53 29.8°C normal
2018-12-13__20:37:41 0.45 0.24 0.29 1.51 29.8°C normal
2018-12-13__20:37:47 0.42 0.23 0.29 2.03 29.8°C normal
018-12-13__20:37:52 0.43 0.24 0.29 2.03 29.8°C normal
018-12-13__20:37:58 0.40 0.24 0.29 3.56 29.8°C normal
018-12-13__20:38:03 0.37 0.23 0.29 3.52 29.8°C normal
018-12-13__20:38:09 0.50 0.26 0.30 2.47 29.8°C normal
018-12-13__20:38:14 0.54 0.28 0.30 4.05 29.8°C normal
018-12-13__20:38:20 0.49 0.27 0.30 2.54 29.8°C normal
018-12-13__20:38:25 0.77 0.33 0.32 5.59 29.8°C normal
018-12-13__20:38:31 0.71 0.33 0.32 4.53 29.8°C normal
018-12-13__20:38:36 0.66 0.32 0.32 2.05 29.8°C normal
018-12-13__20:38:42 0.68 0.33 0.32 2.02 29.8°C normal
018-12-13__20:38:47 0.58 0.32 0.32 3.02 29.8°C normal
2018-12-13__20:42:31 0.54 0.46 0.37 4.98 29.8°C normal
2018-12-13__20:42:37 0.50 0.46 0.37 2.54 29.8°C normal
2018-12-13__20:42:42 0.42 0.44 0.37 2.50 29.8°C normal
2018-12-13__20:42:48 0.39 0.43 0.36 3.47 29.8°C normal
2018-12-13__20:42:53 0.35 0.43 0.36 2.04 29.8°C normal
2018-12-13__20:46:04 0.06 0.23 0.29 9.46 29.8°C normal
018-12-13__20:46:09 0.05 0.23 0.29 3.49 29.8°C normal
018-12-13__20:46:15 0.05 0.23 0.29 5.06 29.8°C normal
018-12-13__20:46:20 0.04 0.22 0.29 2.02 29.8°C normal
018-12-13__20:46:26 0.04 0.22 0.29 3.00 29.8°C normal
018-12-13__20:46:31 0.04 0.21 0.28 2.00 29.8°C normal
018-12-13__20:46:37 0.03 0.21 0.28 4.62 29.8°C normal
018-12-13__20:46:42 0.03 0.21 0.28 2.00 29.8°C normal
018-12-13__20:46:48 0.02 0.20 0.28 3.47 29.8°C normal
018-12-13__20:46:53 0.02 0.20 0.27 6.41 29.8°C normal
018-12-13__20:46:59 0.02 0.19 0.27 9.10 29.8°C normal
018-12-13__20:54:24 0.08 0.07 0.17 8.05 29.8°C normal
2018-12-13__20:54:29 0.08 0.06 0.17 1.03 29.8°C normal
2018-12-13__20:54:35 0.07 0.06 0.17 4.03 29.8°C normal
2018-12-13__20:54:40 0.06 0.06 0.17 2.52 29.8°C normal
2018-12-13__20:57:12 0.16 0.13 0.18 5.56 29.8°C normal
018-12-13__20:57:18 0.15 0.13 0.18 1.02 29.8°C normal
018-12-13__20:57:23 0.13 0.12 0.17 1.52 29.8°C normal
018-12-13__20:57:29 0.12 0.12 0.17 3.56 29.8°C normal
018-12-13__20:57:34 0.11 0.12 0.17 1.52 29.8°C normal
018-12-13__20:57:40 0.10 0.12 0.17 5.45 29.8°C normal
018-12-13__20:57:45 0.09 0.11 0.17 4.05 29.8°C normal
018-12-13__20:57:51 0.08 0.11 0.17 3.54 29.8°C normal
018-12-13__20:57:56 0.24 0.14 0.18 1.51 29.8°C normal
018-12-13__20:58:02 0.22 0.14 0.18 5.42 29.8°C normal
018-12-13__20:58:07 0.28 0.16 0.18 4.60 29.8°C normal
018-12-13__20:58:13 0.26 0.15 0.18 4.53 29.8°C normal
018-12-13__20:58:18 0.22 0.15 0.18 3.99 29.8°C normal
018-12-13__20:58:24 0.20 0.14 0.18 2.49 29.8°C normal
018-12-13__20:58:29 0.27 0.16 0.18 3.54 29.8°C normal
018-12-13__20:58:35 0.24 0.16 0.18 2.49 29.8°C normal
018-12-13__20:58:40 0.22 0.15 0.18 2.04 29.8°C normal
018-12-13__20:58:46 0.29 0.17 0.19 4.00 29.8°C normal
018-12-13__20:58:51 0.26 0.16 0.18 4.03 29.8°C normal
018-12-13__20:58:57 0.24 0.16 0.18 3.54 29.8°C normal
018-12-13__20:59:02 0.46 0.21 0.20 6.90 29.8°C normal
018-12-13__20:59:08 0.43 0.20 0.20 2.52 29.8°C normal
018-12-13__20:59:13 0.89 0.31 0.23 1.54 29.8°C normal
018-12-13__20:59:19 0.82 0.31 0.23 2.50 29.8°C normal
018-12-13__20:59:24 0.75 0.30 0.23 2.54 29.8°C normal
018-12-13__20:59:30 0.69 0.30 0.23 2.49 29.8°C normal
018-12-13__20:59:35 0.72 0.31 0.23 3.02 29.8°C normal
018-12-13__20:59:41 0.66 0.30 0.23 2.53 29.8°C normal
018-12-13__20:59:46 0.69 0.32 0.24 10.16 29.8°C normal
018-12-13__20:59:52 1.11 0.41 0.27 7.47 29.8°C normal
018-12-13__20:59:57 1.02 0.40 0.27 8.00 29.8°C normal
018-12-13__21:00:03 1.01 0.42 0.27 3.97 29.8°C normal
018-12-13__21:00:08 0.93 0.42 0.27 2.52 29.8°C normal
018-12-13__21:00:14 0.94 0.43 0.28 2.54 29.8°C normal
018-12-13__21:00:20 0.86 0.42 0.27 1.52 29.8°C normal
018-12-13__21:00:25 0.79 0.41 0.27 3.97 29.8°C normal
018-12-13__21:00:31 0.89 0.44 0.28 8.96 29.8°C normal
018-12-13__21:00:36 0.82 0.43 0.28 2.02 29.8°C normal
018-12-13__21:00:42 0.75 0.42 0.28 2.00 29.8°C normal
2018-12-18__19:18:41 0.68 0.87 0.83 7.62 29.8°C normal
018-12-18__19:18:47 0.63 0.85 0.83 4.03 29.8°C normal
018-12-18__19:18:52 0.66 0.85 0.83 4.62 29.8°C normal
018-12-18__19:22:14 0.29 0.64 0.75 9.55 29.8°C normal
018-12-18__19:22:20 0.26 0.62 0.74 5.03 29.8°C normal
018-12-18__19:22:25 0.24 0.61 0.74 3.99 29.8°C normal
018-12-18__19:22:31 0.22 0.60 0.74 3.54 29.8°C normal
018-12-18__19:23:40 0.51 0.61 0.73 8.38 29.8°C normal
2018-12-18__19:23:45 0.46 0.60 0.72 1.54 29.8°C normal
2018-12-18__19:25:25 0.42 0.57 0.70 9.50 29.8°C normal
2018-12-18__19:25:30 0.39 0.56 0.70 3.10 29.8°C normal
2018-12-18__19:25:36 0.44 0.56 0.70 6.41 29.8°C normal
2018-12-18__19:25:41 0.40 0.55 0.70 4.50 29.8°C normal
2018-12-18__19:25:47 0.41 0.55 0.69 4.07 29.8°C normal
2018-12-18__19:25:52 0.46 0.56 0.70 3.04 29.8°C normal
2018-12-18__19:25:58 0.42 0.55 0.69 3.02 29.8°C normal
2018-12-18__19:26:03 0.55 0.57 0.70 3.52 29.8°C normal
2018-12-18__19:26:09 0.50 0.56 0.70 3.59 29.8°C normal
2018-12-18__19:26:14 0.46 0.56 0.69 5.98 29.8°C normal
2018-12-18__19:26:20 0.51 0.56 0.69 12.00 29.8°C normal
2018-12-18__19:26:25 0.47 0.55 0.69 5.50 29.8°C normal
2018-12-18__19:26:31 0.43 0.54 0.69 2.56 29.8°C normal
2018-12-18__19:26:38 0.36 0.53 0.68 6.47 29.8°C normal
018-12-18__19:26:44 0.41 0.53 0.68 3.52 29.8°C normal
018-12-18__19:26:49 0.46 0.54 0.68 3.63 29.8°C normal
018-12-18__19:28:07 0.49 0.55 0.68 10.79 29.8°C normal
018-12-18__19:28:12 0.45 0.54 0.67 4.07 29.8°C normal
2018-12-18__19:28:18 0.41 0.53 0.67 4.53 29.8°C normal
018-12-18__19:28:23 0.38 0.53 0.66 3.00 29.8°C normal
2018-12-18__19:29:54 0.40 0.51 0.64 7.18 29.8°C normal
018-12-18__19:30:00 0.37 0.50 0.64 4.53 29.8°C normal
2018-12-18__19:30:05 0.34 0.50 0.64 3.04 29.8°C normal
018-12-18__19:30:11 0.31 0.49 0.63 4.55 29.8°C normal
2018-12-18__19:30:16 0.28 0.48 0.63 3.50 29.8°C normal
018-12-18__19:30:22 0.24 0.46 0.62 4.00 29.8°C normal
018-12-18__19:30:27 0.22 0.45 0.62 2.54 29.8°C normal
2018-12-18__19:32:36 0.35 0.39 0.57 10.56 29.8°C normal
018-12-18__19:32:42 0.30 0.37 0.56 3.52 29.8°C normal
2018-12-18__19:32:47 0.27 0.37 0.56 4.05 29.8°C normal
018-12-18__19:32:53 0.25 0.36 0.55 5.48 29.8°C normal
2018-12-18__19:35:22 0.21 0.28 0.49 9.91 29.8°C normal
018-12-18__19:35:28 0.19 0.28 0.49 4.53 29.8°C normal
018-12-18__19:35:33 0.18 0.27 0.49 5.48 29.8°C normal
2018-12-18__19:37:07 0.12 0.24 0.45 9.55 29.8°C normal
018-12-18__19:39:08 0.22 0.23 0.42 10.95 29.8°C normal
2018-12-18__19:39:14 0.20 0.22 0.42 4.05 29.8°C normal
2018-12-18__19:40:14 0.32 0.27 0.42 8.59 29.8°C normal
2018-12-18__19:40:19 0.30 0.26 0.42 4.53 29.8°C normal
2018-12-18__19:40:25 0.27 0.26 0.42 3.07 29.8°C normal
2018-12-18__19:43:18 0.37 0.32 0.41 7.47 29.8°C normal
018-12-18__19:43:23 0.43 0.33 0.42 3.52 29.8°C normal
018-12-18__19:51:36 0.24 0.47 0.48 10.61 29.8°C normal
018-12-18__19:51:42 0.30 0.48 0.48 8.50 29.8°C normal
2018-12-18__19:54:09 0.28 0.39 0.44 8.87 29.8°C normal
018-12-18__19:54:15 0.58 0.45 0.46 2.54 29.8°C normal
2018-12-18__19:55:43 0.46 0.45 0.46 8.05 29.8°C normal
018-12-18__19:55:48 0.71 0.50 0.47 4.96 29.8°C normal
018-12-18__19:55:54 0.89 0.54 0.49 3.54 29.8°C normal
2018-12-18__20:01:33 0.09 0.22 0.36 12.20 29.8°C normal
018-12-18__20:01:39 0.08 0.22 0.35 7.36 29.8°C normal
018-12-18__20:03:57 0.34 0.31 0.37 9.00 29.8°C normal
