018-12-12__19:34:55	1	/                        44036	19604	54%
2018-12-12__19:34:55	1	/media/gpx/Data          26303	16183	39%
2018-12-12__19:34:55	1	/media/gpx/Acer          121524	43751	64%
2018-12-12__19:34:55	1	/media/gpx/Software      50228	26196	48%
2018-12-12__19:34:55	0	disk                     242091	105734	55%
2018-12-12__19:35:00	1	/                        44036	19604	54%
2018-12-12__19:35:00	1	/media/gpx/Data          26303	16183	39%
2018-12-12__19:35:00	1	/media/gpx/Acer          121524	43751	64%
2018-12-12__19:35:00	1	/media/gpx/Software      50228	26196	48%
2018-12-12__19:35:00	0	disk                     242091	105734	55%
2018-12-12__19:35:08	1	/                        44036	19604	54%
2018-12-12__19:35:08	1	/media/gpx/Data          26303	16183	39%
2018-12-12__19:35:08	1	/media/gpx/Acer          121524	43751	64%
2018-12-12__19:35:08	1	/media/gpx/Software      50228	26196	48%
2018-12-12__19:35:08	0	disk                     242091	105734	55%
2018-12-12__19:35:13	1	/                        44036	9604	54%
2018-12-12__19:35:13	1	/media/gpx/Data          26303	16183	39%
2018-12-12__19:35:13	1	/media/gpx/Acer          121524	43751	64%
2018-12-12__19:35:13	1	/media/gpx/Software      50228	26196	48%
2018-12-12__19:35:13	0	disk                     242091	105734	55%
2018-12-12__19:35:53	1	/                        44036	19604	54%
2018-12-12__19:35:53	1	/media/gpx/Data          26303	16183	39%
2018-12-12__19:35:53	1	/media/gpx/Acer          121524	43751	64%
2018-12-12__19:35:53	1	/media/gpx/Software      50228	26196	48%
2018-12-12__19:35:53	0	disk                     242091	105734	55%
2018-12-12__19:35:58	1	/                        44036	19604	54%
2018-12-12__19:35:58	1	/media/gpx/Data          26303	16183	39%
2018-12-12__19:35:58	1	/media/gpx/Acer          121524	43751	64%
2018-12-12__19:35:58	1	/media/gpx/Software      50228	26196	48%
2018-12-12__19:35:58	0	disk                     242091	105734	55%
2018-12-12__19:36:03	1	/                        44036	19604	54%
2018-12-12__19:36:03	1	/media/gpx/Data         26303	16183	39%
2018-12-12__19:36:03	1	/media/gpx/Acer          121524	43751	64%
2018-12-12__19:36:03	1	/media/gpx/Software      50228	26196	48%
2018-12-12__19:36:03	0	disk                     242091	105734	55%
2018-12-12__19:36:08	1	/                        44036	19604	54%
2018-12-12__19:36:08	1	/media/gpx/Data          26303	16183	39%
2018-12-12__19:36:08	1	/media/gpx/Acer          121524	43751	64%
2018-12-12__19:36:08	1	/media/gpx/Software      50228	26196	48%
2018-12-12__19:36:08	0	disk                     242091	105734	55%
2018-12-12__19:37:22	1	/                        44036	19598	54%
2018-12-12__19:37:22	1	/media/gpx/Data          26303	16183	39%
2018-12-12__19:37:22	1	/media/gpx/Acer          121524	43751	64%
2018-12-12__19:37:22	1	/media/gpx/Software      50228	26196	48%
2018-12-12__19:37:22	0	disk                     242091	105728	55%
2018-12-12__19:37:27	1	/                        44036	19598	54%
2018-12-12__19:37:27	1	/media/gpx/Data          26303	16183	39%
2018-12-12__19:37:27	1	/media/gpx/cer          121524	43751	64%
2018-12-12__19:37:27	1	/media/gpx/Software      50228	26196	48%
2018-12-12__19:37:27	0	disk                     242091	105728	55%
2018-12-12__19:37:32	1	/                        44036	19598	54%
2018-12-12__19:37:32	1	/media/gpx/Data          26303	16183	39%
2018-12-12__19:37:32	1	/media/gpx/Acer          121524	43751	64%
2018-12-12__19:37:32	1	/media/gpx/Software      50228	26196	48%
2018-12-12__19:37:32	0	disk                     242091	105728	55%
2018-12-12__19:37:37	1	/                        44036	19598	54%
2018-12-12__19:37:37	1	/media/gpx/Data          26303	16183	39%
2018-12-12__19:37:37	1	/media/gpx/Acer          121524	43751	64%
2018-12-12__19:37:37	1	/media/gpx/Software      50228	26196	48%
2018-12-12__19:37:37	0	disk                     242091	105728	55%
2018-12-12__19:37:42	1	/                        44036	19598	54%
2018-12-12__19:37:42	1	/media/gpx/Data          26303	16183	39%
2018-12-12__19:37:42	1	/media/gpx/Acer          121524	43751	64%
2018-12-12__19:37:42	1	media/gpx/Software      50228	26196	48%
2018-12-12__19:37:42	0	disk                     242091	105728	55%
2018-12-12__19:37:47	1	/                        44036	19598	54%
2018-12-12__19:37:47	1	/media/gpx/Data          26303	16183	39%
2018-12-12__19:37:47	1	/media/gpx/Acer          121524	43751	64%
2018-12-12__19:37:47	1	/media/gpx/Software      50228	26196	48%
2018-12-12__19:37:47	0	disk                     242091	105728	55%
2018-12-12__19:41:20	1	/                        44036	19595	54%
2018-12-12__19:41:20	1	/media/gpx/Data          26303	16183	39%
2018-12-12__19:41:20	1	/media/gpx/Acer          121524	43751	64%
2018-12-12__19:41:20	1	/media/gpx/Software      50228	26196	48%
2018-12-12__19:41:20	0	disk                     242091	105725	55%
2018-12-12__19:41:25	1	/                        44036	19595	54%
2018-12-12__19:41:25	1	/media/gpx/Data          26303	16183	39%
2018-12-12__19:41:25	1	/media/gpx/Acer          121524	43751	64%
2018-12-12__19:41:25	1	/media/gpx/Software      50228	26196	48%
2018-12-12__1:41:25	0	disk                     242091	105725	55%
2018-12-12__19:41:30	1	/                        44036	19595	54%
2018-12-12__19:41:30	1	/media/gpx/Data          26303	16183	39%
2018-12-12__19:41:30	1	/media/gpx/Acer          121524	43751	64%
2018-12-12__19:41:30	1	/media/gpx/Software      50228	26196	48%
2018-12-12__19:41:30	0	disk                     242091	105725	55%
2018-12-12__19:41:35	1	/                        44036	19595	54%
2018-12-12__19:41:35	1	/media/gpx/Data          26303	16183	39%
2018-12-12__19:41:35	1	/media/gpx/Acer          121524	43751	64%
2018-12-12__19:41:35	1	/media/gpx/Software      50228	26196	48%
2018-12-12__19:41:35	0	disk                     242091	105725	55%
2018-12-12__19:41:40	1	/                        44036	19595	54%
2018-12-12__19:41:40	1	/media/gpx/Data          26303	16183	39%
2018-12-12__19:41:40	1	/media/gpx/Acer          121524	43751	64%
2018-12-12__19:41:40	1	/media/gpx/Software      50228	26196	48%
2018-12-12__19:41:40	0	disk                     242091	105725	55%
218-12-12__19:41:45	1	/                        44036	19595	54%
2018-12-12__19:41:45	1	/media/gpx/Data          26303	16183	39%
2018-12-12__19:41:45	1	/media/gpx/Acer          121524	43751	64%
2018-12-12__19:41:45	1	/media/gpx/Software      50228	26196	48%
2018-12-12__19:41:45	0	disk                     242091	105725	55%
2018-12-12__19:43:53	1	/                        44036	19595	54%
2018-12-12__19:43:53	1	/media/gpx/Data          26303	16183	39%
2018-12-12__19:43:53	1	/media/gpx/Acer          121524	43751	64%
2018-12-12__19:43:53	1	/media/gpx/Software      50228	26196	48%
2018-12-12__19:43:53	0	disk                     242091	105725	55%
2018-12-12__19:43:58	1	/                        44036	19595	54%
2018-12-12__19:43:58	1	/media/gpx/Data          26303	16183	39%
2018-12-12__19:43:58	1	/media/gpx/Acer          121524	43751	64%
2018-12-12__19:43:58	1	/media/gpx/Software      50228	26196	48%
2018-12-12__19:43:58	0	disk                     242091	105725	55%
2018-12-12__19:44:03	1	/                        44036	1595	54%
2018-12-12__19:44:03	1	/media/gpx/Data          26303	16183	39%
2018-12-12__19:44:03	1	/media/gpx/Acer          121524	43751	64%
2018-12-12__19:44:03	1	/media/gpx/Software      50228	26196	48%
2018-12-12__19:44:03	0	disk                     242091	105725	55%
2018-12-12__19:44:08	1	/                        44036	19595	54%
2018-12-12__19:44:08	1	/media/gpx/Data          26303	16183	39%
2018-12-12__19:44:08	1	/media/gpx/Acer          121524	43751	64%
2018-12-12__19:44:08	1	/media/gpx/Software      50228	26196	48%
2018-12-12__19:44:08	0	disk                     242091	105725	55%
2018-12-12__19:44:13	1	/                        44036	19594	54%
2018-12-12__19:44:13	1	/media/gpx/Data          26303	16183	39%
2018-12-12__19:44:13	1	/media/gpx/Acer          121524	43751	64%
2018-12-12__19:44:13	1	/media/gpx/Software      50228	26196	48%
2018-12-12__19:44:13	0	disk                     242091	105724	55%
2018-12-12__19:44:18	1	/                        44036	19595	54%
2018-12-12__19:44:18	1	/media/gpx/Data         26303	16183	39%
2018-12-12__19:44:18	1	/media/gpx/Acer          121524	43751	64%
2018-12-12__19:44:18	1	/media/gpx/Software      50228	26196	48%
2018-12-12__19:44:18	0	disk                     242091	105725	55%
2018-12-12__19:44:23	1	/                        44036	19594	54%
2018-12-12__19:44:23	1	/media/gpx/Data          26303	16183	39%
2018-12-12__19:44:23	1	/media/gpx/Acer          121524	43751	64%
2018-12-12__19:44:23	1	/media/gpx/Software      50228	26196	48%
2018-12-12__19:44:23	0	disk                     242091	105724	55%
2018-12-12__19:44:28	1	/                        44036	19594	54%
2018-12-12__19:44:28	1	/media/gpx/Data          26303	16183	39%
2018-12-12__19:44:28	1	/media/gpx/Acer          121524	43751	64%
2018-12-12__19:44:28	1	/media/gpx/Software      50228	26196	48%
2018-12-12__19:44:28	0	disk                     242091	105724	55%
2018-12-12__19:44:33	1	/                        44036	19594	54%
2018-12-12__19:44:33	1	/media/gpx/Data          26303	16183	39%
2018-12-12__19:44:33	1	/media/gpx/Aer          121524	43751	64%
2018-12-12__19:44:33	1	/media/gpx/Software      50228	26196	48%
2018-12-12__19:44:33	0	disk                     242091	105724	55%
2018-12-12__19:44:38	1	/                        44036	19594	54%
2018-12-12__19:44:38	1	/media/gpx/Data          26303	16183	39%
2018-12-12__19:44:38	1	/media/gpx/Acer          121524	43751	64%
2018-12-12__19:44:38	1	/media/gpx/Software      50228	26196	48%
2018-12-12__19:44:38	0	disk                     242091	105724	55%
2018-12-12__19:44:43	1	/                        44036	19594	54%
2018-12-12__19:44:43	1	/media/gpx/Data          26303	16183	39%
2018-12-12__19:44:43	1	/media/gpx/Acer          121524	43751	64%
2018-12-12__19:44:43	1	/media/gpx/Software      50228	26196	48%
2018-12-12__19:44:43	0	disk                     242091	105724	55%
2018-12-12__19:44:48	1	/                        44036	19594	54%
2018-12-12__19:44:48	1	/media/gpx/Data          26303	16183	39%
2018-12-12__19:44:48	1	/media/gpx/Acer          121524	43751	64%
2018-12-12__19:44:48	1	/edia/gpx/Software      50228	26196	48%
2018-12-12__19:44:48	0	disk                     242091	105724	55%
2018-12-12__19:44:53	1	/                        44036	19594	54%
2018-12-12__19:44:53	1	/media/gpx/Data          26303	16183	39%
2018-12-12__19:44:53	1	/media/gpx/Acer          121524	43751	64%
2018-12-12__19:44:53	1	/media/gpx/Software      50228	26196	48%
2018-12-12__19:44:53	0	disk                     242091	105724	55%
2018-12-12__19:44:58	1	/                        44036	19594	54%
2018-12-12__19:44:58	1	/media/gpx/Data          26303	16183	39%
2018-12-12__19:44:58	1	/media/gpx/Acer          121524	43751	64%
2018-12-12__19:44:58	1	/media/gpx/Software      50228	26196	48%
2018-12-12__19:44:58	0	disk                     242091	105724	55%
2018-12-12__19:45:03	1	/                        44036	19594	54%
2018-12-12__19:45:03	1	/media/gpx/Data          26303	16183	39%
2018-12-12__19:45:03	1	/media/gpx/Acer          121524	43751	64%
2018-12-12__19:45:03	1	/media/gpx/Software      50228	26196	48%
2018-12-12__1945:03	0	disk                     242091	105724	55%
2018-12-12__19:45:08	1	/                        44036	19594	54%
2018-12-12__19:45:08	1	/media/gpx/Data          26303	16183	39%
2018-12-12__19:45:08	1	/media/gpx/Acer          121524	43751	64%
2018-12-12__19:45:08	1	/media/gpx/Software      50228	26196	48%
2018-12-12__19:45:08	0	disk                     242091	105724	55%
2018-12-12__19:45:13	1	/                        44036	19594	54%
2018-12-12__19:45:13	1	/media/gpx/Data          26303	16183	39%
2018-12-12__19:45:13	1	/media/gpx/Acer          121524	43751	64%
2018-12-12__19:45:13	1	/media/gpx/Software      50228	26196	48%
2018-12-12__19:45:13	0	disk                     242091	105724	55%
2018-12-12__19:45:18	1	/                        44036	19594	54%
2018-12-12__19:45:18	1	/media/gpx/Data          26303	16183	39%
2018-12-12__19:45:18	1	/media/gpx/Acer          121524	43751	64%
2018-12-12__19:45:18	1	/media/gpx/Software      50228	26196	48%
2018-12-12__19:45:18	0	disk                     242091	105724	55%
208-12-12__19:45:23	1	/                        44036	19594	54%
2018-12-12__19:45:23	1	/media/gpx/Data          26303	16183	39%
2018-12-12__19:45:23	1	/media/gpx/Acer          121524	43751	64%
2018-12-12__19:45:23	1	/media/gpx/Software      50228	26196	48%
2018-12-12__19:45:23	0	disk                     242091	105724	55%
2018-12-12__19:45:28	1	/                        44036	19594	54%
2018-12-12__19:45:28	1	/media/gpx/Data          26303	16183	39%
2018-12-12__19:45:28	1	/media/gpx/Acer          121524	43751	64%
2018-12-12__19:45:28	1	/media/gpx/Software      50228	26196	48%
2018-12-12__19:45:28	0	disk                     242091	105724	55%
2018-12-12__19:45:33	1	/                        44036	19594	54%
2018-12-12__19:45:33	1	/media/gpx/Data          26303	16183	39%
2018-12-12__19:45:33	1	/media/gpx/Acer          121524	43751	64%
2018-12-12__19:45:33	1	/media/gpx/Software      50228	26196	48%
2018-12-12__19:45:33	0	disk                     242091	105724	55%
2018-12-12__19:45:38	1	/                        44036	1994	54%
2018-12-12__19:45:38	1	/media/gpx/Data          26303	16183	39%
2018-12-12__19:45:38	1	/media/gpx/Acer          121524	43751	64%
2018-12-12__19:45:38	1	/media/gpx/Software      50228	26196	48%
2018-12-12__19:45:38	0	disk                     242091	105724	55%
2018-12-12__19:45:43	1	/                        44036	19594	54%
2018-12-12__19:45:43	1	/media/gpx/Data          26303	16183	39%
2018-12-12__19:45:43	1	/media/gpx/Acer          121524	43751	64%
2018-12-12__19:45:43	1	/media/gpx/Software      50228	26196	48%
2018-12-12__19:45:43	0	disk                     242091	105724	55%
2018-12-12__19:45:48	1	/                        44036	19594	54%
2018-12-12__19:45:48	1	/media/gpx/Data          26303	16183	39%
2018-12-12__19:45:48	1	/media/gpx/Acer          121524	43751	64%
2018-12-12__19:45:48	1	/media/gpx/Software      50228	26196	48%
2018-12-12__19:45:48	0	disk                     242091	105724	55%
2018-12-12__19:45:53	1	/                        44036	19594	54%
2018-12-12__19:45:53	1	/media/gpx/Data         26303	16183	39%
2018-12-12__19:45:53	1	/media/gpx/Acer          121524	43751	64%
2018-12-12__19:45:53	1	/media/gpx/Software      50228	26196	48%
2018-12-12__19:45:53	0	disk                     242091	105724	55%
2018-12-12__19:45:58	1	/                        44036	19594	54%
2018-12-12__19:45:58	1	/media/gpx/Data          26303	16183	39%
2018-12-12__19:45:58	1	/media/gpx/Acer          121524	43751	64%
2018-12-12__19:45:58	1	/media/gpx/Software      50228	26196	48%
2018-12-12__19:45:58	0	disk                     242091	105724	55%
2018-12-12__19:46:03	1	/                        44036	19594	54%
2018-12-12__19:46:03	1	/media/gpx/Data          26303	16183	39%
2018-12-12__19:46:03	1	/media/gpx/Acer          121524	43751	64%
2018-12-12__19:46:03	1	/media/gpx/Software      50228	26196	48%
2018-12-12__19:46:03	0	disk                     242091	105724	55%
2018-12-12__19:46:08	1	/                        44036	19594	54%
2018-12-12__19:46:08	1	/media/gpx/Data          26303	16183	39%
2018-12-12__19:46:08	1	/media/gpx/Acr          121524	43751	64%
2018-12-12__19:46:08	1	/media/gpx/Software      50228	26196	48%
2018-12-12__19:46:08	0	disk                     242091	105724	55%
2018-12-12__19:46:13	1	/                        44036	19594	54%
2018-12-12__19:46:13	1	/media/gpx/Data          26303	16183	39%
2018-12-12__19:46:13	1	/media/gpx/Acer          121524	43751	64%
2018-12-12__19:46:13	1	/media/gpx/Software      50228	26196	48%
2018-12-12__19:46:13	0	disk                     242091	105724	55%
2018-12-12__19:46:18	1	/                        44036	19594	54%
2018-12-12__19:46:18	1	/media/gpx/Data          26303	16183	39%
2018-12-12__19:46:18	1	/media/gpx/Acer          121524	43751	64%
2018-12-12__19:46:18	1	/media/gpx/Software      50228	26196	48%
2018-12-12__19:46:18	0	disk                     242091	105724	55%
2018-12-12__19:46:23	1	/                        44036	19594	54%
2018-12-12__19:46:23	1	/media/gpx/Data          26303	16183	39%
2018-12-12__19:46:23	1	/media/gpx/Acer          121524	43751	64%
2018-12-12__19:46:23	1	/mdia/gpx/Software      50228	26196	48%
2018-12-12__19:46:23	0	disk                     242091	105724	55%
2018-12-12__19:46:28	1	/                        44036	19594	54%
2018-12-12__19:46:28	1	/media/gpx/Data          26303	16183	39%
2018-12-12__19:46:28	1	/media/gpx/Acer          121524	43751	64%
2018-12-12__19:46:28	1	/media/gpx/Software      50228	26196	48%
2018-12-12__19:46:28	0	disk                     242091	105724	55%
2018-12-12__19:46:33	1	/                        44036	19594	54%
2018-12-12__19:46:33	1	/media/gpx/Data          26303	16183	39%
2018-12-12__19:46:33	1	/media/gpx/Acer          121524	43751	64%
2018-12-12__19:46:33	1	/media/gpx/Software      50228	26196	48%
2018-12-12__19:46:33	0	disk                     242091	105724	55%
2018-12-12__19:46:38	1	/                        44036	19594	54%
2018-12-12__19:46:38	1	/media/gpx/Data          26303	16183	39%
2018-12-12__19:46:38	1	/media/gpx/Acer          121524	43751	64%
2018-12-12__19:46:38	1	/media/gpx/Software      50228	26196	48%
2018-12-12__19:6:38	0	disk                     242091	105724	55%
2018-12-12__19:46:43	1	/                        44036	19594	54%
2018-12-12__19:46:43	1	/media/gpx/Data          26303	16183	39%
2018-12-12__19:46:43	1	/media/gpx/Acer          121524	43751	64%
2018-12-12__19:46:43	1	/media/gpx/Software      50228	26196	48%
2018-12-12__19:46:43	0	disk                     242091	105724	55%
2018-12-12__19:46:48	1	/                        44036	19594	54%
2018-12-12__19:46:48	1	/media/gpx/Data          26303	16183	39%
2018-12-12__19:46:48	1	/media/gpx/Acer          121524	43751	64%
2018-12-12__19:46:48	1	/media/gpx/Software      50228	26196	48%
2018-12-12__19:46:48	0	disk                     242091	105724	55%
2018-12-12__19:46:53	1	/                        44036	19594	54%
2018-12-12__19:46:53	1	/media/gpx/Data          26303	16183	39%
2018-12-12__19:46:53	1	/media/gpx/Acer          121524	43751	64%
2018-12-12__19:46:53	1	/media/gpx/Software      50228	26196	48%
2018-12-12__19:46:53	0	disk                     242091	105724	55%
201-12-12__19:46:58	1	/                        44036	19594	54%
2018-12-12__19:46:58	1	/media/gpx/Data          26303	16183	39%
2018-12-12__19:46:58	1	/media/gpx/Acer          121524	43751	64%
2018-12-12__19:46:58	1	/media/gpx/Software      50228	26196	48%
2018-12-12__19:46:58	0	disk                     242091	105724	55%
2018-12-12__19:47:03	1	/                        44036	19594	54%
2018-12-12__19:47:03	1	/media/gpx/Data          26303	16183	39%
2018-12-12__19:47:03	1	/media/gpx/Acer          121524	43751	64%
2018-12-12__19:47:03	1	/media/gpx/Software      50228	26196	48%
2018-12-12__19:47:03	0	disk                     242091	105724	55%
2018-12-12__19:47:08	1	/                        44036	19594	54%
2018-12-12__19:47:08	1	/media/gpx/Data          26303	16183	39%
2018-12-12__19:47:08	1	/media/gpx/Acer          121524	43751	64%
2018-12-12__19:47:08	1	/media/gpx/Software      50228	26196	48%
2018-12-12__19:47:08	0	disk                     242091	105724	55%
2018-12-12__19:47:13	1	/                        44036	1954	54%
2018-12-12__19:47:13	1	/media/gpx/Data          26303	16183	39%
2018-12-12__19:47:13	1	/media/gpx/Acer          121524	43751	64%
2018-12-12__19:47:13	1	/media/gpx/Software      50228	26196	48%
2018-12-12__19:47:13	0	disk                     242091	105724	55%
2018-12-12__19:47:18	1	/                        44036	19594	54%
2018-12-12__19:47:18	1	/media/gpx/Data          26303	16183	39%
2018-12-12__19:47:18	1	/media/gpx/Acer          121524	43751	64%
2018-12-12__19:47:18	1	/media/gpx/Software      50228	26196	48%
2018-12-12__19:47:18	0	disk                     242091	105724	55%
2018-12-12__19:49:05	1	/                        44036	19593	54%
2018-12-12__19:49:05	1	/media/gpx/Data          26303	16183	39%
2018-12-12__19:49:05	1	/media/gpx/Acer          121524	43751	64%
2018-12-12__19:49:05	1	/media/gpx/Software      50228	26196	48%
2018-12-12__19:49:05	0	disk                     242091	105723	55%
2018-12-12__19:49:10	1	/                        44036	19593	54%
2018-12-12__19:49:10	1	/media/gpx/Data         26303	16183	39%
2018-12-12__19:49:10	1	/media/gpx/Acer          121524	43751	64%
2018-12-12__19:49:10	1	/media/gpx/Software      50228	26196	48%
2018-12-12__19:49:10	0	disk                     242091	105723	55%
2018-12-12__19:49:15	1	/                        44036	19593	54%
2018-12-12__19:49:15	1	/media/gpx/Data          26303	16183	39%
2018-12-12__19:49:15	1	/media/gpx/Acer          121524	43751	64%
2018-12-12__19:49:15	1	/media/gpx/Software      50228	26196	48%
2018-12-12__19:49:15	0	disk                     242091	105723	55%
2018-12-12__19:51:00	1	/                        44036	19592	54%
2018-12-12__19:51:00	1	/media/gpx/Data          26303	16183	39%
2018-12-12__19:51:00	1	/media/gpx/Acer          121524	43751	64%
2018-12-12__19:51:00	1	/media/gpx/Software      50228	26196	48%
2018-12-12__19:51:00	0	disk                     242091	105722	55%
2018-12-12__19:51:05	1	/                        44036	19592	54%
2018-12-12__19:51:05	1	/media/gpx/Data          26303	16183	39%
2018-12-12__19:51:05	1	/media/gpx/Ace          121524	43751	64%
2018-12-12__19:51:05	1	/media/gpx/Software      50228	26196	48%
2018-12-12__19:51:05	0	disk                     242091	105722	55%
2018-12-12__19:51:10	1	/                        44036	19592	54%
2018-12-12__19:51:10	1	/media/gpx/Data          26303	16183	39%
2018-12-12__19:51:10	1	/media/gpx/Acer          121524	43751	64%
2018-12-12__19:51:10	1	/media/gpx/Software      50228	26196	48%
2018-12-12__19:51:10	0	disk                     242091	105722	55%
2018-12-12__19:52:31	1	/                        44036	19592	54%
2018-12-12__19:52:31	1	/media/gpx/Data          26303	16183	39%
2018-12-12__19:52:31	1	/media/gpx/Acer          121524	43751	64%
2018-12-12__19:52:31	1	/media/gpx/Software      50228	26196	48%
2018-12-12__19:52:31	0	disk                     242091	105722	55%
2018-12-12__19:52:36	1	/                        44036	19592	54%
2018-12-12__19:52:36	1	/media/gpx/Data          26303	16183	39%
2018-12-12__19:52:36	1	/media/gpx/Acer          121524	43751	64%
2018-12-12__19:52:36	1	/meia/gpx/Software      50228	26196	48%
2018-12-12__19:52:36	0	disk                     242091	105722	55%
2018-12-12__19:52:41	1	/                        44036	19592	54%
2018-12-12__19:52:41	1	/media/gpx/Data          26303	16183	39%
2018-12-12__19:52:41	1	/media/gpx/Acer          121524	43751	64%
2018-12-12__19:52:41	1	/media/gpx/Software      50228	26196	48%
2018-12-12__19:52:41	0	disk                     242091	105722	55%
2018-12-12__19:52:46	1	/                        44036	19591	54%
2018-12-12__19:52:46	1	/media/gpx/Data          26303	16183	39%
2018-12-12__19:52:46	1	/media/gpx/Acer          121524	43751	64%
2018-12-12__19:52:46	1	/media/gpx/Software      50228	26196	48%
2018-12-12__19:52:46	0	disk                     242091	105721	55%
2018-12-12__19:56:56	1	/                        44036	19591	54%
2018-12-12__19:56:56	1	/media/gpx/Data          26303	16183	39%
2018-12-12__19:56:56	1	/media/gpx/Acer          121524	43751	64%
2018-12-12__19:56:56	1	/media/gpx/Software      50228	26196	48%
2018-12-12__19:5:56	0	disk                     242091	105721	55%
2018-12-12__19:57:01	1	/                        44036	19591	54%
2018-12-12__19:57:01	1	/media/gpx/Data          26303	16183	39%
2018-12-12__19:57:01	1	/media/gpx/Acer          121524	43751	64%
2018-12-12__19:57:01	1	/media/gpx/Software      50228	26196	48%
2018-12-12__19:57:01	0	disk                     242091	105721	55%
2018-12-12__19:57:06	1	/                        44036	19591	54%
2018-12-12__19:57:06	1	/media/gpx/Data          26303	16183	39%
2018-12-12__19:57:06	1	/media/gpx/Acer          121524	43751	64%
2018-12-12__19:57:06	1	/media/gpx/Software      50228	26196	48%
2018-12-12__19:57:06	0	disk                     242091	105721	55%
018-12-12__19:57:11	1	/                        44036	19591	54%
2018-12-12__19:57:11	1	/media/gpx/Data          26303	16183	39%
2018-12-12__19:57:11	1	/media/gpx/Acer          121524	43751	64%
2018-12-12__19:57:11	1	/media/gpx/Software      50228	26196	48%
2018-12-12__19:57:11	0	disk                     242091	105721	55%
018-12-12__19:57:16	1	/                        44036	19591	54%
2018-12-12__19:57:16	1	/media/gpx/Data          26303	16183	39%
2018-12-12__19:57:16	1	/media/gpx/Acer          121524	43751	64%
2018-12-12__19:57:16	1	/media/gpx/Software      50228	26196	48%
2018-12-12__19:57:16	0	disk                     242091	105721	55%
018-12-12__19:57:21	1	/                        44036	19591	54%
2018-12-12__19:57:21	1	/media/gpx/Data          26303	16183	39%
2018-12-12__19:57:21	1	/media/gpx/Acer          121524	43751	64%
2018-12-12__19:57:21	1	/media/gpx/Software      50228	26196	48%
2018-12-12__19:57:21	0	disk                     242091	105721	55%
018-12-12__19:57:26	1	/                        44036	19591	54%
2018-12-12__19:57:26	1	/media/gpx/Data          26303	16183	39%
2018-12-12__19:57:26	1	/media/gpx/Acer          121524	43751	64%
2018-12-12__19:57:26	1	/media/gpx/Software      50228	26196	48%
2018-12-12__19:57:26	0	disk                     242091	105721	55%
018-12-12__20:04:38	1	/                        44036	19589	54%
2018-12-12__20:04:38	1	/media/gpx/Data          26303	16183	39%
2018-12-12__20:04:38	1	/media/gpx/Acer          121524	43751	64%
2018-12-12__20:04:38	1	/media/gpx/Software      50228	26196	48%
2018-12-12__20:04:38	0	disk                     242091	105719	55%
2018-12-12__20:04:43	1	/                        44036	19589	54%
2018-12-12__20:04:43	1	/media/gpx/Data          26303	16183	39%
2018-12-12__20:04:43	1	/media/gpx/Acer          121524	43751	64%
2018-12-12__20:04:43	1	/media/gpx/Software      50228	26196	48%
2018-12-12__20:04:43	0	disk                     242091	105719	55%
2018-12-12__20:27:55	1	/                        44036	19582	54%
2018-12-12__20:27:55	1	/media/gpx/Data          26303	16183	39%
2018-12-12__20:27:55	1	/media/gpx/Acer          121524	43751	64%
2018-12-12__20:27:55	1	/media/gpx/Software      50228	26196	48%
2018-12-12__20:27:55	0	disk                     242091	105712	55%
2018-12-12__20:28:00	1	/                        44036	9582	54%
2018-12-12__20:28:00	1	/media/gpx/Data          26303	16183	39%
2018-12-12__20:28:00	1	/media/gpx/Acer          121524	43751	64%
2018-12-12__20:28:00	1	/media/gpx/Software      50228	26196	48%
2018-12-12__20:28:00	0	disk                     242091	105712	55%
2018-12-12__20:28:05	1	/                        44036	19582	54%
2018-12-12__20:28:05	1	/media/gpx/Data          26303	16183	39%
2018-12-12__20:28:05	1	/media/gpx/Acer          121524	43751	64%
2018-12-12__20:28:05	1	/media/gpx/Software      50228	26196	48%
2018-12-12__20:28:05	0	disk                     242091	105712	55%
2018-12-12__20:32:00	1	/                        44036	19582	54%
2018-12-12__20:32:00	1	/media/gpx/Data          26303	16183	39%
2018-12-12__20:32:00	1	/media/gpx/Acer          121524	43751	64%
2018-12-12__20:32:00	1	/media/gpx/Software      50228	26196	48%
2018-12-12__20:32:00	0	disk                     242091	105712	55%
018-12-12__20:32:05	1	/                        44036	19582	54%
2018-12-12__20:32:05	1	/media/gpx/Data          26303	16183	39%
2018-12-12__20:32:05	1	/media/gpx/Acer          121524	43751	64%
2018-12-12__20:32:05	1	/media/gpx/Software      50228	26196	48%
2018-12-12__20:32:05	0	disk                     242091	105712	55%
018-12-12__20:32:10	1	/                        44036	19582	54%
2018-12-12__20:32:10	1	/media/gpx/Data          26303	16183	39%
2018-12-12__20:32:10	1	/media/gpx/Acer          121524	43751	64%
2018-12-12__20:32:10	1	/media/gpx/Software      50228	26196	48%
2018-12-12__20:32:10	0	disk                     242091	105712	55%
018-12-12__20:32:15	1	/                        44036	19582	54%
2018-12-12__20:32:15	1	/media/gpx/Data          26303	16183	39%
2018-12-12__20:32:15	1	/media/gpx/Acer          121524	43751	64%
2018-12-12__20:32:15	1	/media/gpx/Software      50228	26196	48%
2018-12-12__20:32:15	0	disk                     242091	105712	55%
018-12-12__20:32:20	1	/                        44036	19582	54%
2018-12-12__20:32:20	1	/media/gpx/Data          26303	16183	39%
2018-12-12__20:32:20	1	/media/gpx/Acer          121524	43751	64%
2018-12-12__20:32:20	1	/media/gpx/Software      50228	26196	48%
2018-12-12__20:32:20	0	disk                     242091	105712	55%
018-12-12__20:32:25	1	/                        44036	19582	54%
2018-12-12__20:32:25	1	/media/gpx/Data          26303	16183	39%
2018-12-12__20:32:25	1	/media/gpx/Acer          121524	43751	64%
2018-12-12__20:32:25	1	/media/gpx/Software      50228	26196	48%
2018-12-12__20:32:25	0	disk                     242091	105712	55%
018-12-12__20:32:30	1	/                        44036	19581	54%
2018-12-12__20:32:30	1	/media/gpx/Data          26303	16183	39%
2018-12-12__20:32:30	1	/media/gpx/Acer          121524	43751	64%
2018-12-12__20:32:30	1	/media/gpx/Software      50228	26196	48%
2018-12-12__20:32:30	0	disk                     242091	105711	55%
018-12-12__20:32:35	1	/                        44036	19581	54%
2018-12-12__20:32:35	1	/media/gpx/Data          26303	16183	39%
2018-12-12__20:32:35	1	/media/gpx/Acer          121524	43751	64%
2018-12-12__20:32:35	1	/media/gpx/Software      50228	26196	48%
2018-12-12__20:32:35	0	disk                     242091	105711	55%
018-12-12__20:32:40	1	/                        44036	19581	54%
2018-12-12__20:32:40	1	/media/gpx/Data          26303	16183	39%
2018-12-12__20:32:40	1	/media/gpx/Acer          121524	43751	64%
2018-12-12__20:32:40	1	/media/gpx/Software      50228	26196	48%
2018-12-12__20:32:40	0	disk                     242091	105711	55%
018-12-12__20:35:15	1	/                        44036	19581	54%
2018-12-12__20:35:15	1	/media/gpx/Data          26303	16183	39%
2018-12-12__20:35:15	1	/media/gpx/Acer          121524	43751	64%
2018-12-12__20:35:15	1	/media/gpx/Software      50228	26196	48%
2018-12-12__20:35:15	0	disk                     242091	105711	55%
018-12-12__20:35:20	1	/                        44036	19581	54%
2018-12-12__20:35:20	1	/media/gpx/Data          26303	16183	39%
2018-12-12__20:35:20	1	/media/gpx/Acer          121524	43751	64%
2018-12-12__20:35:20	1	/media/gpx/Software      50228	26196	48%
2018-12-12__20:35:20	0	disk                     242091	105711	55%
018-12-12__20:35:25	1	/                        44036	19581	54%
2018-12-12__20:35:25	1	/media/gpx/Data          26303	16183	39%
2018-12-12__20:35:25	1	/media/gpx/Acer          121524	43751	64%
2018-12-12__20:35:25	1	/media/gpx/Software      50228	26196	48%
2018-12-12__20:35:25	0	disk                     242091	105711	55%
018-12-12__20:35:30	1	/                        44036	19581	54%
2018-12-12__20:35:30	1	/media/gpx/Data          26303	16183	39%
2018-12-12__20:35:30	1	/media/gpx/Acer          121524	43751	64%
2018-12-12__20:35:30	1	/media/gpx/Software      50228	26196	48%
2018-12-12__20:35:30	0	disk                     242091	105711	55%
018-12-12__20:35:35	1	/                        44036	19581	54%
2018-12-12__20:35:35	1	/media/gpx/Data          26303	16183	39%
2018-12-12__20:35:35	1	/media/gpx/Acer          121524	43751	64%
2018-12-12__20:35:35	1	/media/gpx/Software      50228	26196	48%
2018-12-12__20:35:35	0	disk                     242091	105711	55%
018-12-12__20:37:24	1	/                        44036	19579	54%
2018-12-12__20:37:24	1	/media/gpx/Data          26303	16183	39%
2018-12-12__20:37:24	1	/media/gpx/Acer          121524	43751	64%
2018-12-12__20:37:24	1	/media/gpx/Software      50228	26196	48%
2018-12-12__20:37:24	0	disk                     242091	105709	55%
018-12-12__20:37:29	1	/                        44036	19579	54%
2018-12-12__20:37:29	1	/media/gpx/Data          26303	16183	39%
2018-12-12__20:37:29	1	/media/gpx/Acer          121524	43751	64%
2018-12-12__20:37:29	1	/media/gpx/Software      50228	26196	48%
2018-12-12__20:37:29	0	disk                     242091	105709	55%
018-12-12__20:37:34	1	/                        44036	19579	54%
2018-12-12__20:37:34	1	/media/gpx/Data          26303	16183	39%
2018-12-12__20:37:34	1	/media/gpx/Acer          121524	43751	64%
2018-12-12__20:37:34	1	/media/gpx/Software      50228	26196	48%
2018-12-12__20:37:34	0	disk                     242091	105709	55%
018-12-12__20:37:39	1	/                        44036	19579	54%
2018-12-12__20:37:39	1	/media/gpx/Data          26303	16183	39%
2018-12-12__20:37:39	1	/media/gpx/Acer          121524	43751	64%
2018-12-12__20:37:39	1	/media/gpx/Software      50228	26196	48%
2018-12-12__20:37:39	0	disk                     242091	105709	55%
018-12-12__20:37:44	1	/                        44036	19579	54%
2018-12-12__20:37:44	1	/media/gpx/Data          26303	16183	39%
2018-12-12__20:37:44	1	/media/gpx/Acer          121524	43751	64%
2018-12-12__20:37:44	1	/media/gpx/Software      50228	26196	48%
2018-12-12__20:37:44	0	disk                     242091	105709	55%
018-12-12__20:37:49	1	/                        44036	19579	54%
2018-12-12__20:37:49	1	/media/gpx/Data          26303	16183	39%
2018-12-12__20:37:49	1	/media/gpx/Acer          121524	43751	64%
2018-12-12__20:37:49	1	/media/gpx/Software      50228	26196	48%
2018-12-12__20:37:49	0	disk                     242091	105709	55%
018-12-12__20:37:54	1	/                        44036	19579	54%
2018-12-12__20:37:54	1	/media/gpx/Data          26303	16183	39%
2018-12-12__20:37:54	1	/media/gpx/Acer          121524	43751	64%
2018-12-12__20:37:54	1	/media/gpx/Software      50228	26196	48%
2018-12-12__20:37:54	0	disk                     242091	105709	55%
018-12-12__20:37:59	1	/                        44036	19579	54%
2018-12-12__20:37:59	1	/media/gpx/Data          26303	16183	39%
2018-12-12__20:37:59	1	/media/gpx/Acer          121524	43751	64%
2018-12-12__20:37:59	1	/media/gpx/Software      50228	26196	48%
2018-12-12__20:37:59	0	disk                     242091	105709	55%
018-12-12__20:39:56	1	/                        44036	19579	54%
2018-12-12__20:39:56	1	/media/gpx/Data          26303	16183	39%
2018-12-12__20:39:56	1	/media/gpx/Acer          121524	43751	64%
2018-12-12__20:39:56	1	/media/gpx/Software      50228	26196	48%
2018-12-12__20:39:56	0	disk                     242091	105709	55%
018-12-12__20:40:01	1	/                        44036	19579	54%
2018-12-12__20:40:01	1	/media/gpx/Data          26303	16183	39%
2018-12-12__20:40:01	1	/media/gpx/Acer          121524	43751	64%
2018-12-12__20:40:01	1	/media/gpx/Software      50228	26196	48%
2018-12-12__20:40:01	0	disk                     242091	105709	55%
2018-12-12__20:40:06	1	/                        44036	19579	54%
2018-12-12__20:40:06	1	/media/gpx/Data          26303	16183	39%
2018-12-12__20:40:06	1	/media/gpx/Acer          121524	43751	64%
2018-12-12__20:40:06	1	/media/gpx/Software      50228	26196	48%
2018-12-12__20:40:06	0	disk                     242091	105709	55%
2018-12-12__20:40:11	1	/                        44036	19579	54%
2018-12-12__20:40:11	1	/media/gpx/Data          26303	16183	39%
2018-12-12__20:40:11	1	/media/gpx/Acer          121524	43751	64%
2018-12-12__20:40:11	1	/media/gpx/Software      50228	26196	48%
2018-12-12__20:40:11	0	disk                     242091	105709	55%
2018-12-12__20:40:16	1	/                        44036	9579	54%
2018-12-12__20:40:16	1	/media/gpx/Data          26303	16183	39%
2018-12-12__20:40:16	1	/media/gpx/Acer          121524	43751	64%
2018-12-12__20:40:16	1	/media/gpx/Software      50228	26196	48%
2018-12-12__20:40:16	0	disk                     242091	105709	55%
2018-12-12__20:40:21	1	/                        44036	19579	54%
2018-12-12__20:40:21	1	/media/gpx/Data          26303	16183	39%
2018-12-12__20:40:21	1	/media/gpx/Acer          121524	43751	64%
2018-12-12__20:40:21	1	/media/gpx/Software      50228	26196	48%
2018-12-12__20:40:21	0	disk                     242091	105709	55%
2018-12-12__20:40:26	1	/                        44036	19579	54%
2018-12-12__20:40:26	1	/media/gpx/Data          26303	16183	39%
2018-12-12__20:40:26	1	/media/gpx/Acer          121524	43751	64%
2018-12-12__20:40:26	1	/media/gpx/Software      50228	26196	48%
2018-12-12__20:40:26	0	disk                     242091	105709	55%
2018-12-12__20:40:31	1	/                        44036	19579	54%
2018-12-12__20:40:31	1	/media/gpx/Data         26303	16183	39%
2018-12-12__20:40:31	1	/media/gpx/Acer          121524	43751	64%
2018-12-12__20:40:31	1	/media/gpx/Software      50228	26196	48%
2018-12-12__20:40:31	0	disk                     242091	105709	55%
2018-12-12__20:40:36	1	/                        44036	19579	54%
2018-12-12__20:40:36	1	/media/gpx/Data          26303	16183	39%
2018-12-12__20:40:36	1	/media/gpx/Acer          121524	43751	64%
2018-12-12__20:40:36	1	/media/gpx/Software      50228	26196	48%
2018-12-12__20:40:36	0	disk                     242091	105709	55%
2018-12-12__20:40:41	1	/                        44036	19579	54%
2018-12-12__20:40:41	1	/media/gpx/Data          26303	16183	39%
2018-12-12__20:40:41	1	/media/gpx/Acer          121524	43751	64%
2018-12-12__20:40:41	1	/media/gpx/Software      50228	26196	48%
2018-12-12__20:40:41	0	disk                     242091	105709	55%
2018-12-12__20:40:46	1	/                        44036	19579	54%
2018-12-12__20:40:46	1	/media/gpx/Data          26303	16183	39%
2018-12-12__20:40:46	1	/media/gpx/cer          121524	43751	64%
2018-12-12__20:40:46	1	/media/gpx/Software      50228	26196	48%
2018-12-12__20:40:46	0	disk                     242091	105709	55%
2018-12-12__20:40:51	1	/                        44036	19579	54%
2018-12-12__20:40:51	1	/media/gpx/Data          26303	16183	39%
2018-12-12__20:40:51	1	/media/gpx/Acer          121524	43751	64%
2018-12-12__20:40:51	1	/media/gpx/Software      50228	26196	48%
2018-12-12__20:40:51	0	disk                     242091	105709	55%
2018-12-12__20:40:56	1	/                        44036	19579	54%
2018-12-12__20:40:56	1	/media/gpx/Data          26303	16183	39%
2018-12-12__20:40:56	1	/media/gpx/Acer          121524	43751	64%
2018-12-12__20:40:56	1	/media/gpx/Software      50228	26196	48%
2018-12-12__20:40:56	0	disk                     242091	105709	55%
2018-12-12__20:41:01	1	/                        44036	19579	54%
2018-12-12__20:41:01	1	/media/gpx/Data          26303	16183	39%
2018-12-12__20:41:01	1	/media/gpx/Acer          121524	43751	64%
2018-12-12__20:41:01	1	media/gpx/Software      50228	26196	48%
2018-12-12__20:41:01	0	disk                     242091	105709	55%
2018-12-12__20:41:06	1	/                        44036	19579	54%
2018-12-12__20:41:06	1	/media/gpx/Data          26303	16183	39%
2018-12-12__20:41:06	1	/media/gpx/Acer          121524	43751	64%
2018-12-12__20:41:06	1	/media/gpx/Software      50228	26196	48%
2018-12-12__20:41:06	0	disk                     242091	105709	55%
2018-12-12__20:41:11	1	/                        44036	19579	54%
2018-12-12__20:41:11	1	/media/gpx/Data          26303	16183	39%
2018-12-12__20:41:11	1	/media/gpx/Acer          121524	43751	64%
2018-12-12__20:41:11	1	/media/gpx/Software      50228	26196	48%
2018-12-12__20:41:11	0	disk                     242091	105709	55%
2018-12-12__20:41:16	1	/                        44036	19579	54%
2018-12-12__20:41:16	1	/media/gpx/Data          26303	16183	39%
2018-12-12__20:41:16	1	/media/gpx/Acer          121524	43751	64%
2018-12-12__20:41:16	1	/media/gpx/Software      50228	26196	48%
2018-12-12__2:41:16	0	disk                     242091	105709	55%
2018-12-12__20:41:21	1	/                        44036	19579	54%
2018-12-12__20:41:21	1	/media/gpx/Data          26303	16183	39%
2018-12-12__20:41:21	1	/media/gpx/Acer          121524	43751	64%
2018-12-12__20:41:21	1	/media/gpx/Software      50228	26196	48%
2018-12-12__20:41:21	0	disk                     242091	105709	55%
2018-12-12__20:41:26	1	/                        44036	19579	54%
2018-12-12__20:41:26	1	/media/gpx/Data          26303	16183	39%
2018-12-12__20:41:26	1	/media/gpx/Acer          121524	43751	64%
2018-12-12__20:41:26	1	/media/gpx/Software      50228	26196	48%
2018-12-12__20:41:26	0	disk                     242091	105709	55%
2018-12-12__20:41:31	1	/                        44036	19579	54%
2018-12-12__20:41:31	1	/media/gpx/Data          26303	16183	39%
2018-12-12__20:41:31	1	/media/gpx/Acer          121524	43751	64%
2018-12-12__20:41:31	1	/media/gpx/Software      50228	26196	48%
2018-12-12__20:41:31	0	disk                     242091	105709	55%
218-12-12__20:41:36	1	/                        44036	19579	54%
2018-12-12__20:41:36	1	/media/gpx/Data          26303	16183	39%
2018-12-12__20:41:36	1	/media/gpx/Acer          121524	43751	64%
2018-12-12__20:41:36	1	/media/gpx/Software      50228	26196	48%
2018-12-12__20:41:36	0	disk                     242091	105709	55%
2018-12-12__20:41:41	1	/                        44036	19579	54%
2018-12-12__20:41:41	1	/media/gpx/Data          26303	16183	39%
2018-12-12__20:41:41	1	/media/gpx/Acer          121524	43751	64%
2018-12-12__20:41:41	1	/media/gpx/Software      50228	26196	48%
2018-12-12__20:41:41	0	disk                     242091	105709	55%
2018-12-12__20:41:46	1	/                        44036	19579	54%
2018-12-12__20:41:46	1	/media/gpx/Data          26303	16183	39%
2018-12-12__20:41:46	1	/media/gpx/Acer          121524	43751	64%
2018-12-12__20:41:46	1	/media/gpx/Software      50228	26196	48%
2018-12-12__20:41:46	0	disk                     242091	105709	55%
2018-12-12__20:41:51	1	/                        44036	1579	54%
2018-12-12__20:41:51	1	/media/gpx/Data          26303	16183	39%
2018-12-12__20:41:51	1	/media/gpx/Acer          121524	43751	64%
2018-12-12__20:41:51	1	/media/gpx/Software      50228	26196	48%
2018-12-12__20:41:51	0	disk                     242091	105709	55%
2018-12-12__20:41:56	1	/                        44036	19579	54%
2018-12-12__20:41:56	1	/media/gpx/Data          26303	16183	39%
2018-12-12__20:41:56	1	/media/gpx/Acer          121524	43751	64%
2018-12-12__20:41:56	1	/media/gpx/Software      50228	26196	48%
2018-12-12__20:41:56	0	disk                     242091	105709	55%
2018-12-12__20:42:01	1	/                        44036	19579	54%
2018-12-12__20:42:01	1	/media/gpx/Data          26303	16183	39%
2018-12-12__20:42:01	1	/media/gpx/Acer          121524	43751	64%
2018-12-12__20:42:01	1	/media/gpx/Software      50228	26196	48%
2018-12-12__20:42:01	0	disk                     242091	105709	55%
2018-12-12__20:42:06	1	/                        44036	19579	54%
2018-12-12__20:42:06	1	/media/gpx/Data         26303	16183	39%
2018-12-12__20:42:06	1	/media/gpx/Acer          121524	43751	64%
2018-12-12__20:42:06	1	/media/gpx/Software      50228	26196	48%
2018-12-12__20:42:06	0	disk                     242091	105709	55%
2018-12-12__20:42:11	1	/                        44036	19579	54%
2018-12-12__20:42:11	1	/media/gpx/Data          26303	16183	39%
2018-12-12__20:42:11	1	/media/gpx/Acer          121524	43751	64%
2018-12-12__20:42:11	1	/media/gpx/Software      50228	26196	48%
2018-12-12__20:42:11	0	disk                     242091	105709	55%
2018-12-12__20:43:54	1	/                        44036	19578	54%
2018-12-12__20:43:54	1	/media/gpx/Data          26303	16183	39%
2018-12-12__20:43:54	1	/media/gpx/Acer          121524	43751	64%
2018-12-12__20:43:54	1	/media/gpx/Software      50228	26196	48%
2018-12-12__20:43:54	0	disk                     242091	105708	55%
018-12-12__20:43:59	1	/                        44036	19578	54%
2018-12-12__20:43:59	1	/media/gpx/Data          26303	16183	39%
2018-12-12__20:43:59	1	/media/gpx/Acer          121524	43751	64%
2018-12-12__20:43:59	1	/media/gpx/Software      50228	26196	48%
2018-12-12__20:43:59	0	disk                     242091	105708	55%
2018-12-12__20:44:04	1	/                        44036	19578	54%
2018-12-12__20:44:04	1	/media/gpx/Data          26303	16183	39%
2018-12-12__20:44:04	1	/media/gpx/Acer          121524	43751	64%
2018-12-12__20:44:04	1	/media/gpx/Software      50228	26196	48%
2018-12-12__20:44:04	0	disk                     242091	105708	55%
2018-12-12__20:44:09	1	/                        44036	19578	54%
2018-12-12__20:44:09	1	/media/gpx/Data          26303	16183	39%
2018-12-12__20:44:09	1	/media/gpx/Acer          121524	43751	64%
2018-12-12__20:44:09	1	/media/gpx/Software      50228	26196	48%
2018-12-12__20:44:09	0	disk                     242091	105708	55%
2018-12-12__20:44:14	1	/                        44036	9578	54%
2018-12-12__20:44:14	1	/media/gpx/Data          26303	16183	39%
2018-12-12__20:44:14	1	/media/gpx/Acer          121524	43751	64%
2018-12-12__20:44:14	1	/media/gpx/Software      50228	26196	48%
2018-12-12__20:44:14	0	disk                     242091	105708	55%
2018-12-12__20:44:19	1	/                        44036	19578	54%
2018-12-12__20:44:19	1	/media/gpx/Data          26303	16183	39%
2018-12-12__20:44:19	1	/media/gpx/Acer          121524	43751	64%
2018-12-12__20:44:19	1	/media/gpx/Software      50228	26196	48%
2018-12-12__20:44:19	0	disk                     242091	105708	55%
2018-12-12__20:44:24	1	/                        44036	19578	54%
2018-12-12__20:44:24	1	/media/gpx/Data          26303	16183	39%
2018-12-12__20:44:24	1	/media/gpx/Acer          121524	43751	64%
2018-12-12__20:44:24	1	/media/gpx/Software      50228	26196	48%
2018-12-12__20:44:24	0	disk                     242091	105708	55%
2018-12-12__20:44:29	1	/                        44036	19578	54%
2018-12-12__20:44:29	1	/media/gpx/Data         26303	16183	39%
2018-12-12__20:44:29	1	/media/gpx/Acer          121524	43751	64%
2018-12-12__20:44:29	1	/media/gpx/Software      50228	26196	48%
2018-12-12__20:44:29	0	disk                     242091	105708	55%
2018-12-12__20:44:34	1	/                        44036	19578	54%
2018-12-12__20:44:34	1	/media/gpx/Data          26303	16183	39%
2018-12-12__20:44:34	1	/media/gpx/Acer          121524	43751	64%
2018-12-12__20:44:34	1	/media/gpx/Software      50228	26196	48%
2018-12-12__20:44:34	0	disk                     242091	105708	55%
2018-12-12__20:44:39	1	/                        44036	19578	54%
2018-12-12__20:44:39	1	/media/gpx/Data          26303	16183	39%
2018-12-12__20:44:39	1	/media/gpx/Acer          121524	43751	64%
2018-12-12__20:44:39	1	/media/gpx/Software      50228	26196	48%
2018-12-12__20:44:39	0	disk                     242091	105708	55%
2018-12-12__20:44:44	1	/                        44036	19578	54%
2018-12-12__20:44:44	1	/media/gpx/Data          26303	16183	39%
2018-12-12__20:44:44	1	/media/gpx/cer          121524	43751	64%
2018-12-12__20:44:44	1	/media/gpx/Software      50228	26196	48%
2018-12-12__20:44:44	0	disk                     242091	105708	55%
2018-12-12__20:44:49	1	/                        44036	19578	54%
2018-12-12__20:44:49	1	/media/gpx/Data          26303	16183	39%
2018-12-12__20:44:49	1	/media/gpx/Acer          121524	43751	64%
2018-12-12__20:44:49	1	/media/gpx/Software      50228	26196	48%
2018-12-12__20:44:49	0	disk                     242091	105708	55%
2018-12-12__20:44:54	1	/                        44036	19578	54%
2018-12-12__20:44:54	1	/media/gpx/Data          26303	16183	39%
2018-12-12__20:44:54	1	/media/gpx/Acer          121524	43751	64%
2018-12-12__20:44:54	1	/media/gpx/Software      50228	26196	48%
2018-12-12__20:44:54	0	disk                     242091	105708	55%
2018-12-12__20:48:56	1	/                        44036	19577	54%
2018-12-12__20:48:56	1	/media/gpx/Data          26303	16183	39%
2018-12-12__20:48:56	1	/media/gpx/Acer          121524	43751	64%
2018-12-12__20:48:56	1	media/gpx/Software      50228	26196	48%
2018-12-12__20:48:56	0	disk                     242091	105707	55%
018-12-12__20:49:01	1	/                        44036	19577	54%
2018-12-12__20:49:01	1	/media/gpx/Data          26303	16183	39%
2018-12-12__20:49:01	1	/media/gpx/Acer          121524	43751	64%
2018-12-12__20:49:01	1	/media/gpx/Software      50228	26196	48%
2018-12-12__20:49:01	0	disk                     242091	105707	55%
2018-12-12__20:49:06	1	/                        44036	19577	54%
2018-12-12__20:49:06	1	/media/gpx/Data          26303	16183	39%
2018-12-12__20:49:06	1	/media/gpx/Acer          121524	43751	64%
2018-12-12__20:49:06	1	/media/gpx/Software      50228	26196	48%
2018-12-12__20:49:06	0	disk                     242091	105707	55%
2018-12-12__20:49:11	1	/                        44036	19577	54%
2018-12-12__20:49:11	1	/media/gpx/Data          26303	16183	39%
2018-12-12__20:49:11	1	/media/gpx/Acer          121524	43751	64%
2018-12-12__20:49:11	1	/media/gpx/Software      50228	26196	48%
2018-12-12__20:49:11	0	disk                     242091	105707	55%
2018-12-12__20:49:16	1	/                        44036	9577	54%
2018-12-12__20:49:16	1	/media/gpx/Data          26303	16183	39%
2018-12-12__20:49:16	1	/media/gpx/Acer          121524	43751	64%
2018-12-12__20:49:16	1	/media/gpx/Software      50228	26196	48%
2018-12-12__20:49:16	0	disk                     242091	105707	55%
2018-12-12__20:49:21	1	/                        44036	19577	54%
2018-12-12__20:49:21	1	/media/gpx/Data          26303	16183	39%
2018-12-12__20:49:21	1	/media/gpx/Acer          121524	43751	64%
2018-12-12__20:49:21	1	/media/gpx/Software      50228	26196	48%
2018-12-12__20:49:21	0	disk                     242091	105707	55%
2018-12-12__20:54:16	1	/                        44036	19573	54%
2018-12-12__20:54:16	1	/media/gpx/Data          26303	16183	39%
2018-12-12__20:54:16	1	/media/gpx/Acer          121524	43751	64%
2018-12-12__20:54:16	1	/media/gpx/Software      50228	26196	48%
2018-12-12__20:54:16	0	disk                     242091	105703	55%
018-12-12__20:54:21	1	/                        44036	19573	54%
2018-12-12__20:54:21	1	/media/gpx/Data          26303	16183	39%
2018-12-12__20:54:21	1	/media/gpx/Acer          121524	43751	64%
2018-12-12__20:54:21	1	/media/gpx/Software      50228	26196	48%
2018-12-12__20:54:21	0	disk                     242091	105703	55%
2018-12-12__20:54:26	1	/                        44036	19573	54%
2018-12-12__20:54:26	1	/media/gpx/Data          26303	16183	39%
2018-12-12__20:54:26	1	/media/gpx/Acer          121524	43751	64%
2018-12-12__20:54:26	1	/media/gpx/Software      50228	26196	48%
2018-12-12__20:54:26	0	disk                     242091	105703	55%
2018-12-12__20:54:31	1	/                        44036	19573	54%
2018-12-12__20:54:31	1	/media/gpx/Data          26303	16183	39%
2018-12-12__20:54:31	1	/media/gpx/Acer          121524	43751	64%
2018-12-12__20:54:31	1	/media/gpx/Software      50228	26196	48%
2018-12-12__20:54:31	0	disk                     242091	105703	55%
2018-12-12__20:54:36	1	/                        44036	9573	54%
2018-12-12__20:54:36	1	/media/gpx/Data          26303	16183	39%
2018-12-12__20:54:36	1	/media/gpx/Acer          121524	43751	64%
2018-12-12__20:54:36	1	/media/gpx/Software      50228	26196	48%
2018-12-12__20:54:36	0	disk                     242091	105703	55%
2018-12-12__20:54:41	1	/                        44036	19573	54%
2018-12-12__20:54:41	1	/media/gpx/Data          26303	16183	39%
2018-12-12__20:54:41	1	/media/gpx/Acer          121524	43751	64%
2018-12-12__20:54:41	1	/media/gpx/Software      50228	26196	48%
2018-12-12__20:54:41	0	disk                     242091	105703	55%
2018-12-12__21:01:54	1	/                        44036	19581	54%
2018-12-12__21:01:54	1	/media/gpx/Data          26303	16183	39%
2018-12-12__21:01:54	1	/media/gpx/Acer          121524	43751	64%
2018-12-12__21:01:54	1	/media/gpx/Software      50228	26196	48%
2018-12-12__21:01:54	0	disk                     242091	105711	55%
018-12-12__21:01:59	1	/                        44036	19581	54%
2018-12-12__21:01:59	1	/media/gpx/Data          26303	16183	39%
2018-12-12__21:01:59	1	/media/gpx/Acer          121524	43751	64%
2018-12-12__21:01:59	1	/media/gpx/Software      50228	26196	48%
2018-12-12__21:01:59	0	disk                     242091	105711	55%
2018-12-12__21:02:04	1	/                        44036	19581	54%
2018-12-12__21:02:04	1	/media/gpx/Data          26303	16183	39%
2018-12-12__21:02:04	1	/media/gpx/Acer          121524	43751	64%
2018-12-12__21:02:04	1	/media/gpx/Software      50228	26196	48%
2018-12-12__21:02:04	0	disk                     242091	105711	55%
2018-12-12__21:02:09	1	/                        44036	19581	54%
2018-12-12__21:02:09	1	/media/gpx/Data          26303	16183	39%
2018-12-12__21:02:09	1	/media/gpx/Acer          121524	43751	64%
2018-12-12__21:02:09	1	/media/gpx/Software      50228	26196	48%
2018-12-12__21:02:09	0	disk                     242091	105711	55%
2018-12-12__21:02:14	1	/                        44036	9581	54%
2018-12-12__21:02:14	1	/media/gpx/Data          26303	16183	39%
2018-12-12__21:02:14	1	/media/gpx/Acer          121524	43751	64%
2018-12-12__21:02:14	1	/media/gpx/Software      50228	26196	48%
2018-12-12__21:02:14	0	disk                     242091	105711	55%
2018-12-12__21:02:19	1	/                        44036	19581	54%
2018-12-12__21:02:19	1	/media/gpx/Data          26303	16183	39%
2018-12-12__21:02:19	1	/media/gpx/Acer          121524	43751	64%
2018-12-12__21:02:19	1	/media/gpx/Software      50228	26196	48%
2018-12-12__21:02:19	0	disk                     242091	105711	55%
2018-12-12__21:02:24	1	/                        44036	19581	54%
2018-12-12__21:02:24	1	/media/gpx/Data          26303	16183	39%
2018-12-12__21:02:24	1	/media/gpx/Acer          121524	43751	64%
2018-12-12__21:02:24	1	/media/gpx/Software      50228	26196	48%
2018-12-12__21:02:24	0	disk                     242091	105711	55%
2018-12-12__21:04:21	1	/                        44036	19575	54%
2018-12-12__21:04:21	1	/media/gpx/Data         26303	16183	39%
2018-12-12__21:04:21	1	/media/gpx/Acer          121524	43751	64%
2018-12-12__21:04:21	1	/media/gpx/Software      50228	26196	48%
2018-12-12__21:04:21	0	disk                     242091	105705	55%
018-12-12__21:04:26	1	/                        44036	19575	54%
2018-12-12__21:04:26	1	/media/gpx/Data          26303	16183	39%
2018-12-12__21:04:26	1	/media/gpx/Acer          121524	43751	64%
2018-12-12__21:04:26	1	/media/gpx/Software      50228	26196	48%
2018-12-12__21:04:26	0	disk                     242091	105705	55%
018-12-12__21:04:31	1	/                        44036	19575	54%
2018-12-12__21:04:31	1	/media/gpx/Data          26303	16183	39%
2018-12-12__21:04:31	1	/media/gpx/Acer          121524	43751	64%
2018-12-12__21:04:31	1	/media/gpx/Software      50228	26196	48%
2018-12-12__21:04:31	0	disk                     242091	105705	55%
018-12-12__21:04:36	1	/                        44036	19575	54%
2018-12-12__21:04:36	1	/media/gpx/Data          26303	16183	39%
2018-12-12__21:04:36	1	/media/gpx/Acer          121524	43751	64%
2018-12-12__21:04:36	1	/media/gpx/Software      50228	26196	48%
2018-12-12__21:04:36	0	disk                     242091	105705	55%
018-12-12__21:04:41	1	/                        44036	19575	54%
2018-12-12__21:04:41	1	/media/gpx/Data          26303	16183	39%
2018-12-12__21:04:41	1	/media/gpx/Acer          121524	43751	64%
2018-12-12__21:04:41	1	/media/gpx/Software      50228	26196	48%
2018-12-12__21:04:41	0	disk                     242091	105705	55%
018-12-12__21:04:46	1	/                        44036	19575	54%
2018-12-12__21:04:46	1	/media/gpx/Data          26303	16183	39%
2018-12-12__21:04:46	1	/media/gpx/Acer          121524	43751	64%
2018-12-12__21:04:46	1	/media/gpx/Software      50228	26196	48%
2018-12-12__21:04:46	0	disk                     242091	105705	55%
018-12-12__21:04:51	1	/                        44036	19574	54%
2018-12-12__21:04:51	1	/media/gpx/Data          26303	16183	39%
2018-12-12__21:04:51	1	/media/gpx/Acer          121524	43751	64%
2018-12-12__21:04:51	1	/media/gpx/Software      50228	26196	48%
2018-12-12__21:04:51	0	disk                     242091	105704	55%
018-12-12__21:04:56	1	/                        44036	19574	54%
2018-12-12__21:04:56	1	/media/gpx/Data          26303	16183	39%
2018-12-12__21:04:56	1	/media/gpx/Acer          121524	43751	64%
2018-12-12__21:04:56	1	/media/gpx/Software      50228	26196	48%
2018-12-12__21:04:56	0	disk                     242091	105704	55%
018-12-12__21:05:01	1	/                        44036	19574	54%
2018-12-12__21:05:01	1	/media/gpx/Data          26303	16183	39%
2018-12-12__21:05:01	1	/media/gpx/Acer          121524	43751	64%
2018-12-12__21:05:01	1	/media/gpx/Software      50228	26196	48%
2018-12-12__21:05:01	0	disk                     242091	105704	55%
018-12-12__21:05:06	1	/                        44036	19574	54%
2018-12-12__21:05:06	1	/media/gpx/Data          26303	16183	39%
2018-12-12__21:05:06	1	/media/gpx/Acer          121524	43751	64%
2018-12-12__21:05:06	1	/media/gpx/Software      50228	26196	48%
2018-12-12__21:05:06	0	disk                     242091	105704	55%
