018-12-12__19:34:57 gpx-deepin GNU/Linux 4.15.0-29deepin-generic up_3_hours,_51_minutes 0.76 0.77 0.72 242091 55% 7845 28% 29.8 normal normal normal
2018-12-12__19:35:02 gpx-deepin GNU/Linux 4.15.0-29deepin-generic up_3_hours,_51_minutes 0.70 0.76 0.72 242091 55% 7845 28% 29.8 normal normal normal
2018-12-12__19:35:10 gpx-deepin GNU/Linux 4.15.0-29deepin-generic up_3_hours,_51_minutes 0.67 0.75 0.72 242091 55% 7845 28% 29.8 normal normal normal
2018-12-12__19:35:15 gpx-deepin GNU/Linux 4.15.0-29deepin-generic up_3_hours,_51_minutes 0.61 0.73 0.71 242091 55% 7845 28% 29.8 normal normal normal
2018-12-12__19:35:55 gpx-deepin GNU/Linux 4.15.0-29deepin-generic up_3_hours,_51_minutes 0.48 0.69 0.70 242091 55% 7845 28% 29.8 normal normal normal
2018-12-12__19:36:00 gpx-deepin GNU/Linux 4.15.0-29deepin-generic up_3_hours,_52_minutes 0.44 0.68 0.70 242091 55% 7845 28% 29.8 normal normal normal
2018-12-12__19:36:05 gpx-deepin GNU/Linux 4.15.0-29deepin-generic up_3_hours,_52_minutes 0.41 0.66 0.69 242091 55% 7845 28%29.8 normal normal normal
2018-12-12__19:37:24 gpx-deepin GNU/Linux 4.15.0-29deepin-generic up_3_hours,_53_minutes 0.41 0.62 0.68 242091 55% 7845 29% 29.8 normal normal normal
2018-12-12__19:37:29 gpx-deepin GNU/Linux 4.15.0-29deepin-generic up_3_hours,_53_minutes 0.46 0.63 0.68 242091 55% 7845 29% 29.8 normal normal normal
2018-12-12__19:37:34 gpx-deepin GNU/Linux 4.15.0-29deepin-generic up_3_hours,_53_minutes 0.42 0.62 0.67 242091 55% 7845 29% 29.8 normal normal normal
2018-12-12__19:37:39 gpx-deepin GNU/Linux 4.15.0-29deepin-generic up_3_hours,_53_minutes 0.39 0.61 0.67 242091 55% 7845 29% 29.8 normal normal normal
2018-12-12__19:37:44 gpx-deepin GNU/Linux 4.15.0-29deepin-generic up_3_hours,_53_minutes 0.36 0.60 0.67 242091 55% 7845 29% 29.8 normal normal normal
2018-12-12__19:41:24 gpx-deepin GNU/Linux 4.15.0-29deepin-generic up_3_hours,_57_minutes 0.34 0.51 0.62 242091 55% 7845 28% 29.8 normal normal normal
2018-12-12__19:41:29 gpx-deepin GNU/Linux 4.15.0-29deepin-generic up_3_hours,_57_minutes 0.31 0.0 0.62 242091 55% 7845 28% 29.8 normal normal normal
2018-12-12__19:41:34 gpx-deepin GNU/Linux 4.15.0-29deepin-generic up_3_hours,_57_minutes 0.29 0.49 0.61 242091 55% 7845 28% 29.8 normal normal normal
2018-12-12__19:41:39 gpx-deepin GNU/Linux 4.15.0-29deepin-generic up_3_hours,_57_minutes 0.26 0.48 0.61 242091 55% 7845 28% 29.8 normal normal normal
2018-12-12__19:41:44 gpx-deepin GNU/Linux 4.15.0-29deepin-generic up_3_hours,_57_minutes 0.24 0.47 0.61 242091 55% 7845 28% 29.8 normal normal normal
2018-12-12__19:43:57 gpx-deepin GNU/Linux 4.15.0-29deepin-generic up_4_hours 0.86 0.69 0.67 242091 55% 7845 28% 29.8 normal normal normal
2018-12-12__19:44:02 gpx-deepin GNU/Linux 4.15.0-29deepin-generic up_4_hours 0.87 0.70 0.67 242091 55% 7845 28% 29.8 normal normal normal
2018-12-12__19:44:07 gpx-deepin GNU/Linux 4.15.0-29deepin-generic up_4_hours 0.80 0.68 0.67 242091 55% 7845 28% 29.8 normal normal normal
2018-12-12__19:44:12 gpx-deepin GNU/Linux 4.15.0-29deepin-generic up_4_hours 0.73 0.67 0.67 242091 55% 785 28% 29.8 normal normal normal
2018-12-12__19:44:17 gpx-deepin GNU/Linux 4.15.0-29deepin-generic up_4_hours 0.67 0.66 0.66 242091 55% 7845 28% 29.8 normal normal normal
2018-12-12__19:44:22 gpx-deepin GNU/Linux 4.15.0-29deepin-generic up_4_hours 0.62 0.65 0.66 242091 55% 7845 28% 29.8 normal normal normal
2018-12-12__19:44:27 gpx-deepin GNU/Linux 4.15.0-29deepin-generic up_4_hours 0.57 0.64 0.65 242091 55% 7845 28% 29.8 normal normal normal
2018-12-12__19:44:32 gpx-deepin GNU/Linux 4.15.0-29deepin-generic up_4_hours 0.61 0.65 0.66 242091 55% 7845 28% 29.8 normal normal normal
2018-12-12__19:44:37 gpx-deepin GNU/Linux 4.15.0-29deepin-generic up_4_hours 0.64 0.65 0.66 242091 55% 7845 28% 29.8 normal normal normal
2018-12-12__19:44:42 gpx-deepin GNU/Linux 4.15.0-29deepin-generic up_4_hours 0.59 0.64 0.65 242091 55% 7845 28% 29.8 normal normal normal
2018-12-12__19:44:47 gpx-deepin GNU/Linux 4.15.0-29deepin-generic up_4_hours 0.62 0.65 0.66 242091 55% 7845 28% 29.8 normal normal normal
2018-12-12__19:44:52 gpxdeepin GNU/Linux 4.15.0-29deepin-generic up_4_hours 0.57 0.64 0.65 242091 55% 7845 28% 29.8 normal normal normal
2018-12-12__19:44:57 gpx-deepin GNU/Linux 4.15.0-29deepin-generic up_4_hours,_1_minute 0.68 0.66 0.66 242091 55% 7845 28% 29.8 normal normal normal
2018-12-12__19:45:02 gpx-deepin GNU/Linux 4.15.0-29deepin-generic up_4_hours,_1_minute 0.63 0.65 0.66 242091 55% 7845 28% 29.8 normal normal normal
2018-12-12__19:45:07 gpx-deepin GNU/Linux 4.15.0-29deepin-generic up_4_hours,_1_minute 0.74 0.67 0.66 242091 55% 7845 28% 29.8 normal normal normal
2018-12-12__19:45:12 gpx-deepin GNU/Linux 4.15.0-29deepin-generic up_4_hours,_1_minute 0.68 0.66 0.66 242091 55% 7845 28% 29.8 normal normal normal
2018-12-12__19:45:17 gpx-deepin GNU/Linux 4.15.0-29deepin-generic up_4_hours,_1_minute 0.87 0.70 0.67 242091 55% 7845 28% 29.8 normal normal normal
2018-12-12__19:45:22 gpx-deepin GNU/Linux 4.15.0-29deepin-generic up_4_hours,_1_minute 0.88 0.70 0.67 242091 55% 7845 28% 29.8 normal normal normal
2018-12-12__19:45:27 px-deepin GNU/Linux 4.15.0-29deepin-generic up_4_hours,_1_minute 0.89 0.71 0.68 242091 55% 7845 28% 29.8 normal normal normal
2018-12-12__19:45:32 gpx-deepin GNU/Linux 4.15.0-29deepin-generic up_4_hours,_1_minute 0.82 0.70 0.67 242091 55% 7845 28% 29.8 normal normal normal
2018-12-12__19:45:37 gpx-deepin GNU/Linux 4.15.0-29deepin-generic up_4_hours,_1_minute 0.75 0.68 0.67 242091 55% 7845 28% 29.8 normal normal normal
2018-12-12__19:45:42 gpx-deepin GNU/Linux 4.15.0-29deepin-generic up_4_hours,_1_minute 0.69 0.67 0.66 242091 55% 7845 28% 29.8 normal normal normal
2018-12-12__19:45:47 gpx-deepin GNU/Linux 4.15.0-29deepin-generic up_4_hours,_1_minute 0.95 0.73 0.68 242091 55% 7845 28% 29.8 normal normal normal
2018-12-12__19:45:52 gpx-deepin GNU/Linux 4.15.0-29deepin-generic up_4_hours,_1_minute 0.88 0.72 0.68 242091 55% 7845 29% 29.8 normal normal normal
2018-12-12__19:45:57 gpx-deepin GNU/Linux 4.15.0-29deepin-generic up_4_hours,_2_minutes 0.81 0.70 0.67 242091 55% 7845 29% 29.8 normal normal normal
2018-1212__19:46:02 gpx-deepin GNU/Linux 4.15.0-29deepin-generic up_4_hours,_2_minutes 0.74 0.69 0.67 242091 55% 7845 28% 29.8 normal normal normal
2018-12-12__19:46:07 gpx-deepin GNU/Linux 4.15.0-29deepin-generic up_4_hours,_2_minutes 0.68 0.68 0.67 242091 55% 7845 28% 29.8 normal normal normal
2018-12-12__19:46:12 gpx-deepin GNU/Linux 4.15.0-29deepin-generic up_4_hours,_2_minutes 0.63 0.67 0.66 242091 55% 7845 28% 29.8 normal normal normal
2018-12-12__19:46:17 gpx-deepin GNU/Linux 4.15.0-29deepin-generic up_4_hours,_2_minutes 1.30 0.81 0.71 242091 55% 7845 28% 29.8 normal normal normal
2018-12-12__19:46:22 gpx-deepin GNU/Linux 4.15.0-29deepin-generic up_4_hours,_2_minutes 1.27 0.81 0.71 242091 55% 7845 28% 29.8 normal normal normal
2018-12-12__19:46:27 gpx-deepin GNU/Linux 4.15.0-29deepin-generic up_4_hours,_2_minutes 1.17 0.80 0.70 242091 55% 7845 28% 29.8 normal normal normal
2018-12-12__19:46:32 gpx-deepin GNU/Linux 4.15.0-29deepin-generic up_4_hours,_2_minutes 1.08 0.78 0.70 242091 55% 7845 28% 29.8 normal nrmal normal
2018-12-12__19:46:37 gpx-deepin GNU/Linux 4.15.0-29deepin-generic up_4_hours,_2_minutes 0.99 0.77 0.70 242091 55% 7845 28% 29.8 normal normal normal
2018-12-12__19:46:42 gpx-deepin GNU/Linux 4.15.0-29deepin-generic up_4_hours,_2_minutes 0.91 0.76 0.69 242091 55% 7845 28% 29.8 normal normal normal
2018-12-12__19:46:47 gpx-deepin GNU/Linux 4.15.0-29deepin-generic up_4_hours,_2_minutes 0.92 0.76 0.70 242091 55% 7845 28% 29.8 normal normal normal
2018-12-12__19:46:52 gpx-deepin GNU/Linux 4.15.0-29deepin-generic up_4_hours,_2_minutes 1.01 0.78 0.70 242091 55% 7845 28% 29.8 normal normal normal
2018-12-12__19:47:02 gpx-deepin GNU/Linux 4.15.0-29deepin-generic up_4_hours,_3_minutes 0.92 0.77 0.70 242091 55% 7845 28% 29.8 normal normal normal
2018-12-12__19:47:07 gpx-deepin GNU/Linux 4.15.0-29deepin-generic up_4_hours,_3_minutes 0.85 0.76 0.70 242091 55% 7845 28% 29.8 normal normal normal
2018-12-12__19:47:12 gpx-deepin GNU/Linux 4.15.0-29deepin-generic up_4_hours,_3_minutes 0.78 0.75 0.69 242091 55% 785 28% 29.8 normal normal normal
2018-12-12__19:47:17 gpx-deepin GNU/Linux 4.15.0-29deepin-generic up_4_hours,_3_minutes 0.80 0.75 0.69 242091 55% 7845 28% 29.8 normal normal normal
2018-12-12__19:49:09 gpx-deepin GNU/Linux 4.15.0-29deepin-generic up_4_hours,_5_minutes 0.54 0.65 0.66 242091 55% 7845 28% 29.8 normal normal normal
2018-12-12__19:49:14 gpx-deepin GNU/Linux 4.15.0-29deepin-generic up_4_hours,_5_minutes 0.50 0.64 0.66 242091 55% 7845 28% 29.8 normal normal normal
2018-12-12__19:51:04 gpx-deepin GNU/Linux 4.15.0-29deepin-generic up_4_hours,_7_minutes 0.41 0.58 0.63 242091 55% 7845 29% 29.8 normal normal normal
2018-12-12__19:51:09 gpx-deepin GNU/Linux 4.15.0-29deepin-generic up_4_hours,_7_minutes 0.37 0.57 0.63 242091 55% 7845 29% 29.8 normal normal normal
2018-12-12__19:52:35 gpx-deepin GNU/Linux 4.15.0-29deepin-generic up_4_hours,_8_minutes 0.31 0.49 0.59 242091 55% 7845 28% 29.8 normal normal normal
2018-12-12__19:52:40 gpx-deepin GNU/Linux 4.15.0-29deepin-generic up_4_hours,_8_minutes 0.37 0.5 0.60 242091 55% 7845 28% 29.8 normal normal normal
2018-12-12__19:52:45 gpx-deepin GNU/Linux 4.15.0-29deepin-generic up_4_hours,_8_minutes 0.34 0.49 0.59 242091 55% 7845 28% 29.8 normal normal normal
2018-12-12__19:57:00 gpx-deepin GNU/Linux 4.15.0-29deepin-generic up_4_hours,_13_minutes 0.79 0.64 0.63 242091 55% 7845 28% 29.8 normal normal normal
2018-12-12__19:57:05 gpx-deepin GNU/Linux 4.15.0-29deepin-generic up_4_hours,_13_minutes 0.73 0.63 0.62 242091 55% 7845 28% 29.8 normal normal normal
018-12-12__19:57:10 gpx-deepin GNU/Linux 4.15.0-29deepin-generic up_4_hours,_13_minutes 0.75 0.64 0.63 242091 55% 7845 28% 29.8 normal normal normal
018-12-12__19:57:15 gpx-deepin GNU/Linux 4.15.0-29deepin-generic up_4_hours,_13_minutes 0.69 0.62 0.62 242091 55% 7845 28% 29.8 normal normal normal
018-12-12__19:57:20 gpx-deepin GNU/Linux 4.15.0-29deepin-generic up_4_hours,_13_minutes 0.63 0.61 0.62 242091 55% 7845 28% 29.8 normal normal normal
018-12-12__19:57:25 gpx-deepin GNU/Linux 4.15.0-29deepin-generic up_4_hours,_13_minutes 0.66 0.62 0.62 242091 55% 7845 28% 29.8 normal normal normal
018-12-12__20:04:42 gpx-deepin GNU/Linux 4.15.0-29deepin-generic up_4_hours,_20_minutes 0.35 0.48 0.57 242091 55% 7845 28% 29.8 normal normal normal
2018-12-12__20:04:47 gpx-deepin GNU/Linux 4.15.0-29deepin-generic up_4_hours,_20_minutes 0.56 0.52 0.58 242091 55% 7845 28% 29.8 normal normal normal
2018-12-12__20:27:59 gpx-deepin GNU/Linux 4.15.0-29deepin-generic up_4_hours,_44_minutes 0.40 0.54 0.60 242091 55% 7845 28% 29.8 normal normal normal
2018-12-12__20:28:04 gpx-deepin GNU/Linux 4.15.0-29deepin-generic up_4_hours,_44_minutes 0.37 0.53 0.60 242091 55% 7845 28% 29.8 normal normal normal
2018-12-12__20:32:00 gpx-deepin GNU/Linux 4.15.0-29deepin-generic up_4_hours,_48_minutes 0.45 0.48 0.56 242091 55% 7845 28% 29.8 normal normal normal
018-12-12__20:32:05 gpx-deepin GNU/Linux 4.15.0-29deepin-generic up_4_hours,_48_minutes 0.50 0.49 0.56 242091 55% 7845 28% 29.8 normal normal normal
018-12-12__20:32:10 gpx-deepin GNU/Linux 4.15.0-29deepin-generic up_4_hours,_48_minutes 0.46 0.48 0.56 242091 55% 7845 28% 29.8 normal normal normal
018-12-12__20:32:15 gpx-deepin GNU/Linux 4.15.0-29deepin-generic up_4_hours,_48_minutes 0.42 0.48 0.56 242091 55% 7845 28% 29.8 normal normal normal
018-12-12__20:32:20 gpx-deepin GNU/Linux 4.15.0-29deepin-generic up_4_hours,_48_minutes 0.39 0.47 0.55 242091 55% 7845 28% 29.8 normal normal normal
018-12-12__20:32:25 gpx-deepin GNU/Linux 4.15.0-29deepin-generic up_4_hours,_48_minutes 0.36 0.46 0.55 242091 55% 7845 28% 29.8 normal normal normal
018-12-12__20:32:30 gpx-deepin GNU/Linux 4.15.0-29deepin-generic up_4_hours,_48_minutes 0.41 0.47 0.55 242091 55% 7845 28% 29.8 normal normal normal
018-12-12__20:32:35 gpx-deepin GNU/Linux 4.15.0-29deepin-generic up_4_hours,_48_minutes 0.54 0.49 0.56 242091 55% 7845 28% 29.8 normal normal normal
018-12-12__20:32:40 gpx-deepin GNU/Linux 4.15.0-29deepin-generic up_4_hours,_48_minutes 0.57 0.50 0.56 242091 55% 7845 28% 29.8 normal normal normal
018-12-12__20:35:15 gpx-deepin GNU/Linux 4.15.0-29deepin-generic up_4_hours,_51_minutes 0.25 0.43 0.52 242091 55% 7845 28% 29.8 normal normal normal
018-12-12__20:35:20 gpx-deepin GNU/Linux 4.15.0-29deepin-generic up_4_hours,_51_minutes 0.31 0.44 0.53 242091 55% 7845 28% 29.8 normal normal normal
018-12-12__20:35:25 gpx-deepin GNU/Linux 4.15.0-29deepin-generic up_4_hours,_51_minutes 0.28 0.43 0.52 242091 55% 7845 28% 29.8 normal normal normal
018-12-12__20:35:30 gpx-deepin GNU/Linux 4.15.0-29deepin-generic up_4_hours,_51_minutes 0.34 0.44 0.53 242091 55% 7845 28% 29.8 normal normal normal
018-12-12__20:35:35 gpx-deepin GNU/Linux 4.15.0-29deepin-generic up_4_hours,_51_minutes 0.31 0.43 0.52 242091 55% 7845 28% 29.8 normal normal normal
018-12-12__20:37:24 gpx-deepin GNU/Linux 4.15.0-29deepin-generic up_4_hours,_53_minutes 0.52 0.46 0.52 242091 55% 7845 28% 29.8 normal normal normal
018-12-12__20:37:29 gpx-deepin GNU/Linux 4.15.0-29deepin-generic up_4_hours,_53_minutes 0.47 0.45 0.52 242091 55% 7845 28% 29.8 normal normal normal
018-12-12__20:37:34 gpx-deepin GNU/Linux 4.15.0-29deepin-generic up_4_hours,_53_minutes 0.44 0.44 0.52 242091 55% 7845 28% 29.8 normal normal normal
018-12-12__20:37:39 gpx-deepin GNU/Linux 4.15.0-29deepin-generic up_4_hours,_53_minutes 0.40 0.43 0.51 242091 55% 7845 28% 29.8 normal normal normal
018-12-12__20:37:44 gpx-deepin GNU/Linux 4.15.0-29deepin-generic up_4_hours,_53_minutes 0.37 0.43 0.51 242091 55% 7845 28% 29.8 normal normal normal
018-12-12__20:37:49 gpx-deepin GNU/Linux 4.15.0-29deepin-generic up_4_hours,_53_minutes 0.34 0.42 0.51 242091 55% 7845 28% 29.8 normal normal normal
018-12-12__20:37:54 gpx-deepin GNU/Linux 4.15.0-29deepin-generic up_4_hours,_53_minutes 0.31 0.41 0.50 242091 55% 7845 28% 29.8 normal normal normal
018-12-12__20:37:59 gpx-deepin GNU/Linux 4.15.0-29deepin-generic up_4_hours,_54_minutes 0.29 0.40 0.50 242091 55% 7845 28% 29.8 normal normal normal
018-12-12__20:39:56 gpx-deepin GNU/Linux 4.15.0-29deepin-generic up_4_hours,_56_minutes 0.24 0.36 0.47 242091 55% 7845 28% 29.8 normal normal normal
018-12-12__20:40:01 gpx-deepin GNU/Linux 4.15.0-29deepin-generic up_4_hours,_56_minutes 0.22 0.36 0.47 242091 55% 7845 28% 29.8 normal normal normal
2018-12-12__20:40:06 gpx-deepin GNU/Linux 4.15.0-29deepin-generic up_4_hours,_56_minutes 0.21 0.35 0.46 242091 55% 7845 28% 29.8 normal normal normal
2018-12-12__20:40:11 gpx-deepin GNU/Linux 4.15.0-29deepin-generic up_4_hours,_56_minutes 0.19 0.34 0.46 242091 55% 7845 28% 29.8 normal normal normal
2018-12-12__20:40:16 gpx-deepin GNU/Linux 4.15.0-29deepin-generic up_4_hours,_56_minutes 0.25 0.35 0.46 242091 55% 7845 28% 29.8 normal normal normal
2018-12-12__20:40:21 gpx-deepin GNU/Linux 4.15.0-29deepin-generic up_4_hours,_56_minutes 0.23 0.35 0.46 242091 55% 7845 28% 29.8 normal normal normal
2018-12-12__20:40:26 gpx-deepin GNU/Linux 4.15.0-29deepin-generic up_4_hours,_56_minutes 0.21 0.34 0.46 242091 55% 7845 28% 29.8 normal normal normal
2018-12-12__20:40:31 gpx-deepin GNU/Linux 4.15.0-29deepin-generic up_4_hours,_56_minutes 0.20 0.34 0.46 242091 55% 7845 28%29.8 normal normal normal
2018-12-12__20:40:36 gpx-deepin GNU/Linux 4.15.0-29deepin-generic up_4_hours,_56_minutes 0.18 0.33 0.45 242091 55% 7845 28% 29.8 normal normal normal
2018-12-12__20:40:41 gpx-deepin GNU/Linux 4.15.0-29deepin-generic up_4_hours,_56_minutes 0.17 0.32 0.45 242091 55% 7845 28% 29.8 normal normal normal
2018-12-12__20:40:47 gpx-deepin GNU/Linux 4.15.0-29deepin-generic up_4_hours,_56_minutes 0.15 0.32 0.45 242091 55% 7845 28% 29.8 normal normal normal
2018-12-12__20:40:52 gpx-deepin GNU/Linux 4.15.0-29deepin-generic up_4_hours,_56_minutes 0.14 0.31 0.45 242091 55% 7845 28% 29.8 normal normal normal
2018-12-12__20:40:57 gpx-deepin GNU/Linux 4.15.0-29deepin-generic up_4_hours,_57_minutes 0.13 0.31 0.44 242091 55% 7845 28% 29.8 normal normal normal
2018-12-12__20:41:02 gpx-deepin GNU/Linux 4.15.0-29deepin-generic up_4_hours,_57_minutes 0.20 0.32 0.45 242091 55% 7845 28% 29.8 normal normal normal
2018-12-12__20:41:07 gpx-deepin GNU/Linux 4.15.0-29deepin-generic up_4_hours,_57_minutes 0.18 0.1 0.44 242091 55% 7845 28% 29.8 normal normal normal
2018-12-12__20:41:12 gpx-deepin GNU/Linux 4.15.0-29deepin-generic up_4_hours,_57_minutes 0.25 0.33 0.45 242091 55% 7845 28% 29.8 normal normal normal
2018-12-12__20:41:17 gpx-deepin GNU/Linux 4.15.0-29deepin-generic up_4_hours,_57_minutes 0.23 0.32 0.45 242091 55% 7845 28% 29.8 normal normal normal
2018-12-12__20:41:22 gpx-deepin GNU/Linux 4.15.0-29deepin-generic up_4_hours,_57_minutes 0.29 0.33 0.45 242091 55% 7845 28% 29.8 normal normal normal
2018-12-12__20:41:27 gpx-deepin GNU/Linux 4.15.0-29deepin-generic up_4_hours,_57_minutes 0.35 0.34 0.45 242091 55% 7845 28% 29.8 normal normal normal
2018-12-12__20:41:32 gpx-deepin GNU/Linux 4.15.0-29deepin-generic up_4_hours,_57_minutes 0.40 0.35 0.46 242091 55% 7845 28% 29.8 normal normal normal
2018-12-12__20:41:37 gpx-deepin GNU/Linux 4.15.0-29deepin-generic up_4_hours,_57_minutes 0.45 0.37 0.46 242091 55% 7845 28% 29.8 normal normal normal
2018-12-12__20:41:42 gpx-deepin GNU/Linux 4.15.0-29deepin-generic up__hours,_57_minutes 0.41 0.36 0.46 242091 55% 7845 28% 29.8 normal normal normal
2018-12-12__20:41:47 gpx-deepin GNU/Linux 4.15.0-29deepin-generic up_4_hours,_57_minutes 0.38 0.35 0.45 242091 55% 7845 28% 29.8 normal normal normal
2018-12-12__20:41:52 gpx-deepin GNU/Linux 4.15.0-29deepin-generic up_4_hours,_57_minutes 0.35 0.35 0.45 242091 55% 7845 28% 29.8 normal normal normal
2018-12-12__20:41:57 gpx-deepin GNU/Linux 4.15.0-29deepin-generic up_4_hours,_58_minutes 0.64 0.41 0.47 242091 55% 7845 28% 29.8 normal normal normal
2018-12-12__20:42:02 gpx-deepin GNU/Linux 4.15.0-29deepin-generic up_4_hours,_58_minutes 0.75 0.43 0.48 242091 55% 7845 28% 29.8 normal normal normal
2018-12-12__20:42:07 gpx-deepin GNU/Linux 4.15.0-29deepin-generic up_4_hours,_58_minutes 0.77 0.44 0.48 242091 55% 7845 28% 29.8 normal normal normal
2018-12-12__20:42:12 gpx-deepin GNU/Linux 4.15.0-29deepin-generic up_4_hours,_58_minutes 0.71 0.44 0.48 242091 55% 7845 28% 29.8 normal normal normal
2018-12-12__20:43:54 gpx-deepin GNU/Linux .15.0-29deepin-generic up_4_hours,_59_minutes 0.44 0.41 0.46 242091 55% 7845 28% 29.8 normal normal normal
018-12-12__20:43:59 gpx-deepin GNU/Linux 4.15.0-29deepin-generic up_5_hours 0.40 0.40 0.46 242091 55% 7845 28% 29.8 normal normal normal
2018-12-12__20:44:04 gpx-deepin GNU/Linux 4.15.0-29deepin-generic up_5_hours 0.37 0.40 0.45 242091 55% 7845 28% 29.8 normal normal normal
2018-12-12__20:44:09 gpx-deepin GNU/Linux 4.15.0-29deepin-generic up_5_hours 0.34 0.39 0.45 242091 55% 7845 28% 29.8 normal normal normal
2018-12-12__20:44:14 gpx-deepin GNU/Linux 4.15.0-29deepin-generic up_5_hours 0.31 0.38 0.45 242091 55% 7845 28% 29.8 normal normal normal
2018-12-12__20:44:19 gpx-deepin GNU/Linux 4.15.0-29deepin-generic up_5_hours 0.37 0.39 0.45 242091 55% 7845 28% 29.8 normal normal normal
2018-12-12__20:44:24 gpx-deepin GNU/Linux 4.15.0-29deepin-generic up_5_hours 0.34 0.39 0.45 242091 55% 7845 28% 29.8 normal normal normal
2018-12-12__20:44:29 gpx-deepin GNU/Linux 4.15.0-29deepin-generic up_5_hours 0.31 0.38 0.45 242091 55% 7845 28% 29.8 normal normal normal
2018-12-12__20:44:34 gpx-deepin GNU/Linux 4.15.0-29deepingeneric up_5_hours 0.28 0.37 0.45 242091 55% 7845 28% 29.8 normal normal normal
2018-12-12__20:44:39 gpx-deepin GNU/Linux 4.15.0-29deepin-generic up_5_hours 0.26 0.37 0.44 242091 55% 7845 28% 29.8 normal normal normal
2018-12-12__20:44:44 gpx-deepin GNU/Linux 4.15.0-29deepin-generic up_5_hours 0.32 0.38 0.45 242091 55% 7845 28% 29.8 normal normal normal
2018-12-12__20:44:49 gpx-deepin GNU/Linux 4.15.0-29deepin-generic up_5_hours 0.30 0.37 0.44 242091 55% 7845 28% 29.8 normal normal normal
2018-12-12__20:44:54 gpx-deepin GNU/Linux 4.15.0-29deepin-generic up_5_hours 0.35 0.38 0.45 242091 55% 7845 28% 29.8 normal normal normal
2018-12-12__20:48:56 gpx-deepin GNU/Linux 4.15.0-29deepin-generic up_5_hours,_5_minutes 0.48 0.46 0.47 242091 55% 7845 28% 29.8 normal normal normal
018-12-12__20:49:01 gpx-deepin GNU/Linux 4.15.0-29deepin-generic up_5_hours,_5_minutes 0.44 0.45 0.46 242091 55% 7845 28% 29.8 normal normal normal
2018-12-12__20:49:06 gpx-deepin GNU/Linux 4.15.0-29deepin-generic up_5_hours,_5_minutes 0.48 0.46 0.47 242091 55% 7845 28% 29.8 normal normal normal
2018-12-12__20:49:11 gpx-deepin GNU/Linux 4.15.0-29deepin-generic up_5_hours,_5_minutes 0.44 0.46 0.46 242091 55% 7845 28% 29.8 normal normal normal
2018-12-12__20:49:16 gpx-deepin GNU/Linux 4.15.0-29deepin-generic up_5_hours,_5_minutes 0.49 0.47 0.47 242091 55% 7845 28% 29.8 normal normal normal
2018-12-12__20:49:21 gpx-deepin GNU/Linux 4.15.0-29deepin-generic up_5_hours,_5_minutes 0.45 0.46 0.46 242091 55% 7845 28% 29.8 normal normal normal
2018-12-12__20:54:16 gpx-deepin GNU/Linux 4.15.0-29deepin-generic up_5_hours,_10_minutes 0.24 0.38 0.43 242091 55% 7845 28% 29.8 normal normal normal
018-12-12__20:54:21 gpx-deepin GNU/Linux 4.15.0-29deepin-generic up_5_hours,_10_minutes 0.22 0.38 0.43 242091 55% 7845 28% 29.8 normal normal normal
2018-12-12__20:54:26 gpx-deepin GNU/Linux 4.15.0-29deepin-generic up_5_hours,_10_minutes 0.36 0.40 0.44 242091 55% 7845 28% 29.8 normal normal normal
2018-12-12__20:54:31 gpx-deepin GNU/Linux 4.15.0-29deepin-generic up_5_hours,_10_minutes 0.33 0.40 0.43 242091 55% 7845 28% 29.8 normal normal normal
2018-12-12__20:54:36 gpx-deepin GNU/Linux 4.15.0-29deepin-generic up_5_hours,_10_minutes 0.31 0.39 0.43 242091 55% 7845 28% 29.8 normal normal normal
2018-12-12__20:54:41 gpx-deepin GNU/Linux 4.15.0-29deepin-generic up_5_hours,_10_minutes 0.36 0.40 0.44 242091 55% 7845 28% 29.8 normal normal normal
2018-12-12__21:01:54 gpx-deepin GNU/Linux 4.15.0-29deepin-generic up_5_hours,_17_minutes 0.75 0.58 0.50 242091 55% 7845 29% 29.8 normal normal normal
018-12-12__21:01:59 gpx-deepin GNU/Linux 4.15.0-29deepin-generic up_5_hours,_18_minutes 0.77 0.59 0.51 242091 55% 7845 29% 29.8 normal normal normal
2018-12-12__21:02:04 gpx-deepin GNU/Linux 4.15.0-29deepin-generic up_5_hours,_18_minutes 0.71 0.58 0.50 242091 55% 7845 29% 29.8 normal normal normal
2018-12-12__21:02:09 gpx-deepin GNU/Linux 4.15.0-29deepin-generic up_5_hours,_18_minutes 0.73 0.58 0.51 242091 55% 7845 29% 29.8 normal normal normal
2018-12-12__21:02:14 gpx-deepin GNU/Linux 4.15.0-29deepin-generic up_5_hours,_18_minutes 0.75 0.59 0.51 242091 55% 7845 29% 29.8 normal normal normal
2018-12-12__21:02:19 gpx-deepin GNU/Linux 4.15.0-29deepin-generic up_5_hours,_18_minutes 0.77 0.60 0.51 242091 55% 7845 29% 29.8 normal normal normal
2018-12-12__21:02:24 gpx-deepin GNU/Linux 4.15.0-29deepin-generic up_5_hours,_18_minutes 0.71 0.59 0.51 242091 55% 7845 29% 29.8 normal normal normal
2018-12-12__21:04:21 gpx-deepin GNU/Linux 4.15.0-29deepin-generic up_5_hours,_20_minutes 0.63 0.71 0.57 242091 55% 7845 29%29.8 normal normal normal
018-12-12__21:04:26 gpx-deepin GNU/Linux 4.15.0-29deepin-generic up_5_hours,_20_minutes 0.74 0.74 0.58 242091 55% 7845 29% 29.8 normal normal normal
018-12-12__21:04:31 gpx-deepin GNU/Linux 4.15.0-29deepin-generic up_5_hours,_20_minutes 0.68 0.72 0.58 242091 55% 7845 29% 29.8 normal normal normal
018-12-12__21:04:36 gpx-deepin GNU/Linux 4.15.0-29deepin-generic up_5_hours,_20_minutes 0.62 0.71 0.57 242091 55% 7845 29% 29.8 normal normal normal
018-12-12__21:04:41 gpx-deepin GNU/Linux 4.15.0-29deepin-generic up_5_hours,_20_minutes 0.57 0.70 0.57 242091 55% 7845 29% 29.8 normal normal normal
018-12-12__21:04:46 gpx-deepin GNU/Linux 4.15.0-29deepin-generic up_5_hours,_20_minutes 0.53 0.69 0.56 242091 55% 7845 29% 29.8 normal normal normal
018-12-12__21:04:51 gpx-deepin GNU/Linux 4.15.0-29deepin-generic up_5_hours,_20_minutes 0.57 0.69 0.57 242091 55% 7845 31% 29.8 normal normal normal
018-12-12__21:04:57 gpx-deepin GNU/Linux 4.15.0-29deepin-generic up_5_hours,_21_minutes 0.60 0.70 0.57 242091 55% 7845 30% 29.8 normal normal normal
018-12-12__21:05:02 gpx-deepin GNU/Linux 4.15.0-29deepin-generic up_5_hours,_21_minutes 0.55 0.69 0.57 242091 55% 7845 30% 29.8 normal normal normal
018-12-12__21:05:07 gpx-deepin GNU/Linux 4.15.0-29deepin-generic up_5_hours,_21_minutes 0.67 0.71 0.57 242091 55% 7845 30% 29.8 normal normal normal
